

Microchip Technology PIC18 LITE Macro Assembler V1.45 build -152302408 
                                                                                               Wed Dec 11 11:55:13 2019

Microchip Technology Omniscient Code Generator v1.45 (Free mode) build 201711160504
     1                           	processor	18F4550
     2                           	fnconf	rparam,??,?,0
     3                           	opt	pw 120
     4                           	opt	lm
     5                           	psect	cinit,global,reloc=2,class=CODE,delta=1
     6                           	psect	cstackCOMRAM,global,class=COMRAM,space=1,delta=1,noexec
     7                           	psect	text0,global,reloc=2,class=CODE,delta=1
     8                           	psect	text1,global,reloc=2,class=CODE,delta=1
     9                           	psect	text2,global,reloc=2,class=CODE,delta=1,group=1
    10                           	psect	text3,global,reloc=2,class=CODE,delta=1,group=1
    11                           	psect	intsave_regs,global,class=BIGRAM,space=1,delta=1,noexec
    12                           	psect	rparam,global,class=COMRAM,space=1,delta=1,noexec
    13  0000                     
    14                           ; Version 1.45 (B)
    15                           ; Generated 30/01/2018 GMT
    16                           ; 
    17                           ; Copyright © 2018, Microchip Technology Inc. and its subsidiaries ("Microchip")
    18                           ; All rights reserved.
    19                           ; 
    20                           ; This software is developed by Microchip Technology Inc. and its subsidiaries ("Microch
      +                          ip").
    21                           ; 
    22                           ; Redistribution and use in source and binary forms, with or without modification, are
    23                           ; permitted provided that the following conditions are met:
    24                           ; 
    25                           ;     1. Redistributions of source code must retain the above copyright notice, this lis
      +                          t of
    26                           ;        conditions and the following disclaimer.
    27                           ; 
    28                           ;     2. Redistributions in binary form must reproduce the above copyright notice, this 
      +                          list
    29                           ;        of conditions and the following disclaimer in the documentation and/or other
    30                           ;        materials provided with the distribution.
    31                           ; 
    32                           ;     3. Microchip's name may not be used to endorse or promote products derived from th
      +                          is
    33                           ;        software without specific prior written permission.
    34                           ; 
    35                           ; THIS SOFTWARE IS PROVIDED BY MICROCHIP "AS IS" AND ANY EXPRESS OR IMPLIED WARRANTIES,
    36                           ; INCLUDING, BUT NOT LIMITED TO, THE IMPLIED WARRANTIES OF MERCHANTABILITY AND FITNESS F
      +                          OR
    37                           ; PURPOSE ARE DISCLAIMED.  IN NO EVENT SHALL MICROCHIP BE LIABLE FOR ANY DIRECT, INDIREC
      +                          T,
    38                           ; INCIDENTAL, SPECIAL, EXEMPLARY, OR CONSEQUENTIAL DAMAGES (INCLUDING BUT NOT LIMITED TO
    39                           ; PROCUREMENT OF SUBSTITUTE GOODS OR SERVICES; LOSS OF USE, DATA OR PROFITS; OR BUSINESS
    40                           ; INTERRUPTION) HOWSOEVER CAUSED AND ON ANY THEORY OF LIABILITY, WHETHER IN CONTRACT, ST
      +                          RICT
    41                           ; LIABILITY, OR TORT (INCLUDING NEGLIGENCE OR OTHERWISE) ARISING IN ANY WAY OUT OF THE U
      +                          SE OF
    42                           ; THIS SOFTWARE, EVEN IF ADVISED OF THE POSSIBILITY OF SUCH DAMAGE.
    43                           ; 
    44                           ; 
    45                           ; Code-generator required, PIC18F4550 Definitions
    46                           ; 
    47                           ; SFR Addresses
    48  0000                     _INTCONbits	set	4082
    49  0000                     _PIR1bits	set	3998
    50  0000                     _ADCON1	set	4033
    51  0000                     _ADCON2	set	4032
    52  0000                     _ADCON0	set	4034
    53  0000                     _PIE1bits	set	3997
    54  0000                     _ADCON0bits	set	4034
    55  0000                     _LATBbits	set	3978
    56  0000                     _LATB	set	3978
    57  0000                     _LATE	set	3981
    58  0000                     _LATD	set	3980
    59  0000                     _TRISE	set	3990
    60  0000                     _TRISD	set	3989
    61  0000                     _TRISC	set	3988
    62  0000                     _TRISB	set	3987
    63  0000                     _TRISA	set	3986
    64                           
    65                           ; #config settings
    66  0000                     
    67                           	psect	cinit
    68  007F34                     __pcinit:
    69                           	opt stack 0
    70  007F34                     start_initialization:
    71                           	opt stack 0
    72  007F34                     __initialization:
    73                           	opt stack 0
    74  007F34                     end_of_initialization:
    75                           	opt stack 0
    76  007F34                     __end_of__initialization:
    77                           	opt stack 0
    78  007F34  0100               	movlb	0
    79  007F36  EFB6  F03F         	goto	_main	;jump to C main() function
    80                           
    81                           	psect	cstackCOMRAM
    82  000001                     __pcstackCOMRAM:
    83                           	opt stack 0
    84  000001                     OpenADC@config2:
    85                           	opt stack 0
    86                           
    87                           ; 1 bytes @ 0x0
    88  000001                     	ds	1
    89  000002                     OpenADC@portconfig:
    90                           	opt stack 0
    91                           
    92                           ; 1 bytes @ 0x1
    93  000002                     	ds	1
    94  000003                     ??_OpenADC:
    95                           
    96                           ; 1 bytes @ 0x2
    97  000003                     	ds	2
    98  000005                     OpenADC@config:
    99                           	opt stack 0
   100                           
   101                           ; 1 bytes @ 0x4
   102  000005                     	ds	1
   103  000006                     ??_main:
   104                           
   105                           ; 1 bytes @ 0x5
   106  000006                     	ds	2
   107                           
   108 ;;
   109 ;;Main: autosize = 0, tempsize = 2, incstack = 0, save=0
   110 ;;
   111 ;; *************** function _main *****************
   112 ;; Defined at:
   113 ;;		line 10 in file "main.c"
   114 ;; Parameters:    Size  Location     Type
   115 ;;		None
   116 ;; Auto vars:     Size  Location     Type
   117 ;;		None
   118 ;; Return value:  Size  Location     Type
   119 ;;                  1    wreg      void 
   120 ;; Registers used:
   121 ;;		wreg, status,2, status,0, cstack
   122 ;; Tracked objects:
   123 ;;		On entry : 0/0
   124 ;;		On exit  : 0/0
   125 ;;		Unchanged: 0/0
   126 ;; Data sizes:     COMRAM   BANK0   BANK1   BANK2   BANK3   BANK4   BANK5   BANK6   BANK7
   127 ;;      Params:         0       0       0       0       0       0       0       0       0
   128 ;;      Locals:         0       0       0       0       0       0       0       0       0
   129 ;;      Temps:          2       0       0       0       0       0       0       0       0
   130 ;;      Totals:         2       0       0       0       0       0       0       0       0
   131 ;;Total ram usage:        2 bytes
   132 ;; Hardware stack levels required when called:    2
   133 ;; This function calls:
   134 ;;		_systemInit
   135 ;; This function is called by:
   136 ;;		Startup code after reset
   137 ;; This function uses a non-reentrant model
   138 ;;
   139                           
   140                           	psect	text0
   141  007F6C                     __ptext0:
   142                           	opt stack 0
   143  007F6C                     _main:
   144                           	opt stack 29
   145                           
   146                           ;main.c: 12: systemInit();
   147                           
   148                           ;incstack = 0
   149  007F6C  EC9D  F03F         	call	_systemInit	;wreg free
   150  007F70                     
   151                           ;main.c: 16: LATBbits.LATB7=1;
   152  007F70  8E8A               	bsf	3978,7,c	;volatile
   153                           
   154                           ;main.c: 17: _delay((unsigned long)((250)*(4000000/4000.0)));
   155  007F72  0E02               	movlw	2
   156  007F74  6E07               	movwf	(??_main+1)& (0+255),c
   157  007F76  0E45               	movlw	69
   158  007F78  6E06               	movwf	??_main& (0+255),c
   159  007F7A  0EAA               	movlw	170
   160  007F7C                     u37:
   161  007F7C  2EE8               	decfsz	wreg,f,c
   162  007F7E  D7FE               	bra	u37
   163  007F80  2E06               	decfsz	??_main& (0+255),f,c
   164  007F82  D7FC               	bra	u37
   165  007F84  2E07               	decfsz	(??_main+1)& (0+255),f,c
   166  007F86  D7FA               	bra	u37
   167                           
   168                           ;main.c: 18: LATBbits.LATB7=0;
   169  007F88  9E8A               	bcf	3978,7,c	;volatile
   170                           
   171                           ;main.c: 19: _delay((unsigned long)((250)*(4000000/4000.0)));
   172  007F8A  0E02               	movlw	2
   173  007F8C  6E07               	movwf	(??_main+1)& (0+255),c
   174  007F8E  0E45               	movlw	69
   175  007F90  6E06               	movwf	??_main& (0+255),c
   176  007F92  0EAA               	movlw	170
   177  007F94                     u47:
   178  007F94  2EE8               	decfsz	wreg,f,c
   179  007F96  D7FE               	bra	u47
   180  007F98  2E06               	decfsz	??_main& (0+255),f,c
   181  007F9A  D7FC               	bra	u47
   182  007F9C  2E07               	decfsz	(??_main+1)& (0+255),f,c
   183  007F9E  D7FA               	bra	u47
   184  007FA0  D7E7               	goto	l34
   185  007FA2                     __end_of_main:
   186                           	opt stack 0
   187                           wreg	equ	0xFE8
   188                           
   189 ;; *************** function _systemInit *****************
   190 ;; Defined at:
   191 ;;		line 81 in file "hcm.c"
   192 ;; Parameters:    Size  Location     Type
   193 ;;		None
   194 ;; Auto vars:     Size  Location     Type
   195 ;;		None
   196 ;; Return value:  Size  Location     Type
   197 ;;                  1    wreg      void 
   198 ;; Registers used:
   199 ;;		wreg, status,2, status,0, cstack
   200 ;; Tracked objects:
   201 ;;		On entry : 0/0
   202 ;;		On exit  : 0/0
   203 ;;		Unchanged: 0/0
   204 ;; Data sizes:     COMRAM   BANK0   BANK1   BANK2   BANK3   BANK4   BANK5   BANK6   BANK7
   205 ;;      Params:         0       0       0       0       0       0       0       0       0
   206 ;;      Locals:         0       0       0       0       0       0       0       0       0
   207 ;;      Temps:          0       0       0       0       0       0       0       0       0
   208 ;;      Totals:         0       0       0       0       0       0       0       0       0
   209 ;;Total ram usage:        0 bytes
   210 ;; Hardware stack levels used:    1
   211 ;; Hardware stack levels required when called:    1
   212 ;; This function calls:
   213 ;;		_CloseADC
   214 ;;		_OpenADC
   215 ;; This function is called by:
   216 ;;		_main
   217 ;; This function uses a non-reentrant model
   218 ;;
   219                           
   220                           	psect	text1
   221  007F3A                     __ptext1:
   222                           	opt stack 0
   223  007F3A                     _systemInit:
   224                           	opt stack 29
   225                           
   226                           ;hcm.c: 83: TRISA = 0b11111111;
   227                           
   228                           ;incstack = 0
   229  007F3A  6892               	setf	3986,c	;volatile
   230                           
   231                           ;hcm.c: 84: TRISB = 0b00000000;
   232  007F3C  0E00               	movlw	0
   233  007F3E  6E93               	movwf	3987,c	;volatile
   234                           
   235                           ;hcm.c: 85: TRISC = 0b10000111;
   236  007F40  0E87               	movlw	135
   237  007F42  6E94               	movwf	3988,c	;volatile
   238                           
   239                           ;hcm.c: 86: TRISD = 0b00000000;
   240  007F44  0E00               	movlw	0
   241  007F46  6E95               	movwf	3989,c	;volatile
   242                           
   243                           ;hcm.c: 87: TRISE = 0b11111000;
   244  007F48  0EF8               	movlw	248
   245  007F4A  6E96               	movwf	3990,c	;volatile
   246                           
   247                           ;hcm.c: 89: LATD = 0x00;
   248  007F4C  0E00               	movlw	0
   249  007F4E  6E8C               	movwf	3980,c	;volatile
   250                           
   251                           ;hcm.c: 90: LATE = 0x00;
   252  007F50  0E00               	movlw	0
   253  007F52  6E8D               	movwf	3981,c	;volatile
   254                           
   255                           ;hcm.c: 91: LATB = 0x00;
   256  007F54  0E00               	movlw	0
   257  007F56  6E8A               	movwf	3978,c	;volatile
   258                           
   259                           ;hcm.c: 93: OpenADC(0x00,0x00,0b11111111);
   260  007F58  0E00               	movlw	0
   261  007F5A  6E01               	movwf	OpenADC@config2,c
   262  007F5C  0EFF               	movlw	255
   263  007F5E  6E02               	movwf	OpenADC@portconfig,c
   264  007F60  0E00               	movlw	0
   265  007F62  ECD1  F03F         	call	_OpenADC
   266                           
   267                           ;hcm.c: 94: CloseADC();
   268  007F66  EC97  F03F         	call	_CloseADC	;wreg free
   269  007F6A  0012               	return		;funcret
   270  007F6C                     __end_of_systemInit:
   271                           	opt stack 0
   272                           wreg	equ	0xFE8
   273                           
   274 ;; *************** function _OpenADC *****************
   275 ;; Defined at:
   276 ;;		line 68 in file "/Applications/microchip/xc8/v1.45/sources/pic18/plib/ADC/adcopen.c"
   277 ;; Parameters:    Size  Location     Type
   278 ;;  config          1    wreg     unsigned char 
   279 ;;  config2         1    0[COMRAM] unsigned char 
   280 ;;  portconfig      1    1[COMRAM] unsigned char 
   281 ;; Auto vars:     Size  Location     Type
   282 ;;  config          1    4[COMRAM] unsigned char 
   283 ;; Return value:  Size  Location     Type
   284 ;;                  1    wreg      void 
   285 ;; Registers used:
   286 ;;		wreg, status,2, status,0
   287 ;; Tracked objects:
   288 ;;		On entry : 0/0
   289 ;;		On exit  : 0/0
   290 ;;		Unchanged: 0/0
   291 ;; Data sizes:     COMRAM   BANK0   BANK1   BANK2   BANK3   BANK4   BANK5   BANK6   BANK7
   292 ;;      Params:         2       0       0       0       0       0       0       0       0
   293 ;;      Locals:         1       0       0       0       0       0       0       0       0
   294 ;;      Temps:          2       0       0       0       0       0       0       0       0
   295 ;;      Totals:         5       0       0       0       0       0       0       0       0
   296 ;;Total ram usage:        5 bytes
   297 ;; Hardware stack levels used:    1
   298 ;; This function calls:
   299 ;;		Nothing
   300 ;; This function is called by:
   301 ;;		_systemInit
   302 ;; This function uses a non-reentrant model
   303 ;;
   304                           
   305                           	psect	text2
   306  007FA2                     __ptext2:
   307                           	opt stack 0
   308  007FA2                     _OpenADC:
   309                           	opt stack 29
   310                           
   311                           ;incstack = 0
   312                           ;OpenADC@config stored from wreg
   313  007FA2  6E05               	movwf	OpenADC@config,c
   314  007FA4  0E00               	movlw	0
   315  007FA6  6EC2               	movwf	4034,c	;volatile
   316  007FA8  0E00               	movlw	0
   317  007FAA  6EC0               	movwf	4032,c	;volatile
   318  007FAC  90D8               	bcf	status,0,c
   319  007FAE  3001               	rrcf	OpenADC@config2,w,c
   320  007FB0  0B3C               	andlw	60
   321  007FB2  6EC2               	movwf	4034,c	;volatile
   322  007FB4  C001  F003         	movff	OpenADC@config2,??_OpenADC
   323  007FB8  3A03               	swapf	??_OpenADC,f,c
   324  007FBA  0EF0               	movlw	240
   325  007FBC  1603               	andwf	??_OpenADC,f,c
   326  007FBE  0E30               	movlw	48
   327  007FC0  1603               	andwf	??_OpenADC,f,c
   328  007FC2  5002               	movf	OpenADC@portconfig,w,c
   329  007FC4  0B0F               	andlw	15
   330  007FC6  1003               	iorwf	??_OpenADC,w,c
   331  007FC8  6EC1               	movwf	4033,c	;volatile
   332  007FCA  C005  F003         	movff	OpenADC@config,??_OpenADC
   333  007FCE  90D8               	bcf	status,0,c
   334  007FD0  3603               	rlcf	??_OpenADC,f,c
   335  007FD2  90D8               	bcf	status,0,c
   336  007FD4  3603               	rlcf	??_OpenADC,f,c
   337  007FD6  0E38               	movlw	56
   338  007FD8  1603               	andwf	??_OpenADC,f,c
   339  007FDA  C005  F004         	movff	OpenADC@config,??_OpenADC+1
   340  007FDE  3A04               	swapf	??_OpenADC+1,f,c
   341  007FE0  0E0F               	movlw	15
   342  007FE2  1604               	andwf	??_OpenADC+1,f,c
   343  007FE4  0E07               	movlw	7
   344  007FE6  1604               	andwf	??_OpenADC+1,f,c
   345  007FE8  5005               	movf	OpenADC@config,w,c
   346  007FEA  0B80               	andlw	128
   347  007FEC  1004               	iorwf	??_OpenADC+1,w,c
   348  007FEE  1003               	iorwf	??_OpenADC,w,c
   349  007FF0  6EC0               	movwf	4032,c	;volatile
   350  007FF2  AE01               	btfss	OpenADC@config2,7,c
   351  007FF4  D003               	goto	l61
   352  007FF6  9C9E               	bcf	3998,6,c	;volatile
   353  007FF8  8C9D               	bsf	3997,6,c	;volatile
   354  007FFA  8CF2               	bsf	intcon,6,c	;volatile
   355  007FFC                     l61:
   356  007FFC  80C2               	bsf	4034,0,c	;volatile
   357  007FFE  0012               	return		;funcret
   358  008000                     __end_of_OpenADC:
   359                           	opt stack 0
   360                           intcon	equ	0xFF2
   361                           wreg	equ	0xFE8
   362                           status	equ	0xFD8
   363                           
   364 ;; *************** function _CloseADC *****************
   365 ;; Defined at:
   366 ;;		line 23 in file "/Applications/microchip/xc8/v1.45/sources/pic18/plib/ADC/adcclose.c"
   367 ;; Parameters:    Size  Location     Type
   368 ;;		None
   369 ;; Auto vars:     Size  Location     Type
   370 ;;		None
   371 ;; Return value:  Size  Location     Type
   372 ;;                  1    wreg      void 
   373 ;; Registers used:
   374 ;;		None
   375 ;; Tracked objects:
   376 ;;		On entry : 0/0
   377 ;;		On exit  : 0/0
   378 ;;		Unchanged: 0/0
   379 ;; Data sizes:     COMRAM   BANK0   BANK1   BANK2   BANK3   BANK4   BANK5   BANK6   BANK7
   380 ;;      Params:         0       0       0       0       0       0       0       0       0
   381 ;;      Locals:         0       0       0       0       0       0       0       0       0
   382 ;;      Temps:          0       0       0       0       0       0       0       0       0
   383 ;;      Totals:         0       0       0       0       0       0       0       0       0
   384 ;;Total ram usage:        0 bytes
   385 ;; Hardware stack levels used:    1
   386 ;; This function calls:
   387 ;;		Nothing
   388 ;; This function is called by:
   389 ;;		_systemInit
   390 ;; This function uses a non-reentrant model
   391 ;;
   392                           
   393                           	psect	text3
   394  007F2E                     __ptext3:
   395                           	opt stack 0
   396  007F2E                     _CloseADC:
   397                           	opt stack 29
   398                           
   399                           ;incstack = 0
   400  007F2E  90C2               	bcf	4034,0,c	;volatile
   401  007F30  9C9D               	bcf	3997,6,c	;volatile
   402  007F32  0012               	return		;funcret
   403  007F34                     __end_of_CloseADC:
   404                           	opt stack 0
   405  0000                     intcon	equ	0xFF2
   406                           wreg	equ	0xFE8
   407                           status	equ	0xFD8
   408                           intcon	equ	0xFF2
   409                           wreg	equ	0xFE8
   410                           status	equ	0xFD8
   411                           
   412                           	psect	rparam
   413  0000                     intcon	equ	0xFF2
   414                           wreg	equ	0xFE8
   415                           status	equ	0xFD8


Data Sizes:
    Strings     0
    Constant    0
    Data        0
    BSS         0
    Persistent  0
    Stack       0

Auto Spaces:
    Space          Size  Autos    Used
    COMRAM           95      7       7
    BANK0           160      0       0
    BANK1           256      0       0
    BANK2           256      0       0
    BANK3           256      0       0
    BANK4           256      0       0
    BANK5           256      0       0
    BANK6           256      0       0
    BANK7           256      0       0

Pointer List with Targets:

    None.

Critical Paths under _main in COMRAM

    _systemInit->_OpenADC

Critical Paths under _main in BANK0

    None.

Critical Paths under _main in BANK1

    None.

Critical Paths under _main in BANK2

    None.

Critical Paths under _main in BANK3

    None.

Critical Paths under _main in BANK4

    None.

Critical Paths under _main in BANK5

    None.

Critical Paths under _main in BANK6

    None.

Critical Paths under _main in BANK7

    None.

Call Graph Tables:

 ---------------------------------------------------------------------------------
 (Depth) Function   	        Calls       Base Space   Used Autos Params    Refs
 ---------------------------------------------------------------------------------
 (0) _main                                                 2     2      0     306
                                              5 COMRAM     2     2      0
                         _systemInit
 ---------------------------------------------------------------------------------
 (1) _systemInit                                           0     0      0     306
                           _CloseADC
                            _OpenADC
 ---------------------------------------------------------------------------------
 (2) _OpenADC                                              5     3      2     306
                                              0 COMRAM     5     3      2
 ---------------------------------------------------------------------------------
 (2) _CloseADC                                             0     0      0       0
 ---------------------------------------------------------------------------------
 Estimated maximum stack depth 2
 ---------------------------------------------------------------------------------

 Call Graph Graphs:

 _main (ROOT)
   _systemInit
     _CloseADC
     _OpenADC

 Address spaces:
Name               Size   Autos  Total    Cost      Usage
BITCOMRAM           5F      0       0       0        0.0%
EEDATA             100      0       0       0        0.0%
NULL                 0      0       0       0        0.0%
CODE                 0      0       0       0        0.0%
COMRAM              5F      7       7       1        7.4%
STACK                0      0       0       2        0.0%
DATA                 0      0       0       3        0.0%
BITBANK0            A0      0       0       4        0.0%
BANK0               A0      0       0       5        0.0%
BITBANK1           100      0       0       6        0.0%
BANK1              100      0       0       7        0.0%
BITBANK2           100      0       0       8        0.0%
BANK2              100      0       0       9        0.0%
BITBANK3           100      0       0      10        0.0%
BANK3              100      0       0      11        0.0%
BITBANK4           100      0       0      12        0.0%
BANK4              100      0       0      13        0.0%
BITBANK5           100      0       0      14        0.0%
BANK5              100      0       0      15        0.0%
BITBANK6           100      0       0      16        0.0%
BANK6              100      0       0      17        0.0%
BITBANK7           100      0       0      18        0.0%
BANK7              100      0       0      19        0.0%
ABS                  0      0       0      20        0.0%
BIGRAM             7FF      0       0      21        0.0%
BITSFR               0      0       0     200        0.0%
SFR                  0      0       0     200        0.0%


Microchip Technology PIC18 Macro Assembler V1.45 build -152302408 
Symbol Table                                                                                   Wed Dec 11 11:55:13 2019

     __end_of_systemInit 7F6C                       l34 7F70                       l61 7FFC  
                     u37 7F7C                       u47 7F94              __CFG_BOR$ON 000000  
            __CFG_BORV$3 000000             __CFG_CP0$OFF 000000             __CFG_CP1$OFF 000000  
           __CFG_CP2$OFF 000000             __CFG_CP3$OFF 000000              __CFG_LVP$ON 000000  
           __CFG_CPB$OFF 000000             __CFG_CPD$OFF 000000                      wreg 000FE8  
           __CFG_WDT$OFF 000000                     _LATB 000F8A                     _LATD 000F8C  
                   _LATE 000F8D                     _main 7F6C                     start 0000  
          __CFG_IESO$OFF 000000            __CFG_MCLRE$ON 000000             ___param_bank 000000  
        __end_of_OpenADC 8000            __CFG_PLLDIV$1 000000           __CFG_CCP2MX$ON 000000  
                  ?_main 0001            __CFG_USBDIV$1 000000                    _TRISA 000F92  
                  _TRISB 000F93                    _TRISC 000F94                    _TRISD 000F95  
                  _TRISE 000F96            __CFG_PWRT$OFF 000000            __CFG_WRT0$OFF 000000  
          __CFG_WRT1$OFF 000000            __CFG_WRT2$OFF 000000            __CFG_WRT3$OFF 000000  
         __CFG_EBTR0$OFF 000000           __CFG_FCMEN$OFF 000000           __CFG_EBTR1$OFF 000000  
         __CFG_EBTR2$OFF 000000           __CFG_EBTR3$OFF 000000            __CFG_WRTB$OFF 000000  
          __CFG_WRTC$OFF 000000            __CFG_WRTD$OFF 000000           __CFG_EBTRB$OFF 000000  
                  status 000FD8           __CFG_ICPRT$OFF 000000           __CFG_PBADEN$ON 000000  
       __end_of_CloseADC 7F34          __initialization 7F34             __end_of_main 7FA2  
                 ??_main 0006            __activetblptr 000000                   _ADCON0 000FC2  
                 _ADCON1 000FC1                   _ADCON2 000FC0           __CFG_WDTPS$128 000000  
              ??_OpenADC 0003           __CFG_XINST$OFF 000000           __CFG_STVREN$ON 000000  
             __accesstop 0060  __end_of__initialization 7F34            ___rparam_used 000001  
         __pcstackCOMRAM 0001                ?_CloseADC 0001               ??_CloseADC 0001  
        __CFG_VREGEN$OFF 000000                  _OpenADC 7FA2                  __Hparam 0000  
                __Lparam 0000                  __pcinit 7F34                  __ramtop 0800  
                __ptext0 7F6C                  __ptext1 7F3A                  __ptext2 7FA2  
                __ptext3 7F2E           OpenADC@config2 0001     end_of_initialization 7F34  
    start_initialization 7F34               _systemInit 7F3A        __size_of_CloseADC 0006  
       __CFG_LPT1OSC$OFF 000000        OpenADC@portconfig 0002                 ?_OpenADC 0001  
            ?_systemInit 0001            OpenADC@config 0005                 _LATBbits 000F8A  
               _PIE1bits 000F9D                 _PIR1bits 000F9E               _ADCON0bits 000FC2  
               _CloseADC 7F2E                 __Hrparam 0000         __size_of_OpenADC 005E  
               __Lrparam 0000      __size_of_systemInit 0032            __size_of_main 0036  
  __CFG_CPUDIV$OSC1_PLL2 000000               _INTCONbits 000FF2             ??_systemInit 0006  
     __CFG_FOSC$HSPLL_HS 000000  
