

Microchip Technology PIC18 LITE Macro Assembler V1.38 build -256452561 
                                                                                               Sat Mar  4 20:53:14 2017

Microchip Technology Omniscient Code Generator v1.38 (Free mode) build 201607010351
     1                           	processor	18F4550
     2                           	fnconf	rparam,??,?,0
     3                           	opt	pw 120
     4                           	opt	lm
     5                           	psect	idataCOMRAM,global,class=CODE,delta=1
     6                           	psect	cinit,global,reloc=2,class=CODE,delta=1
     7                           	psect	bssCOMRAM,global,class=COMRAM,space=1,delta=1
     8                           	psect	dataCOMRAM,global,class=COMRAM,space=1,delta=1
     9                           	psect	cstackCOMRAM,global,class=COMRAM,space=1,delta=1
    10                           	psect	text0,global,reloc=2,class=CODE,delta=1
    11                           	psect	text1,global,reloc=2,class=CODE,delta=1
    12                           	psect	text2,global,reloc=2,class=CODE,delta=1
    13                           	psect	text3,global,reloc=2,class=CODE,delta=1
    14                           	psect	intsave_regs,global,class=BIGRAM,space=1,delta=1
    15                           	psect	rparam,global,class=COMRAM,space=1,delta=1
    16  0000                     
    17                           	psect	idataCOMRAM
    18  007E8E                     __pidataCOMRAM:
    19                           	opt stack 0
    20                           
    21                           ;initializer for _i
    22  007E8E  0001               	dw	1
    23  0000                     _LATBbits	set	3978
    24  0000                     _LATDbits	set	3980
    25  0000                     _LATEbits	set	3981
    26  0000                     _PORTB	set	3969
    27  0000                     _PORTCbits	set	3970
    28  0000                     _PORTD	set	3971
    29  0000                     _PORTE	set	3972
    30  0000                     _PORTEbits	set	3972
    31  0000                     _TRISA	set	3986
    32  0000                     _TRISB	set	3987
    33  0000                     _TRISC	set	3988
    34  0000                     _TRISD	set	3989
    35  0000                     _TRISE	set	3990
    36                           
    37                           ; #config settings
    38  0000                     
    39                           	psect	cinit
    40  007EAA                     __pcinit:
    41                           	opt stack 0
    42  007EAA                     start_initialization:
    43                           	opt stack 0
    44  007EAA                     __initialization:
    45                           	opt stack 0
    46                           
    47                           ; Initialize objects allocated to COMRAM (2 bytes)
    48                           ; load TBLPTR registers with __pidataCOMRAM
    49  007EAA  0E8E               	movlw	low __pidataCOMRAM
    50  007EAC  6EF6               	movwf	tblptrl,c
    51  007EAE  0E7E               	movlw	high __pidataCOMRAM
    52  007EB0  6EF7               	movwf	tblptrh,c
    53  007EB2  0E00               	movlw	low (__pidataCOMRAM shr (0+16))
    54  007EB4  6EF8               	movwf	tblptru,c
    55  007EB6  0009               	tblrd		*+	;fetch initializer
    56  007EB8  CFF5 F01B          	movff	tablat,__pdataCOMRAM
    57  007EBC  0009               	tblrd		*+	;fetch initializer
    58  007EBE  CFF5 F01C          	movff	tablat,__pdataCOMRAM+1
    59                           
    60                           ; Clear objects allocated to COMRAM (23 bytes)
    61  007EC2  EE00  F001         	lfsr	0,__pbssCOMRAM
    62  007EC6  0E17               	movlw	23
    63  007EC8                     clear_0:
    64  007EC8  6AEE               	clrf	postinc0,c
    65  007ECA  06E8               	decf	wreg,f,c
    66  007ECC  E1FD               	bnz	clear_0
    67  007ECE                     end_of_initialization:
    68                           	opt stack 0
    69  007ECE                     __end_of__initialization:
    70                           	opt stack 0
    71  007ECE  0100               	movlb	0
    72  007ED0  EF83  F03F         	goto	_main	;jump to C main() function
    73                           tblptru	equ	0xFF8
    74                           tblptrh	equ	0xFF7
    75                           tblptrl	equ	0xFF6
    76                           tablat	equ	0xFF5
    77                           postinc0	equ	0xFEE
    78                           wreg	equ	0xFE8
    79                           
    80                           	psect	bssCOMRAM
    81  000001                     __pbssCOMRAM:
    82                           	opt stack 0
    83  000001                     _prst_h:
    84                           	opt stack 0
    85  000001                     	ds	10
    86  00000B                     _prst_l:
    87                           	opt stack 0
    88  00000B                     	ds	10
    89  000015                     _var:
    90                           	opt stack 0
    91  000015                     	ds	2
    92  000017                     _var2:
    93                           	opt stack 0
    94  000017                     	ds	1
    95                           tblptru	equ	0xFF8
    96                           tblptrh	equ	0xFF7
    97                           tblptrl	equ	0xFF6
    98                           tablat	equ	0xFF5
    99                           postinc0	equ	0xFEE
   100                           wreg	equ	0xFE8
   101                           
   102                           	psect	dataCOMRAM
   103  00001B                     __pdataCOMRAM:
   104                           	opt stack 0
   105  00001B                     _i:
   106                           	opt stack 0
   107  00001B                     	ds	2
   108                           tblptru	equ	0xFF8
   109                           tblptrh	equ	0xFF7
   110                           tblptrl	equ	0xFF6
   111                           tablat	equ	0xFF5
   112                           postinc0	equ	0xFEE
   113                           wreg	equ	0xFE8
   114                           
   115                           	psect	cstackCOMRAM
   116  000018                     __pcstackCOMRAM:
   117                           	opt stack 0
   118  000018                     setaLoops@preset_h:
   119                           	opt stack 0
   120                           
   121                           ; 1 bytes @ 0x0
   122  000018                     	ds	1
   123  000019                     setaLoops@preset_l:
   124                           	opt stack 0
   125                           
   126                           ; 1 bytes @ 0x1
   127  000019                     	ds	1
   128  00001A                     ??_main:
   129                           
   130                           ; 1 bytes @ 0x2
   131  00001A                     	ds	1
   132                           tblptru	equ	0xFF8
   133                           tblptrh	equ	0xFF7
   134                           tblptrl	equ	0xFF6
   135                           tablat	equ	0xFF5
   136                           postinc0	equ	0xFEE
   137                           wreg	equ	0xFE8
   138                           
   139 ;;
   140 ;;Main: autosize = 0, tempsize = 1, incstack = 0, save=0
   141 ;;
   142 ;; *************** function _main *****************
   143 ;; Defined at:
   144 ;;		line 146 in file "main.c"
   145 ;; Parameters:    Size  Location     Type
   146 ;;		None
   147 ;; Auto vars:     Size  Location     Type
   148 ;;		None
   149 ;; Return value:  Size  Location     Type
   150 ;;                  1    wreg      void 
   151 ;; Registers used:
   152 ;;		wreg, status,2, status,0, cstack
   153 ;; Tracked objects:
   154 ;;		On entry : 0/0
   155 ;;		On exit  : 0/0
   156 ;;		Unchanged: 0/0
   157 ;; Data sizes:     COMRAM   BANK0   BANK1   BANK2   BANK3   BANK4   BANK5   BANK6   BANK7
   158 ;;      Params:         0       0       0       0       0       0       0       0       0
   159 ;;      Locals:         0       0       0       0       0       0       0       0       0
   160 ;;      Temps:          1       0       0       0       0       0       0       0       0
   161 ;;      Totals:         1       0       0       0       0       0       0       0       0
   162 ;;Total ram usage:        1 bytes
   163 ;; Hardware stack levels required when called:    1
   164 ;; This function calls:
   165 ;;		_changeBankUDOWN
   166 ;;		_changeBankUP
   167 ;;		_setaLoops
   168 ;; This function is called by:
   169 ;;		Startup code after reset
   170 ;; This function uses a non-reentrant model
   171 ;;
   172                           
   173                           	psect	text0
   174  007F06                     __ptext0:
   175                           	opt stack 0
   176  007F06                     _main:
   177                           	opt stack 30
   178                           
   179                           ;main.c: 148: TRISA = 0b11111111;
   180                           
   181                           ;incstack = 0
   182  007F06  6892               	setf	3986,c	;volatile
   183                           
   184                           ;main.c: 149: TRISB = 0b00001111;
   185  007F08  0E0F               	movlw	15
   186  007F0A  6E93               	movwf	3987,c	;volatile
   187                           
   188                           ;main.c: 150: TRISC = 0b00000111;
   189  007F0C  0E07               	movlw	7
   190  007F0E  6E94               	movwf	3988,c	;volatile
   191                           
   192                           ;main.c: 151: TRISD = 0b00000000;
   193  007F10  0E00               	movlw	0
   194  007F12  6E95               	movwf	3989,c	;volatile
   195                           
   196                           ;main.c: 152: TRISE = 0b11111000;
   197  007F14  0EF8               	movlw	248
   198  007F16  6E96               	movwf	3990,c	;volatile
   199                           
   200                           ;main.c: 154: PORTD = 0x00;
   201  007F18  0E00               	movlw	0
   202  007F1A  6E83               	movwf	3971,c	;volatile
   203                           
   204                           ;main.c: 155: PORTE = 0x00;
   205  007F1C  0E00               	movlw	0
   206  007F1E  6E84               	movwf	3972,c	;volatile
   207                           
   208                           ;main.c: 156: PORTB = 0x00;
   209  007F20  0E00               	movlw	0
   210  007F22  6E81               	movwf	3969,c	;volatile
   211                           
   212                           ;main.c: 167: _delay((unsigned long)((10)*(20000000/4000.0)));
   213  007F24  0E41               	movlw	65
   214  007F26  6E1A               	movwf	??_main& (0+255),c
   215  007F28  0EEE               	movlw	238
   216  007F2A                     u387:
   217  007F2A  2EE8               	decfsz	wreg,f,c
   218  007F2C  D7FE               	goto	u387
   219  007F2E  2E1A               	decfsz	??_main& (0+255),f,c
   220  007F30  D7FC               	goto	u387
   221  007F32  D012               	goto	L1
   222  007F34                     l758:
   223                           
   224                           ;main.c: 171: if(!PORTCbits.RC2){
   225  007F34  A482               	btfss	3970,2,c	;volatile
   226                           
   227                           ;main.c: 172: changeBankUP();
   228  007F36  EC6A  F03F         	call	_changeBankUP	;wreg free
   229                           
   230                           ;main.c: 173: }
   231                           ;main.c: 175: if(!PORTEbits.RE3){
   232  007F3A  A684               	btfss	3972,3,c	;volatile
   233                           
   234                           ;main.c: 176: changeBankUDOWN();
   235  007F3C  EC48  F03F         	call	_changeBankUDOWN	;wreg free
   236                           
   237                           ;main.c: 177: }
   238                           ;main.c: 179: setaLoops(prst_l[0],prst_h[0]);
   239  007F40  C001  F018         	movff	_prst_h,setaLoops@preset_h
   240  007F44  500B               	movf	_prst_l,w,c
   241  007F46  ECAE  F03F         	call	_setaLoops
   242                           
   243                           ;main.c: 181: _delay((unsigned long)((10)*(20000000/4000.0)));
   244  007F4A  0E41               	movlw	65
   245  007F4C  6E1A               	movwf	??_main& (0+255),c
   246  007F4E  0EEE               	movlw	238
   247  007F50                     u397:
   248  007F50  2EE8               	decfsz	wreg,f,c
   249  007F52  D7FE               	goto	u397
   250  007F54  2E1A               	decfsz	??_main& (0+255),f,c
   251  007F56  D7FC               	goto	u397
   252  007F58                     L1:
   253  007F58  D000               	nop2	
   254  007F5A  D7EC               	goto	l758
   255  007F5C                     __end_of_main:
   256                           	opt stack 0
   257                           tblptru	equ	0xFF8
   258                           tblptrh	equ	0xFF7
   259                           tblptrl	equ	0xFF6
   260                           tablat	equ	0xFF5
   261                           postinc0	equ	0xFEE
   262                           wreg	equ	0xFE8
   263                           
   264 ;; *************** function _setaLoops *****************
   265 ;; Defined at:
   266 ;;		line 102 in file "main.c"
   267 ;; Parameters:    Size  Location     Type
   268 ;;  preset_l        1    wreg     unsigned char 
   269 ;;  preset_h        1    0[COMRAM] unsigned char 
   270 ;; Auto vars:     Size  Location     Type
   271 ;;  preset_l        1    1[COMRAM] unsigned char 
   272 ;; Return value:  Size  Location     Type
   273 ;;                  1    wreg      void 
   274 ;; Registers used:
   275 ;;		wreg
   276 ;; Tracked objects:
   277 ;;		On entry : 0/0
   278 ;;		On exit  : 0/0
   279 ;;		Unchanged: 0/0
   280 ;; Data sizes:     COMRAM   BANK0   BANK1   BANK2   BANK3   BANK4   BANK5   BANK6   BANK7
   281 ;;      Params:         1       0       0       0       0       0       0       0       0
   282 ;;      Locals:         1       0       0       0       0       0       0       0       0
   283 ;;      Temps:          0       0       0       0       0       0       0       0       0
   284 ;;      Totals:         2       0       0       0       0       0       0       0       0
   285 ;;Total ram usage:        2 bytes
   286 ;; Hardware stack levels used:    1
   287 ;; This function calls:
   288 ;;		Nothing
   289 ;; This function is called by:
   290 ;;		_main
   291 ;; This function uses a non-reentrant model
   292 ;;
   293                           
   294                           	psect	text1
   295  007F5C                     __ptext1:
   296                           	opt stack 0
   297  007F5C                     _setaLoops:
   298                           	opt stack 30
   299                           
   300                           ;incstack = 0
   301                           ;setaLoops@preset_l stored from wreg
   302  007F5C  6E19               	movwf	setaLoops@preset_l,c
   303                           
   304                           ;main.c: 104: var.byte=preset_l;
   305  007F5E  C019  F015         	movff	setaLoops@preset_l,_var
   306  007F62  6A16               	clrf	_var+1,c
   307                           
   308                           ;main.c: 105: var2.byte=preset_h;
   309  007F64  C018  F017         	movff	setaLoops@preset_h,_var2
   310                           
   311                           ;main.c: 108: LATDbits.LATD0=var.bitv.b0;
   312  007F68  A015               	btfss	_var,0,c
   313  007F6A  D002               	bra	u215
   314  007F6C  808C               	bsf	3980,0,c	;volatile
   315  007F6E  D001               	bra	u217
   316  007F70                     u215:
   317  007F70  908C               	bcf	3980,0,c	;volatile
   318  007F72                     u217:
   319                           
   320                           ;main.c: 109: LATDbits.LATD1=var.bitv.b1;
   321  007F72  A215               	btfss	_var,1,c
   322  007F74  D002               	bra	u225
   323  007F76  828C               	bsf	3980,1,c	;volatile
   324  007F78  D001               	bra	u227
   325  007F7A                     u225:
   326  007F7A  928C               	bcf	3980,1,c	;volatile
   327  007F7C                     u227:
   328                           
   329                           ;main.c: 110: LATDbits.LATD2=var.bitv.b2;
   330  007F7C  A415               	btfss	_var,2,c
   331  007F7E  D002               	bra	u235
   332  007F80  848C               	bsf	3980,2,c	;volatile
   333  007F82  D001               	bra	u237
   334  007F84                     u235:
   335  007F84  948C               	bcf	3980,2,c	;volatile
   336  007F86                     u237:
   337                           
   338                           ;main.c: 111: LATDbits.LATD3=var.bitv.b3;
   339  007F86  A615               	btfss	_var,3,c
   340  007F88  D002               	bra	u245
   341  007F8A  868C               	bsf	3980,3,c	;volatile
   342  007F8C  D001               	bra	u247
   343  007F8E                     u245:
   344  007F8E  968C               	bcf	3980,3,c	;volatile
   345  007F90                     u247:
   346                           
   347                           ;main.c: 112: LATDbits.LATD4=var.bitv.b4;
   348  007F90  A815               	btfss	_var,4,c
   349  007F92  D002               	bra	u255
   350  007F94  888C               	bsf	3980,4,c	;volatile
   351  007F96  D001               	bra	u257
   352  007F98                     u255:
   353  007F98  988C               	bcf	3980,4,c	;volatile
   354  007F9A                     u257:
   355                           
   356                           ;main.c: 113: LATDbits.LATD5=var.bitv.b5;
   357  007F9A  AA15               	btfss	_var,5,c
   358  007F9C  D002               	bra	u265
   359  007F9E  8A8C               	bsf	3980,5,c	;volatile
   360  007FA0  D001               	bra	u267
   361  007FA2                     u265:
   362  007FA2  9A8C               	bcf	3980,5,c	;volatile
   363  007FA4                     u267:
   364                           
   365                           ;main.c: 114: LATDbits.LATD6=var.bitv.b6;
   366  007FA4  AC15               	btfss	_var,6,c
   367  007FA6  D002               	bra	u275
   368  007FA8  8C8C               	bsf	3980,6,c	;volatile
   369  007FAA  D001               	bra	u277
   370  007FAC                     u275:
   371  007FAC  9C8C               	bcf	3980,6,c	;volatile
   372  007FAE                     u277:
   373                           
   374                           ;main.c: 115: LATDbits.LATD7=var.bitv.b7;
   375  007FAE  AE15               	btfss	_var,7,c
   376  007FB0  D002               	bra	u285
   377  007FB2  8E8C               	bsf	3980,7,c	;volatile
   378  007FB4  D001               	bra	u287
   379  007FB6                     u285:
   380  007FB6  9E8C               	bcf	3980,7,c	;volatile
   381  007FB8                     u287:
   382                           
   383                           ;main.c: 117: LATEbits.LATE0=var2.bitv.b0;
   384  007FB8  A017               	btfss	_var2,0,c
   385  007FBA  D002               	bra	u295
   386  007FBC  808D               	bsf	3981,0,c	;volatile
   387  007FBE  D001               	bra	u297
   388  007FC0                     u295:
   389  007FC0  908D               	bcf	3981,0,c	;volatile
   390  007FC2                     u297:
   391                           
   392                           ;main.c: 118: LATEbits.LATE1=var2.bitv.b1;
   393  007FC2  A217               	btfss	_var2,1,c
   394  007FC4  D002               	bra	u305
   395  007FC6  828D               	bsf	3981,1,c	;volatile
   396  007FC8  D001               	bra	u307
   397  007FCA                     u305:
   398  007FCA  928D               	bcf	3981,1,c	;volatile
   399  007FCC                     u307:
   400                           
   401                           ;main.c: 119: LATEbits.LATE2=var2.bitv.b2;
   402  007FCC  A417               	btfss	_var2,2,c
   403  007FCE  D002               	bra	u315
   404  007FD0  848D               	bsf	3981,2,c	;volatile
   405  007FD2  D001               	bra	u317
   406  007FD4                     u315:
   407  007FD4  948D               	bcf	3981,2,c	;volatile
   408  007FD6                     u317:
   409                           
   410                           ;main.c: 120: LATBbits.LATB4=var2.bitv.b3;
   411  007FD6  A617               	btfss	_var2,3,c
   412  007FD8  D002               	bra	u325
   413  007FDA  888A               	bsf	3978,4,c	;volatile
   414  007FDC  D001               	bra	u327
   415  007FDE                     u325:
   416  007FDE  988A               	bcf	3978,4,c	;volatile
   417  007FE0                     u327:
   418                           
   419                           ;main.c: 121: LATBbits.LATB5=var2.bitv.b4;
   420  007FE0  A817               	btfss	_var2,4,c
   421  007FE2  D002               	bra	u335
   422  007FE4  8A8A               	bsf	3978,5,c	;volatile
   423  007FE6  D001               	bra	u337
   424  007FE8                     u335:
   425  007FE8  9A8A               	bcf	3978,5,c	;volatile
   426  007FEA                     u337:
   427                           
   428                           ;main.c: 122: LATBbits.LATB6=var2.bitv.b5;
   429  007FEA  AA17               	btfss	_var2,5,c
   430  007FEC  D002               	bra	u345
   431  007FEE  8C8A               	bsf	3978,6,c	;volatile
   432  007FF0  D001               	bra	u347
   433  007FF2                     u345:
   434  007FF2  9C8A               	bcf	3978,6,c	;volatile
   435  007FF4                     u347:
   436                           
   437                           ;main.c: 123: LATBbits.LATB7=var2.bitv.b6;
   438  007FF4  AC17               	btfss	_var2,6,c
   439  007FF6  D002               	bra	u355
   440  007FF8  8E8A               	bsf	3978,7,c	;volatile
   441  007FFA  D001               	bra	u357
   442  007FFC                     u355:
   443  007FFC  9E8A               	bcf	3978,7,c	;volatile
   444  007FFE                     u357:
   445  007FFE  0012               	return		;funcret
   446  008000                     __end_of_setaLoops:
   447                           	opt stack 0
   448                           tblptru	equ	0xFF8
   449                           tblptrh	equ	0xFF7
   450                           tblptrl	equ	0xFF6
   451                           tablat	equ	0xFF5
   452                           postinc0	equ	0xFEE
   453                           wreg	equ	0xFE8
   454                           
   455 ;; *************** function _changeBankUP *****************
   456 ;; Defined at:
   457 ;;		line 127 in file "main.c"
   458 ;; Parameters:    Size  Location     Type
   459 ;;		None
   460 ;; Auto vars:     Size  Location     Type
   461 ;;		None
   462 ;; Return value:  Size  Location     Type
   463 ;;                  1    wreg      void 
   464 ;; Registers used:
   465 ;;		wreg, status,2, status,0
   466 ;; Tracked objects:
   467 ;;		On entry : 0/0
   468 ;;		On exit  : 0/0
   469 ;;		Unchanged: 0/0
   470 ;; Data sizes:     COMRAM   BANK0   BANK1   BANK2   BANK3   BANK4   BANK5   BANK6   BANK7
   471 ;;      Params:         0       0       0       0       0       0       0       0       0
   472 ;;      Locals:         0       0       0       0       0       0       0       0       0
   473 ;;      Temps:          0       0       0       0       0       0       0       0       0
   474 ;;      Totals:         0       0       0       0       0       0       0       0       0
   475 ;;Total ram usage:        0 bytes
   476 ;; Hardware stack levels used:    1
   477 ;; This function calls:
   478 ;;		Nothing
   479 ;; This function is called by:
   480 ;;		_main
   481 ;; This function uses a non-reentrant model
   482 ;;
   483                           
   484                           	psect	text2
   485  007ED4                     __ptext2:
   486                           	opt stack 0
   487  007ED4                     _changeBankUP:
   488                           	opt stack 30
   489                           
   490                           ;main.c: 129: i=i+1;
   491                           
   492                           ;incstack = 0
   493  007ED4  0E01               	movlw	1
   494  007ED6  241B               	addwf	_i,w,c
   495  007ED8  6E1B               	movwf	_i,c
   496  007EDA  0E00               	movlw	0
   497  007EDC  201C               	addwfc	_i+1,w,c
   498  007EDE  6E1C               	movwf	_i+1,c
   499                           
   500                           ;main.c: 130: if(i>9){
   501  007EE0  BE1C               	btfsc	_i+1,7,c
   502  007EE2  D00E               	goto	l45
   503  007EE4  501C               	movf	_i+1,w,c
   504  007EE6  E104               	bnz	u160
   505  007EE8  0E0A               	movlw	10
   506  007EEA  5C1B               	subwf	_i,w,c
   507  007EEC  A0D8               	btfss	status,0,c
   508  007EEE  D008               	goto	l45
   509  007EF0                     u160:
   510                           
   511                           ;main.c: 131: prst_l[0]=0b00010001;
   512  007EF0  0E11               	movlw	17
   513  007EF2  6E0B               	movwf	_prst_l,c
   514                           
   515                           ;main.c: 132: prst_h[0]=0b01000001;
   516  007EF4  0E41               	movlw	65
   517  007EF6  6E01               	movwf	_prst_h,c
   518                           
   519                           ;main.c: 133: i=0;
   520  007EF8  0E00               	movlw	0
   521  007EFA  6E1C               	movwf	_i+1,c
   522  007EFC  0E00               	movlw	0
   523  007EFE  6E1B               	movwf	_i,c
   524  007F00                     l45:
   525  007F00  B482               	btfsc	3970,2,c	;volatile
   526  007F02  0012               	return	
   527  007F04  D7FD               	goto	l45
   528  007F06                     __end_of_changeBankUP:
   529                           	opt stack 0
   530                           tblptru	equ	0xFF8
   531                           tblptrh	equ	0xFF7
   532                           tblptrl	equ	0xFF6
   533                           tablat	equ	0xFF5
   534                           postinc0	equ	0xFEE
   535                           wreg	equ	0xFE8
   536                           status	equ	0xFD8
   537                           
   538 ;; *************** function _changeBankUDOWN *****************
   539 ;; Defined at:
   540 ;;		line 138 in file "main.c"
   541 ;; Parameters:    Size  Location     Type
   542 ;;		None
   543 ;; Auto vars:     Size  Location     Type
   544 ;;		None
   545 ;; Return value:  Size  Location     Type
   546 ;;                  1    wreg      void 
   547 ;; Registers used:
   548 ;;		wreg, status,2, status,0
   549 ;; Tracked objects:
   550 ;;		On entry : 0/0
   551 ;;		On exit  : 0/0
   552 ;;		Unchanged: 0/0
   553 ;; Data sizes:     COMRAM   BANK0   BANK1   BANK2   BANK3   BANK4   BANK5   BANK6   BANK7
   554 ;;      Params:         0       0       0       0       0       0       0       0       0
   555 ;;      Locals:         0       0       0       0       0       0       0       0       0
   556 ;;      Temps:          0       0       0       0       0       0       0       0       0
   557 ;;      Totals:         0       0       0       0       0       0       0       0       0
   558 ;;Total ram usage:        0 bytes
   559 ;; Hardware stack levels used:    1
   560 ;; This function calls:
   561 ;;		Nothing
   562 ;; This function is called by:
   563 ;;		_main
   564 ;; This function uses a non-reentrant model
   565 ;;
   566                           
   567                           	psect	text3
   568  007E90                     __ptext3:
   569                           	opt stack 0
   570  007E90                     _changeBankUDOWN:
   571                           	opt stack 30
   572                           
   573                           ;main.c: 140: i=i-1;
   574                           
   575                           ;incstack = 0
   576  007E90  0EFF               	movlw	255
   577  007E92  241B               	addwf	_i,w,c
   578  007E94  6E1B               	movwf	_i,c
   579  007E96  0EFF               	movlw	255
   580  007E98  201C               	addwfc	_i+1,w,c
   581  007E9A  6E1C               	movwf	_i+1,c
   582                           
   583                           ;main.c: 141: if(i<0)
   584  007E9C  AE1C               	btfss	_i+1,7,c
   585  007E9E  0012               	return	
   586                           
   587                           ;main.c: 142: i=9;
   588  007EA0  0E00               	movlw	0
   589  007EA2  6E1C               	movwf	_i+1,c
   590  007EA4  0E09               	movlw	9
   591  007EA6  6E1B               	movwf	_i,c
   592  007EA8  0012               	return	
   593  007EAA                     __end_of_changeBankUDOWN:
   594                           	opt stack 0
   595  0000                     tblptru	equ	0xFF8
   596                           tblptrh	equ	0xFF7
   597                           tblptrl	equ	0xFF6
   598                           tablat	equ	0xFF5
   599                           postinc0	equ	0xFEE
   600                           wreg	equ	0xFE8
   601                           status	equ	0xFD8
   602                           tblptru	equ	0xFF8
   603                           tblptrh	equ	0xFF7
   604                           tblptrl	equ	0xFF6
   605                           tablat	equ	0xFF5
   606                           postinc0	equ	0xFEE
   607                           wreg	equ	0xFE8
   608                           status	equ	0xFD8
   609                           
   610                           	psect	rparam
   611  0000                     tblptru	equ	0xFF8
   612                           tblptrh	equ	0xFF7
   613                           tblptrl	equ	0xFF6
   614                           tablat	equ	0xFF5
   615                           postinc0	equ	0xFEE
   616                           wreg	equ	0xFE8
   617                           status	equ	0xFD8


Data Sizes:
    Strings     0
    Constant    0
    Data        2
    BSS         23
    Persistent  0
    Stack       0

Auto Spaces:
    Space          Size  Autos    Used
    COMRAM           95      3      28
    BANK0           160      0       0
    BANK1           256      0       0
    BANK2           256      0       0
    BANK3           256      0       0
    BANK4           256      0       0
    BANK5           256      0       0
    BANK6           256      0       0
    BANK7           256      0       0

Pointer List with Targets:

    None.

Critical Paths under _main in COMRAM

    _main->_setaLoops

Critical Paths under _main in BANK0

    None.

Critical Paths under _main in BANK1

    None.

Critical Paths under _main in BANK2

    None.

Critical Paths under _main in BANK3

    None.

Critical Paths under _main in BANK4

    None.

Critical Paths under _main in BANK5

    None.

Critical Paths under _main in BANK6

    None.

Critical Paths under _main in BANK7

    None.

Call Graph Tables:

 ---------------------------------------------------------------------------------
 (Depth) Function   	        Calls       Base Space   Used Autos Params    Refs
 ---------------------------------------------------------------------------------
 (0) _main                                                 1     1      0      87
                                              2 COMRAM     1     1      0
                    _changeBankUDOWN
                       _changeBankUP
                          _setaLoops
 ---------------------------------------------------------------------------------
 (1) _setaLoops                                            2     1      1      87
                                              0 COMRAM     2     1      1
 ---------------------------------------------------------------------------------
 (1) _changeBankUP                                         0     0      0       0
 ---------------------------------------------------------------------------------
 (1) _changeBankUDOWN                                      0     0      0       0
 ---------------------------------------------------------------------------------
 Estimated maximum stack depth 1
 ---------------------------------------------------------------------------------

 Call Graph Graphs:

 _main (ROOT)
   _changeBankUDOWN
   _changeBankUP
   _setaLoops

 Address spaces:
Name               Size   Autos  Total    Cost      Usage
BIGRAM             7FF      0       0      21        0.0%
EEDATA             100      0       0       0        0.0%
BITBANK7           100      0       0      18        0.0%
BANK7              100      0       0      19        0.0%
BITBANK6           100      0       0      16        0.0%
BANK6              100      0       0      17        0.0%
BITBANK5           100      0       0      14        0.0%
BANK5              100      0       0      15        0.0%
BITBANK4           100      0       0      12        0.0%
BANK4              100      0       0      13        0.0%
BITBANK3           100      0       0      10        0.0%
BANK3              100      0       0      11        0.0%
BITBANK2           100      0       0       8        0.0%
BANK2              100      0       0       9        0.0%
BITBANK1           100      0       0       6        0.0%
BANK1              100      0       0       7        0.0%
BITBANK0            A0      0       0       4        0.0%
BANK0               A0      0       0       5        0.0%
BITCOMRAM           5F      0       0       0        0.0%
COMRAM              5F      3      1C       1       29.5%
BITSFR               0      0       0      40        0.0%
SFR                  0      0       0      40        0.0%
STACK                0      0       0       2        0.0%
NULL                 0      0       0       0        0.0%
ABS                  0      0      1C      20        0.0%
DATA                 0      0      1C       3        0.0%
CODE                 0      0       0       0        0.0%


Microchip Technology PIC18 Macro Assembler V1.38 build -256452561 
Symbol Table                                                                                   Sat Mar  4 20:53:14 2017

                       _i 001B      __end_of_changeBankUP 7F06                        l45 7F00  
             __CFG_BOR$ON 000000               __CFG_BORV$3 000000              __CFG_CP0$OFF 000000  
            __CFG_CP1$OFF 000000              __CFG_CP2$OFF 000000              __CFG_CP3$OFF 000000  
             __CFG_LVP$ON 000000                       l758 7F34              __CFG_CPB$OFF 000000  
                     u215 7F70                       u160 7EF0                       u305 7FCA  
                     u225 7F7A                       u217 7F72                       u315 7FD4  
                     u307 7FCC                       u235 7F84                       u227 7F7C  
                     u325 7FDE                       u317 7FD6                       u245 7F8E  
                     u237 7F86                       u335 7FE8                       u327 7FE0  
                     u255 7F98                       u247 7F90                       u345 7FF2  
                     u337 7FEA                       u265 7FA2                       u257 7F9A  
            __CFG_CPD$OFF 000000                       u355 7FFC                       u347 7FF4  
                     u275 7FAC                       u267 7FA4                       u357 7FFE  
                     u285 7FB6                       u277 7FAE                       u295 7FC0  
                     u287 7FB8                       u297 7FC2                       u387 7F2A  
                     u397 7F50                       _var 0015                       wreg 000FE8  
            __CFG_FOSC$HS 000000              __CFG_WDT$OFF 000000                      _main 7F06  
                    _var2 0017                      start 0000             __CFG_IESO$OFF 000000  
 __end_of_changeBankUDOWN 7EAA              ___param_bank 000010             __CFG_PLLDIV$1 000000  
          __CFG_CCP2MX$ON 000000                     ?_main 0018                     _PORTB 000F81  
                   _PORTD 000F83                     _PORTE 000F84             __CFG_USBDIV$1 000000  
                   _TRISA 000F92                     _TRISB 000F93                     _TRISC 000F94  
                   _TRISD 000F95                     _TRISE 000F96             __CFG_PWRT$OFF 000000  
           __CFG_WRT0$OFF 000000             __CFG_WRT1$OFF 000000             __CFG_WRT2$OFF 000000  
           __CFG_WRT3$OFF 000000            __CFG_EBTR0$OFF 000000            __CFG_FCMEN$OFF 000000  
          __CFG_EBTR1$OFF 000000            __CFG_EBTR2$OFF 000000            __CFG_EBTR3$OFF 000000  
           __CFG_WRTB$OFF 000000             __CFG_WRTC$OFF 000000             __CFG_WRTD$OFF 000000  
          __CFG_EBTRB$OFF 000000                     tablat 000FF5                     status 000FD8  
          __CFG_ICPRT$OFF 000000            __CFG_PBADEN$ON 000000            __CFG_MCLRE$OFF 000000  
         __initialization 7EAA              __end_of_main 7F5C                    ??_main 001A  
           __activetblptr 000000     __size_of_changeBankUP 0032            __CFG_XINST$OFF 000000  
        ?_changeBankUDOWN 0018            __CFG_STVREN$ON 000000                    clear_0 7EC8  
                  _prst_h 0001                    _prst_l 000B              __pdataCOMRAM 001B  
                  tblptrh 000FF7                    tblptrl 000FF6                    tblptru 000FF8  
            _changeBankUP 7ED4                __accesstop 0060   __end_of__initialization 7ECE  
           ___rparam_used 000001            __pcstackCOMRAM 0018        __size_of_setaLoops 00A4  
         __CFG_VREGEN$OFF 000000                   __Hparam 0000                   __Lparam 0000  
                 __pcinit 7EAA                   __ramtop 0800                   __ptext0 7F06  
                 __ptext1 7F5C                   __ptext2 7ED4                   __ptext3 7E90  
    end_of_initialization 7ECE         __end_of_setaLoops 8000                   postinc0 000FEE  
               _PORTCbits 000F82                 _PORTEbits 000F84             __pidataCOMRAM 7E8E  
__size_of_changeBankUDOWN 001A       start_initialization 7EAA          __CFG_LPT1OSC$OFF 000000  
             __pbssCOMRAM 0001         ??_changeBankUDOWN 0018                  _LATBbits 000F8A  
                _LATDbits 000F8C                  _LATEbits 000F8D                 _setaLoops 7F5C  
        __CFG_WDTPS$32768 000000             ?_changeBankUP 0018                ?_setaLoops 0018  
                __Hrparam 0000                  __Lrparam 0000            ??_changeBankUP 0018  
           __size_of_main 0056         setaLoops@preset_h 0018         setaLoops@preset_l 0019  
   __CFG_CPUDIV$OSC1_PLL2 000000               ??_setaLoops 0019           _changeBankUDOWN 7E90  
