

Microchip Technology PIC18 LITE Macro Assembler V1.45 build -152302408 
                                                                                               Wed Dec 11 08:03:15 2019

Microchip Technology Omniscient Code Generator v1.45 (Free mode) build 201711160504
     1                           	processor	18F4550
     2                           	fnconf	rparam,??,?,0
     3                           	opt	pw 120
     4                           	opt	lm
     5                           	psect	idataCOMRAM,global,class=CODE,delta=1,noexec
     6                           	psect	cinit,global,reloc=2,class=CODE,delta=1
     7                           	psect	bssCOMRAM,global,class=COMRAM,space=1,delta=1,noexec
     8                           	psect	dataCOMRAM,global,class=COMRAM,space=1,delta=1,noexec
     9                           	psect	bssBANK1,global,class=BANK1,space=1,delta=1,lowdata,noexec
    10                           	psect	cstackCOMRAM,global,class=COMRAM,space=1,delta=1,noexec
    11                           	psect	text0,global,reloc=2,class=CODE,delta=1
    12                           	psect	text1,global,reloc=2,class=CODE,delta=1
    13                           	psect	text2,global,reloc=2,class=CODE,delta=1,group=1
    14                           	psect	text3,global,reloc=2,class=CODE,delta=1,group=1
    15                           	psect	text4,global,reloc=2,class=CODE,delta=1,group=1
    16                           	psect	text5,global,reloc=2,class=CODE,delta=1,group=1
    17                           	psect	intsave_regs,global,class=BIGRAM,space=1,delta=1,noexec
    18                           	psect	rparam,global,class=COMRAM,space=1,delta=1,noexec
    19  0000                     
    20                           ; Version 1.45 (B)
    21                           ; Generated 30/01/2018 GMT
    22                           ; 
    23                           ; Copyright © 2018, Microchip Technology Inc. and its subsidiaries ("Microchip")
    24                           ; All rights reserved.
    25                           ; 
    26                           ; This software is developed by Microchip Technology Inc. and its subsidiaries ("Microch
      +                          ip").
    27                           ; 
    28                           ; Redistribution and use in source and binary forms, with or without modification, are
    29                           ; permitted provided that the following conditions are met:
    30                           ; 
    31                           ;     1. Redistributions of source code must retain the above copyright notice, this lis
      +                          t of
    32                           ;        conditions and the following disclaimer.
    33                           ; 
    34                           ;     2. Redistributions in binary form must reproduce the above copyright notice, this 
      +                          list
    35                           ;        of conditions and the following disclaimer in the documentation and/or other
    36                           ;        materials provided with the distribution.
    37                           ; 
    38                           ;     3. Microchip's name may not be used to endorse or promote products derived from th
      +                          is
    39                           ;        software without specific prior written permission.
    40                           ; 
    41                           ; THIS SOFTWARE IS PROVIDED BY MICROCHIP "AS IS" AND ANY EXPRESS OR IMPLIED WARRANTIES,
    42                           ; INCLUDING, BUT NOT LIMITED TO, THE IMPLIED WARRANTIES OF MERCHANTABILITY AND FITNESS F
      +                          OR
    43                           ; PURPOSE ARE DISCLAIMED.  IN NO EVENT SHALL MICROCHIP BE LIABLE FOR ANY DIRECT, INDIREC
      +                          T,
    44                           ; INCIDENTAL, SPECIAL, EXEMPLARY, OR CONSEQUENTIAL DAMAGES (INCLUDING BUT NOT LIMITED TO
    45                           ; PROCUREMENT OF SUBSTITUTE GOODS OR SERVICES; LOSS OF USE, DATA OR PROFITS; OR BUSINESS
    46                           ; INTERRUPTION) HOWSOEVER CAUSED AND ON ANY THEORY OF LIABILITY, WHETHER IN CONTRACT, ST
      +                          RICT
    47                           ; LIABILITY, OR TORT (INCLUDING NEGLIGENCE OR OTHERWISE) ARISING IN ANY WAY OUT OF THE U
      +                          SE OF
    48                           ; THIS SOFTWARE, EVEN IF ADVISED OF THE POSSIBILITY OF SUCH DAMAGE.
    49                           ; 
    50                           ; 
    51                           ; Code-generator required, PIC18F4550 Definitions
    52                           ; 
    53                           ; SFR Addresses
    54  0000                     
    55                           	psect	idataCOMRAM
    56  007DF2                     __pidataCOMRAM:
    57                           	opt stack 0
    58                           
    59                           ;initializer for _i
    60  007DF2  0001               	dw	1
    61  0000                     _TXREG	set	4013
    62  0000                     _TRISCbits	set	3988
    63  0000                     _SPBRGH	set	4016
    64  0000                     _SPBRG	set	4015
    65  0000                     _RCSTAbits	set	4011
    66  0000                     _TXSTAbits	set	4012
    67  0000                     _RCSTA	set	4011
    68  0000                     _TXSTA	set	4012
    69  0000                     _INTCONbits	set	4082
    70  0000                     _PIR1bits	set	3998
    71  0000                     _ADCON1	set	4033
    72  0000                     _ADCON2	set	4032
    73  0000                     _ADCON0	set	4034
    74  0000                     _PIE1bits	set	3997
    75  0000                     _ADCON0bits	set	4034
    76  0000                     _PORTBbits	set	3969
    77  0000                     _PORTAbits	set	3968
    78  0000                     _LATBbits	set	3978
    79  0000                     _LATEbits	set	3981
    80  0000                     _LATDbits	set	3980
    81  0000                     _PORTCbits	set	3970
    82  0000                     _BAUDCONbits	set	4024
    83  0000                     _LATB	set	3978
    84  0000                     _LATE	set	3981
    85  0000                     _LATD	set	3980
    86  0000                     _TRISE	set	3990
    87  0000                     _TRISD	set	3989
    88  0000                     _TRISC	set	3988
    89  0000                     _TRISB	set	3987
    90  0000                     _TRISA	set	3986
    91                           
    92                           ; #config settings
    93  0000                     
    94                           	psect	cinit
    95  007E0C                     __pcinit:
    96                           	opt stack 0
    97  007E0C                     start_initialization:
    98                           	opt stack 0
    99  007E0C                     __initialization:
   100                           	opt stack 0
   101                           
   102                           ; Initialize objects allocated to COMRAM (2 bytes)
   103                           ; load TBLPTR registers with __pidataCOMRAM
   104  007E0C  0EF2               	movlw	low __pidataCOMRAM
   105  007E0E  6EF6               	movwf	tblptrl,c
   106  007E10  0E7D               	movlw	high __pidataCOMRAM
   107  007E12  6EF7               	movwf	tblptrh,c
   108  007E14  0E00               	movlw	low (__pidataCOMRAM shr (0+16))
   109  007E16  6EF8               	movwf	tblptru,c
   110  007E18  0009               	tblrd		*+	;fetch initializer
   111  007E1A  CFF5 F012          	movff	tablat,__pdataCOMRAM
   112  007E1E  0009               	tblrd		*+	;fetch initializer
   113  007E20  CFF5 F013          	movff	tablat,__pdataCOMRAM+1
   114                           
   115                           ; Clear objects allocated to BANK1 (200 bytes)
   116  007E24  EE01  F000         	lfsr	0,__pbssBANK1
   117  007E28  0EC8               	movlw	200
   118  007E2A                     clear_0:
   119  007E2A  6AEE               	clrf	postinc0,c
   120  007E2C  06E8               	decf	wreg,f,c
   121  007E2E  E1FD               	bnz	clear_0
   122                           
   123                           ; Clear objects allocated to COMRAM (9 bytes)
   124  007E30  EE00  F001         	lfsr	0,__pbssCOMRAM
   125  007E34  0E09               	movlw	9
   126  007E36                     clear_1:
   127  007E36  6AEE               	clrf	postinc0,c
   128  007E38  06E8               	decf	wreg,f,c
   129  007E3A  E1FD               	bnz	clear_1
   130  007E3C                     end_of_initialization:
   131                           	opt stack 0
   132  007E3C                     __end_of__initialization:
   133                           	opt stack 0
   134  007E3C  0100               	movlb	0
   135  007E3E  EF80  F03F         	goto	_main	;jump to C main() function
   136                           tblptru	equ	0xFF8
   137                           tblptrh	equ	0xFF7
   138                           tblptrl	equ	0xFF6
   139                           tablat	equ	0xFF5
   140                           postinc0	equ	0xFEE
   141                           wreg	equ	0xFE8
   142                           
   143                           	psect	bssCOMRAM
   144  000001                     __pbssCOMRAM:
   145                           	opt stack 0
   146  000001                     _auxconfig:
   147                           	opt stack 0
   148  000001                     	ds	2
   149  000003                     _var1:
   150                           	opt stack 0
   151  000003                     	ds	2
   152  000005                     _var:
   153                           	opt stack 0
   154  000005                     	ds	2
   155  000007                     _config:
   156                           	opt stack 0
   157  000007                     	ds	2
   158  000009                     _USART_Status:
   159                           	opt stack 0
   160  000009                     	ds	1
   161                           tblptru	equ	0xFF8
   162                           tblptrh	equ	0xFF7
   163                           tblptrl	equ	0xFF6
   164                           tablat	equ	0xFF5
   165                           postinc0	equ	0xFEE
   166                           wreg	equ	0xFE8
   167                           
   168                           	psect	dataCOMRAM
   169  000012                     __pdataCOMRAM:
   170                           	opt stack 0
   171  000012                     _i:
   172                           	opt stack 0
   173  000012                     	ds	2
   174                           tblptru	equ	0xFF8
   175                           tblptrh	equ	0xFF7
   176                           tblptrl	equ	0xFF6
   177                           tablat	equ	0xFF5
   178                           postinc0	equ	0xFEE
   179                           wreg	equ	0xFE8
   180                           
   181                           	psect	bssBANK1
   182  000100                     __pbssBANK1:
   183                           	opt stack 0
   184  000100                     _presets:
   185                           	opt stack 0
   186  000100                     	ds	200
   187                           tblptru	equ	0xFF8
   188                           tblptrh	equ	0xFF7
   189                           tblptrl	equ	0xFF6
   190                           tablat	equ	0xFF5
   191                           postinc0	equ	0xFEE
   192                           wreg	equ	0xFE8
   193                           
   194                           	psect	cstackCOMRAM
   195  00000A                     __pcstackCOMRAM:
   196                           	opt stack 0
   197  00000A                     OpenADC@config2:
   198                           	opt stack 0
   199  00000A                     WriteUSART@data:
   200                           	opt stack 0
   201  00000A                     OpenUSART@spbrg:
   202                           	opt stack 0
   203                           
   204                           ; 2 bytes @ 0x0
   205  00000A                     	ds	1
   206  00000B                     OpenADC@portconfig:
   207                           	opt stack 0
   208                           
   209                           ; 1 bytes @ 0x1
   210  00000B                     	ds	1
   211  00000C                     ??_OpenADC:
   212  00000C                     OpenUSART@config:
   213                           	opt stack 0
   214                           
   215                           ; 1 bytes @ 0x2
   216  00000C                     	ds	2
   217  00000E                     OpenADC@config:
   218                           	opt stack 0
   219                           
   220                           ; 1 bytes @ 0x4
   221  00000E                     	ds	1
   222  00000F                     ??_systemInit:
   223                           
   224                           ; 1 bytes @ 0x5
   225  00000F                     	ds	1
   226  000010                     ??_main:
   227                           
   228                           ; 1 bytes @ 0x6
   229  000010                     	ds	2
   230                           tblptru	equ	0xFF8
   231                           tblptrh	equ	0xFF7
   232                           tblptrl	equ	0xFF6
   233                           tablat	equ	0xFF5
   234                           postinc0	equ	0xFEE
   235                           wreg	equ	0xFE8
   236                           
   237 ;;
   238 ;;Main: autosize = 0, tempsize = 2, incstack = 0, save=0
   239 ;;
   240 ;; *************** function _main *****************
   241 ;; Defined at:
   242 ;;		line 10 in file "main.c"
   243 ;; Parameters:    Size  Location     Type
   244 ;;		None
   245 ;; Auto vars:     Size  Location     Type
   246 ;;		None
   247 ;; Return value:  Size  Location     Type
   248 ;;                  1    wreg      void 
   249 ;; Registers used:
   250 ;;		wreg, status,2, status,0, cstack
   251 ;; Tracked objects:
   252 ;;		On entry : 0/0
   253 ;;		On exit  : 0/0
   254 ;;		Unchanged: 0/0
   255 ;; Data sizes:     COMRAM   BANK0   BANK1   BANK2   BANK3   BANK4   BANK5   BANK6   BANK7
   256 ;;      Params:         0       0       0       0       0       0       0       0       0
   257 ;;      Locals:         0       0       0       0       0       0       0       0       0
   258 ;;      Temps:          2       0       0       0       0       0       0       0       0
   259 ;;      Totals:         2       0       0       0       0       0       0       0       0
   260 ;;Total ram usage:        2 bytes
   261 ;; Hardware stack levels required when called:    2
   262 ;; This function calls:
   263 ;;		_WriteUSART
   264 ;;		_systemInit
   265 ;; This function is called by:
   266 ;;		Startup code after reset
   267 ;; This function uses a non-reentrant model
   268 ;;
   269                           
   270                           	psect	text0
   271  007F00                     __ptext0:
   272                           	opt stack 0
   273  007F00                     _main:
   274                           	opt stack 29
   275                           
   276                           ;main.c: 12: systemInit();
   277                           
   278                           ;incstack = 0
   279  007F00  ECBD  F03F         	call	_systemInit	;wreg free
   280  007F04                     
   281                           ;main.c: 18: WriteUSART('A');
   282  007F04  0E41               	movlw	65
   283  007F06  ECFD  F03E         	call	_WriteUSART
   284                           
   285                           ;main.c: 20: _delay((unsigned long)((100)*(20000000/4000.0)));
   286  007F0A  0E03               	movlw	3
   287  007F0C  6E11               	movwf	(??_main+1)& (0+255),c
   288  007F0E  0E8A               	movlw	138
   289  007F10  6E10               	movwf	??_main& (0+255),c
   290  007F12  0E56               	movlw	86
   291  007F14                     u847:
   292  007F14  2EE8               	decfsz	wreg,f,c
   293  007F16  D7FE               	bra	u847
   294  007F18  2E10               	decfsz	??_main& (0+255),f,c
   295  007F1A  D7FC               	bra	u847
   296  007F1C  2E11               	decfsz	(??_main+1)& (0+255),f,c
   297  007F1E  D7FA               	bra	u847
   298                           
   299                           ;main.c: 21: _delay((unsigned long)((100)*(20000000/4000.0)));
   300  007F20  0E03               	movlw	3
   301  007F22  6E11               	movwf	(??_main+1)& (0+255),c
   302  007F24  0E8A               	movlw	138
   303  007F26  6E10               	movwf	??_main& (0+255),c
   304  007F28  0E56               	movlw	86
   305  007F2A                     u857:
   306  007F2A  2EE8               	decfsz	wreg,f,c
   307  007F2C  D7FE               	bra	u857
   308  007F2E  2E10               	decfsz	??_main& (0+255),f,c
   309  007F30  D7FC               	bra	u857
   310  007F32  2E11               	decfsz	(??_main+1)& (0+255),f,c
   311  007F34  D7FA               	bra	u857
   312                           
   313                           ;main.c: 22: _delay((unsigned long)((100)*(20000000/4000.0)));
   314  007F36  0E03               	movlw	3
   315  007F38  6E11               	movwf	(??_main+1)& (0+255),c
   316  007F3A  0E8A               	movlw	138
   317  007F3C  6E10               	movwf	??_main& (0+255),c
   318  007F3E  0E56               	movlw	86
   319  007F40                     u867:
   320  007F40  2EE8               	decfsz	wreg,f,c
   321  007F42  D7FE               	bra	u867
   322  007F44  2E10               	decfsz	??_main& (0+255),f,c
   323  007F46  D7FC               	bra	u867
   324  007F48  2E11               	decfsz	(??_main+1)& (0+255),f,c
   325  007F4A  D7FA               	bra	u867
   326                           
   327                           ;main.c: 23: _delay((unsigned long)((100)*(20000000/4000.0)));
   328  007F4C  0E03               	movlw	3
   329  007F4E  6E11               	movwf	(??_main+1)& (0+255),c
   330  007F50  0E8A               	movlw	138
   331  007F52  6E10               	movwf	??_main& (0+255),c
   332  007F54  0E56               	movlw	86
   333  007F56                     u877:
   334  007F56  2EE8               	decfsz	wreg,f,c
   335  007F58  D7FE               	bra	u877
   336  007F5A  2E10               	decfsz	??_main& (0+255),f,c
   337  007F5C  D7FC               	bra	u877
   338  007F5E  2E11               	decfsz	(??_main+1)& (0+255),f,c
   339  007F60  D7FA               	bra	u877
   340                           
   341                           ;main.c: 24: _delay((unsigned long)((100)*(20000000/4000.0)));
   342  007F62  0E03               	movlw	3
   343  007F64  6E11               	movwf	(??_main+1)& (0+255),c
   344  007F66  0E8A               	movlw	138
   345  007F68  6E10               	movwf	??_main& (0+255),c
   346  007F6A  0E56               	movlw	86
   347  007F6C                     u887:
   348  007F6C  2EE8               	decfsz	wreg,f,c
   349  007F6E  D7FE               	bra	u887
   350  007F70  2E10               	decfsz	??_main& (0+255),f,c
   351  007F72  D7FC               	bra	u887
   352  007F74  2E11               	decfsz	(??_main+1)& (0+255),f,c
   353  007F76  D7FA               	bra	u887
   354  007F78  D7C5               	goto	l11
   355  007F7A                     __end_of_main:
   356                           	opt stack 0
   357                           tblptru	equ	0xFF8
   358                           tblptrh	equ	0xFF7
   359                           tblptrl	equ	0xFF6
   360                           tablat	equ	0xFF5
   361                           postinc0	equ	0xFEE
   362                           wreg	equ	0xFE8
   363                           
   364 ;; *************** function _systemInit *****************
   365 ;; Defined at:
   366 ;;		line 83 in file "hcm.c"
   367 ;; Parameters:    Size  Location     Type
   368 ;;		None
   369 ;; Auto vars:     Size  Location     Type
   370 ;;		None
   371 ;; Return value:  Size  Location     Type
   372 ;;                  1    wreg      void 
   373 ;; Registers used:
   374 ;;		wreg, status,2, status,0, cstack
   375 ;; Tracked objects:
   376 ;;		On entry : 0/0
   377 ;;		On exit  : 0/0
   378 ;;		Unchanged: 0/0
   379 ;; Data sizes:     COMRAM   BANK0   BANK1   BANK2   BANK3   BANK4   BANK5   BANK6   BANK7
   380 ;;      Params:         0       0       0       0       0       0       0       0       0
   381 ;;      Locals:         0       0       0       0       0       0       0       0       0
   382 ;;      Temps:          1       0       0       0       0       0       0       0       0
   383 ;;      Totals:         1       0       0       0       0       0       0       0       0
   384 ;;Total ram usage:        1 bytes
   385 ;; Hardware stack levels used:    1
   386 ;; Hardware stack levels required when called:    1
   387 ;; This function calls:
   388 ;;		_CloseADC
   389 ;;		_OpenADC
   390 ;;		_OpenUSART
   391 ;; This function is called by:
   392 ;;		_main
   393 ;; This function uses a non-reentrant model
   394 ;;
   395                           
   396                           	psect	text1
   397  007F7A                     __ptext1:
   398                           	opt stack 0
   399  007F7A                     _systemInit:
   400                           	opt stack 29
   401                           
   402                           ;hcm.c: 85: TRISA = 0b11111111;
   403                           
   404                           ;incstack = 0
   405  007F7A  6892               	setf	3986,c	;volatile
   406                           
   407                           ;hcm.c: 86: TRISB = 0b00001111;
   408  007F7C  0E0F               	movlw	15
   409  007F7E  6E93               	movwf	3987,c	;volatile
   410                           
   411                           ;hcm.c: 87: TRISC = 0b10000111;
   412  007F80  0E87               	movlw	135
   413  007F82  6E94               	movwf	3988,c	;volatile
   414                           
   415                           ;hcm.c: 88: TRISD = 0b00000000;
   416  007F84  0E00               	movlw	0
   417  007F86  6E95               	movwf	3989,c	;volatile
   418                           
   419                           ;hcm.c: 89: TRISE = 0b11111000;
   420  007F88  0EF8               	movlw	248
   421  007F8A  6E96               	movwf	3990,c	;volatile
   422                           
   423                           ;hcm.c: 91: LATD = 0x00;
   424  007F8C  0E00               	movlw	0
   425  007F8E  6E8C               	movwf	3980,c	;volatile
   426                           
   427                           ;hcm.c: 92: LATE = 0x00;
   428  007F90  0E00               	movlw	0
   429  007F92  6E8D               	movwf	3981,c	;volatile
   430                           
   431                           ;hcm.c: 93: LATB = 0x00;
   432  007F94  0E00               	movlw	0
   433  007F96  6E8A               	movwf	3978,c	;volatile
   434                           
   435                           ;hcm.c: 95: OpenADC(0x00,0x00,0b11111111);
   436  007F98  0E00               	movlw	0
   437  007F9A  6E0A               	movwf	OpenADC@config2,c
   438  007F9C  0EFF               	movlw	255
   439  007F9E  6E0B               	movwf	OpenADC@portconfig,c
   440  007FA0  0E00               	movlw	0
   441  007FA2  EC21  F03F         	call	_OpenADC
   442                           
   443                           ;hcm.c: 96: CloseADC();
   444  007FA6  ECFA  F03E         	call	_CloseADC	;wreg free
   445                           
   446                           ;hcm.c: 98: _delay((unsigned long)((25)*(20000000/4000.0)));
   447  007FAA  0EA3               	movlw	163
   448  007FAC  6E0F               	movwf	??_systemInit& (0+255),c
   449  007FAE  0E55               	movlw	85
   450  007FB0                     u897:
   451  007FB0  2EE8               	decfsz	wreg,f,c
   452  007FB2  D7FE               	bra	u897
   453  007FB4  2E0F               	decfsz	??_systemInit& (0+255),f,c
   454  007FB6  D7FC               	bra	u897
   455  007FB8  F000               	nop	
   456                           
   457                           ;hcm.c: 99: _delay((unsigned long)((25)*(20000000/4000.0)));
   458  007FBA  0EA3               	movlw	163
   459  007FBC  6E0F               	movwf	??_systemInit& (0+255),c
   460  007FBE  0E55               	movlw	85
   461  007FC0                     u907:
   462  007FC0  2EE8               	decfsz	wreg,f,c
   463  007FC2  D7FE               	bra	u907
   464  007FC4  2E0F               	decfsz	??_systemInit& (0+255),f,c
   465  007FC6  D7FC               	bra	u907
   466  007FC8  F000               	nop	
   467                           
   468                           ;hcm.c: 101: OpenUSART(0b01111111
   469                           ;hcm.c: 102: & 0b10111111
   470                           ;hcm.c: 103: & 0b11111110
   471                           ;hcm.c: 104: & 0b11111101
   472                           ;hcm.c: 105: & 0b11111111
   473                           ;hcm.c: 106: & 0b11111111, 129);
   474  007FCA  0E00               	movlw	0
   475  007FCC  6E0B               	movwf	OpenUSART@spbrg+1,c
   476  007FCE  0E81               	movlw	129
   477  007FD0  6E0A               	movwf	OpenUSART@spbrg,c
   478  007FD2  0E3C               	movlw	60
   479  007FD4  EC50  F03F         	call	_OpenUSART
   480                           
   481                           ;hcm.c: 108: BAUDCONbits.BRG16 = 0;
   482  007FD8  96B8               	bcf	4024,3,c	;volatile
   483                           
   484                           ;hcm.c: 109: BAUDCONbits.ABDEN = 0;
   485  007FDA  90B8               	bcf	4024,0,c	;volatile
   486                           
   487                           ;hcm.c: 110: BAUDCONbits.WUE = 0;
   488  007FDC  92B8               	bcf	4024,1,c	;volatile
   489                           
   490                           ;hcm.c: 112: _delay((unsigned long)((25)*(20000000/4000.0)));
   491  007FDE  0EA3               	movlw	163
   492  007FE0  6E0F               	movwf	??_systemInit& (0+255),c
   493  007FE2  0E55               	movlw	85
   494  007FE4                     u917:
   495  007FE4  2EE8               	decfsz	wreg,f,c
   496  007FE6  D7FE               	bra	u917
   497  007FE8  2E0F               	decfsz	??_systemInit& (0+255),f,c
   498  007FEA  D7FC               	bra	u917
   499  007FEC  F000               	nop	
   500                           
   501                           ;hcm.c: 113: _delay((unsigned long)((25)*(20000000/4000.0)));
   502  007FEE  0EA3               	movlw	163
   503  007FF0  6E0F               	movwf	??_systemInit& (0+255),c
   504  007FF2  0E55               	movlw	85
   505  007FF4                     u927:
   506  007FF4  2EE8               	decfsz	wreg,f,c
   507  007FF6  D7FE               	bra	u927
   508  007FF8  2E0F               	decfsz	??_systemInit& (0+255),f,c
   509  007FFA  D7FC               	bra	u927
   510  007FFC  F000               	nop	
   511  007FFE  0012               	return		;funcret
   512  008000                     __end_of_systemInit:
   513                           	opt stack 0
   514                           tblptru	equ	0xFF8
   515                           tblptrh	equ	0xFF7
   516                           tblptrl	equ	0xFF6
   517                           tablat	equ	0xFF5
   518                           postinc0	equ	0xFEE
   519                           wreg	equ	0xFE8
   520                           
   521 ;; *************** function _OpenUSART *****************
   522 ;; Defined at:
   523 ;;		line 73 in file "/Applications/microchip/xc8/v1.45/sources/pic18/plib/USART/uopen.c"
   524 ;; Parameters:    Size  Location     Type
   525 ;;  config          1    wreg     unsigned char 
   526 ;;  spbrg           2    0[COMRAM] unsigned int 
   527 ;; Auto vars:     Size  Location     Type
   528 ;;  config          1    2[COMRAM] unsigned char 
   529 ;; Return value:  Size  Location     Type
   530 ;;                  1    wreg      void 
   531 ;; Registers used:
   532 ;;		wreg, status,2
   533 ;; Tracked objects:
   534 ;;		On entry : 0/0
   535 ;;		On exit  : 0/0
   536 ;;		Unchanged: 0/0
   537 ;; Data sizes:     COMRAM   BANK0   BANK1   BANK2   BANK3   BANK4   BANK5   BANK6   BANK7
   538 ;;      Params:         2       0       0       0       0       0       0       0       0
   539 ;;      Locals:         1       0       0       0       0       0       0       0       0
   540 ;;      Temps:          0       0       0       0       0       0       0       0       0
   541 ;;      Totals:         3       0       0       0       0       0       0       0       0
   542 ;;Total ram usage:        3 bytes
   543 ;; Hardware stack levels used:    1
   544 ;; This function calls:
   545 ;;		Nothing
   546 ;; This function is called by:
   547 ;;		_systemInit
   548 ;; This function uses a non-reentrant model
   549 ;;
   550                           
   551                           	psect	text2
   552  007EA0                     __ptext2:
   553                           	opt stack 0
   554  007EA0                     _OpenUSART:
   555                           	opt stack 29
   556                           
   557                           ;incstack = 0
   558                           ;OpenUSART@config stored from wreg
   559  007EA0  6E0C               	movwf	OpenUSART@config,c
   560  007EA2  0E00               	movlw	0
   561  007EA4  6EAC               	movwf	4012,c	;volatile
   562  007EA6  0E00               	movlw	0
   563  007EA8  6EAB               	movwf	4011,c	;volatile
   564  007EAA  B00C               	btfsc	OpenUSART@config,0,c
   565  007EAC  88AC               	bsf	4012,4,c	;volatile
   566  007EAE  A20C               	btfss	OpenUSART@config,1,c
   567  007EB0  D002               	goto	l188
   568  007EB2  8CAC               	bsf	4012,6,c	;volatile
   569  007EB4  8CAB               	bsf	4011,6,c	;volatile
   570  007EB6                     l188:
   571  007EB6  B40C               	btfsc	OpenUSART@config,2,c
   572  007EB8  8EAC               	bsf	4012,7,c	;volatile
   573  007EBA  A60C               	btfss	OpenUSART@config,3,c
   574  007EBC  D002               	goto	l190
   575  007EBE  88AB               	bsf	4011,4,c	;volatile
   576  007EC0  D001               	goto	l191
   577  007EC2                     l190:
   578  007EC2  8AAB               	bsf	4011,5,c	;volatile
   579  007EC4                     l191:
   580  007EC4  B80C               	btfsc	OpenUSART@config,4,c
   581  007EC6  84AC               	bsf	4012,2,c	;volatile
   582  007EC8  989E               	bcf	3998,4,c	;volatile
   583  007ECA  BA0C               	btfsc	OpenUSART@config,5,c
   584  007ECC  86AB               	bsf	4011,3,c	;volatile
   585  007ECE  AC0C               	btfss	OpenUSART@config,6,c
   586  007ED0  D002               	goto	l194
   587  007ED2  8A9D               	bsf	3997,5,c	;volatile
   588  007ED4  D001               	goto	l195
   589  007ED6                     l194:
   590  007ED6  9A9D               	bcf	3997,5,c	;volatile
   591  007ED8                     l195:
   592  007ED8  9A9E               	bcf	3998,5,c	;volatile
   593  007EDA  AE0C               	btfss	OpenUSART@config,7,c
   594  007EDC  D002               	goto	l196
   595  007EDE  889D               	bsf	3997,4,c	;volatile
   596  007EE0  D001               	goto	l197
   597  007EE2                     l196:
   598  007EE2  989D               	bcf	3997,4,c	;volatile
   599  007EE4                     l197:
   600  007EE4  C00A  FFAF         	movff	OpenUSART@spbrg,4015	;volatile
   601  007EE8  500B               	movf	OpenUSART@spbrg+1,w,c
   602  007EEA  6EB0               	movwf	4016,c	;volatile
   603  007EEC  8AAC               	bsf	4012,5,c	;volatile
   604  007EEE  8EAB               	bsf	4011,7,c	;volatile
   605  007EF0  9C94               	bcf	3988,6,c	;volatile
   606  007EF2  8E94               	bsf	3988,7,c	;volatile
   607  007EF4  A8AC               	btfss	4012,4,c	;volatile
   608  007EF6  0012               	return	
   609  007EF8  BEAC               	btfsc	4012,7,c	;volatile
   610  007EFA  0012               	return	
   611  007EFC  8C94               	bsf	3988,6,c	;volatile
   612  007EFE  0012               	return	
   613  007F00                     __end_of_OpenUSART:
   614                           	opt stack 0
   615                           tblptru	equ	0xFF8
   616                           tblptrh	equ	0xFF7
   617                           tblptrl	equ	0xFF6
   618                           tablat	equ	0xFF5
   619                           postinc0	equ	0xFEE
   620                           wreg	equ	0xFE8
   621                           
   622 ;; *************** function _OpenADC *****************
   623 ;; Defined at:
   624 ;;		line 68 in file "/Applications/microchip/xc8/v1.45/sources/pic18/plib/ADC/adcopen.c"
   625 ;; Parameters:    Size  Location     Type
   626 ;;  config          1    wreg     unsigned char 
   627 ;;  config2         1    0[COMRAM] unsigned char 
   628 ;;  portconfig      1    1[COMRAM] unsigned char 
   629 ;; Auto vars:     Size  Location     Type
   630 ;;  config          1    4[COMRAM] unsigned char 
   631 ;; Return value:  Size  Location     Type
   632 ;;                  1    wreg      void 
   633 ;; Registers used:
   634 ;;		wreg, status,2, status,0
   635 ;; Tracked objects:
   636 ;;		On entry : 0/0
   637 ;;		On exit  : 0/0
   638 ;;		Unchanged: 0/0
   639 ;; Data sizes:     COMRAM   BANK0   BANK1   BANK2   BANK3   BANK4   BANK5   BANK6   BANK7
   640 ;;      Params:         2       0       0       0       0       0       0       0       0
   641 ;;      Locals:         1       0       0       0       0       0       0       0       0
   642 ;;      Temps:          2       0       0       0       0       0       0       0       0
   643 ;;      Totals:         5       0       0       0       0       0       0       0       0
   644 ;;Total ram usage:        5 bytes
   645 ;; Hardware stack levels used:    1
   646 ;; This function calls:
   647 ;;		Nothing
   648 ;; This function is called by:
   649 ;;		_systemInit
   650 ;; This function uses a non-reentrant model
   651 ;;
   652                           
   653                           	psect	text3
   654  007E42                     __ptext3:
   655                           	opt stack 0
   656  007E42                     _OpenADC:
   657                           	opt stack 29
   658                           
   659                           ;incstack = 0
   660                           ;OpenADC@config stored from wreg
   661  007E42  6E0E               	movwf	OpenADC@config,c
   662  007E44  0E00               	movlw	0
   663  007E46  6EC2               	movwf	4034,c	;volatile
   664  007E48  0E00               	movlw	0
   665  007E4A  6EC0               	movwf	4032,c	;volatile
   666  007E4C  90D8               	bcf	status,0,c
   667  007E4E  300A               	rrcf	OpenADC@config2,w,c
   668  007E50  0B3C               	andlw	60
   669  007E52  6EC2               	movwf	4034,c	;volatile
   670  007E54  C00A  F00C         	movff	OpenADC@config2,??_OpenADC
   671  007E58  3A0C               	swapf	??_OpenADC,f,c
   672  007E5A  0EF0               	movlw	240
   673  007E5C  160C               	andwf	??_OpenADC,f,c
   674  007E5E  0E30               	movlw	48
   675  007E60  160C               	andwf	??_OpenADC,f,c
   676  007E62  500B               	movf	OpenADC@portconfig,w,c
   677  007E64  0B0F               	andlw	15
   678  007E66  100C               	iorwf	??_OpenADC,w,c
   679  007E68  6EC1               	movwf	4033,c	;volatile
   680  007E6A  C00E  F00C         	movff	OpenADC@config,??_OpenADC
   681  007E6E  90D8               	bcf	status,0,c
   682  007E70  360C               	rlcf	??_OpenADC,f,c
   683  007E72  90D8               	bcf	status,0,c
   684  007E74  360C               	rlcf	??_OpenADC,f,c
   685  007E76  0E38               	movlw	56
   686  007E78  160C               	andwf	??_OpenADC,f,c
   687  007E7A  C00E  F00D         	movff	OpenADC@config,??_OpenADC+1
   688  007E7E  3A0D               	swapf	??_OpenADC+1,f,c
   689  007E80  0E0F               	movlw	15
   690  007E82  160D               	andwf	??_OpenADC+1,f,c
   691  007E84  0E07               	movlw	7
   692  007E86  160D               	andwf	??_OpenADC+1,f,c
   693  007E88  500E               	movf	OpenADC@config,w,c
   694  007E8A  0B80               	andlw	128
   695  007E8C  100D               	iorwf	??_OpenADC+1,w,c
   696  007E8E  100C               	iorwf	??_OpenADC,w,c
   697  007E90  6EC0               	movwf	4032,c	;volatile
   698  007E92  AE0A               	btfss	OpenADC@config2,7,c
   699  007E94  D003               	goto	l165
   700  007E96  9C9E               	bcf	3998,6,c	;volatile
   701  007E98  8C9D               	bsf	3997,6,c	;volatile
   702  007E9A  8CF2               	bsf	intcon,6,c	;volatile
   703  007E9C                     l165:
   704  007E9C  80C2               	bsf	4034,0,c	;volatile
   705  007E9E  0012               	return		;funcret
   706  007EA0                     __end_of_OpenADC:
   707                           	opt stack 0
   708                           tblptru	equ	0xFF8
   709                           tblptrh	equ	0xFF7
   710                           tblptrl	equ	0xFF6
   711                           tablat	equ	0xFF5
   712                           intcon	equ	0xFF2
   713                           postinc0	equ	0xFEE
   714                           wreg	equ	0xFE8
   715                           status	equ	0xFD8
   716                           
   717 ;; *************** function _CloseADC *****************
   718 ;; Defined at:
   719 ;;		line 23 in file "/Applications/microchip/xc8/v1.45/sources/pic18/plib/ADC/adcclose.c"
   720 ;; Parameters:    Size  Location     Type
   721 ;;		None
   722 ;; Auto vars:     Size  Location     Type
   723 ;;		None
   724 ;; Return value:  Size  Location     Type
   725 ;;                  1    wreg      void 
   726 ;; Registers used:
   727 ;;		None
   728 ;; Tracked objects:
   729 ;;		On entry : 0/0
   730 ;;		On exit  : 0/0
   731 ;;		Unchanged: 0/0
   732 ;; Data sizes:     COMRAM   BANK0   BANK1   BANK2   BANK3   BANK4   BANK5   BANK6   BANK7
   733 ;;      Params:         0       0       0       0       0       0       0       0       0
   734 ;;      Locals:         0       0       0       0       0       0       0       0       0
   735 ;;      Temps:          0       0       0       0       0       0       0       0       0
   736 ;;      Totals:         0       0       0       0       0       0       0       0       0
   737 ;;Total ram usage:        0 bytes
   738 ;; Hardware stack levels used:    1
   739 ;; This function calls:
   740 ;;		Nothing
   741 ;; This function is called by:
   742 ;;		_systemInit
   743 ;; This function uses a non-reentrant model
   744 ;;
   745                           
   746                           	psect	text4
   747  007DF4                     __ptext4:
   748                           	opt stack 0
   749  007DF4                     _CloseADC:
   750                           	opt stack 29
   751                           
   752                           ;incstack = 0
   753  007DF4  90C2               	bcf	4034,0,c	;volatile
   754  007DF6  9C9D               	bcf	3997,6,c	;volatile
   755  007DF8  0012               	return		;funcret
   756  007DFA                     __end_of_CloseADC:
   757                           	opt stack 0
   758                           tblptru	equ	0xFF8
   759                           tblptrh	equ	0xFF7
   760                           tblptrl	equ	0xFF6
   761                           tablat	equ	0xFF5
   762                           intcon	equ	0xFF2
   763                           postinc0	equ	0xFEE
   764                           wreg	equ	0xFE8
   765                           status	equ	0xFD8
   766                           
   767 ;; *************** function _WriteUSART *****************
   768 ;; Defined at:
   769 ;;		line 13 in file "/Applications/microchip/xc8/v1.45/sources/pic18/plib/USART/uwrite.c"
   770 ;; Parameters:    Size  Location     Type
   771 ;;  data            1    wreg     unsigned char 
   772 ;; Auto vars:     Size  Location     Type
   773 ;;  data            1    0[COMRAM] unsigned char 
   774 ;; Return value:  Size  Location     Type
   775 ;;                  1    wreg      void 
   776 ;; Registers used:
   777 ;;		wreg
   778 ;; Tracked objects:
   779 ;;		On entry : 0/0
   780 ;;		On exit  : 0/0
   781 ;;		Unchanged: 0/0
   782 ;; Data sizes:     COMRAM   BANK0   BANK1   BANK2   BANK3   BANK4   BANK5   BANK6   BANK7
   783 ;;      Params:         0       0       0       0       0       0       0       0       0
   784 ;;      Locals:         1       0       0       0       0       0       0       0       0
   785 ;;      Temps:          0       0       0       0       0       0       0       0       0
   786 ;;      Totals:         1       0       0       0       0       0       0       0       0
   787 ;;Total ram usage:        1 bytes
   788 ;; Hardware stack levels used:    1
   789 ;; This function calls:
   790 ;;		Nothing
   791 ;; This function is called by:
   792 ;;		_main
   793 ;; This function uses a non-reentrant model
   794 ;;
   795                           
   796                           	psect	text5
   797  007DFA                     __ptext5:
   798                           	opt stack 0
   799  007DFA                     _WriteUSART:
   800                           	opt stack 30
   801                           
   802                           ;incstack = 0
   803                           ;WriteUSART@data stored from wreg
   804  007DFA  6E0A               	movwf	WriteUSART@data,c
   805  007DFC  ACAC               	btfss	4012,6,c	;volatile
   806  007DFE  D003               	goto	l209
   807  007E00  90AC               	bcf	4012,0,c	;volatile
   808  007E02  B209               	btfsc	_USART_Status,1,c
   809  007E04  80AC               	bsf	4012,0,c	;volatile
   810  007E06                     l209:
   811  007E06  C00A  FFAD         	movff	WriteUSART@data,4013	;volatile
   812  007E0A  0012               	return		;funcret
   813  007E0C                     __end_of_WriteUSART:
   814                           	opt stack 0
   815  0000                     tblptru	equ	0xFF8
   816                           tblptrh	equ	0xFF7
   817                           tblptrl	equ	0xFF6
   818                           tablat	equ	0xFF5
   819                           intcon	equ	0xFF2
   820                           postinc0	equ	0xFEE
   821                           wreg	equ	0xFE8
   822                           status	equ	0xFD8
   823                           tblptru	equ	0xFF8
   824                           tblptrh	equ	0xFF7
   825                           tblptrl	equ	0xFF6
   826                           tablat	equ	0xFF5
   827                           intcon	equ	0xFF2
   828                           postinc0	equ	0xFEE
   829                           wreg	equ	0xFE8
   830                           status	equ	0xFD8
   831                           
   832                           	psect	rparam
   833  0000                     tblptru	equ	0xFF8
   834                           tblptrh	equ	0xFF7
   835                           tblptrl	equ	0xFF6
   836                           tablat	equ	0xFF5
   837                           intcon	equ	0xFF2
   838                           postinc0	equ	0xFEE
   839                           wreg	equ	0xFE8
   840                           status	equ	0xFD8


Data Sizes:
    Strings     0
    Constant    0
    Data        2
    BSS         209
    Persistent  0
    Stack       0

Auto Spaces:
    Space          Size  Autos    Used
    COMRAM           95      8      19
    BANK0           160      0       0
    BANK1           256      0     200
    BANK2           256      0       0
    BANK3           256      0       0
    BANK4           256      0       0
    BANK5           256      0       0
    BANK6           256      0       0
    BANK7           256      0       0

Pointer List with Targets:

    None.

Critical Paths under _main in COMRAM

    _main->_systemInit
    _systemInit->_OpenADC

Critical Paths under _main in BANK0

    None.

Critical Paths under _main in BANK1

    None.

Critical Paths under _main in BANK2

    None.

Critical Paths under _main in BANK3

    None.

Critical Paths under _main in BANK4

    None.

Critical Paths under _main in BANK5

    None.

Critical Paths under _main in BANK6

    None.

Critical Paths under _main in BANK7

    None.

Call Graph Tables:

 ---------------------------------------------------------------------------------
 (Depth) Function   	        Calls       Base Space   Used Autos Params    Refs
 ---------------------------------------------------------------------------------
 (0) _main                                                 2     2      0     624
                                              6 COMRAM     2     2      0
                         _WriteUSART
                         _systemInit
 ---------------------------------------------------------------------------------
 (1) _systemInit                                           1     1      0     602
                                              5 COMRAM     1     1      0
                           _CloseADC
                            _OpenADC
                          _OpenUSART
 ---------------------------------------------------------------------------------
 (2) _OpenUSART                                            3     1      2     296
                                              0 COMRAM     3     1      2
 ---------------------------------------------------------------------------------
 (2) _OpenADC                                              5     3      2     306
                                              0 COMRAM     5     3      2
 ---------------------------------------------------------------------------------
 (2) _CloseADC                                             0     0      0       0
 ---------------------------------------------------------------------------------
 (1) _WriteUSART                                           1     1      0      22
                                              0 COMRAM     1     1      0
 ---------------------------------------------------------------------------------
 Estimated maximum stack depth 2
 ---------------------------------------------------------------------------------

 Call Graph Graphs:

 _main (ROOT)
   _WriteUSART
   _systemInit
     _CloseADC
     _OpenADC
     _OpenUSART

 Address spaces:
Name               Size   Autos  Total    Cost      Usage
BIGRAM             7FF      0       0      21        0.0%
EEDATA             100      0       0       0        0.0%
BITBANK7           100      0       0      18        0.0%
BANK7              100      0       0      19        0.0%
BITBANK6           100      0       0      16        0.0%
BANK6              100      0       0      17        0.0%
BITBANK5           100      0       0      14        0.0%
BANK5              100      0       0      15        0.0%
BITBANK4           100      0       0      12        0.0%
BANK4              100      0       0      13        0.0%
BITBANK3           100      0       0      10        0.0%
BANK3              100      0       0      11        0.0%
BITBANK2           100      0       0       8        0.0%
BANK2              100      0       0       9        0.0%
BITBANK1           100      0       0       6        0.0%
BANK1              100      0      C8       7       78.1%
BITBANK0            A0      0       0       4        0.0%
BANK0               A0      0       0       5        0.0%
BITCOMRAM           5F      0       0       0        0.0%
COMRAM              5F      8      13       1       20.0%
BITSFR               0      0       0     200        0.0%
SFR                  0      0       0     200        0.0%
STACK                0      0       0       2        0.0%
NULL                 0      0       0       0        0.0%
ABS                  0      0      DB      20        0.0%
DATA                 0      0      DB       3        0.0%
CODE                 0      0       0       0        0.0%


Microchip Technology PIC18 Macro Assembler V1.45 build -152302408 
Symbol Table                                                                                   Wed Dec 11 08:03:15 2019

                      _i 0012       __end_of_systemInit 8000                       l11 7F04  
            __CFG_BOR$ON 000000              __CFG_BORV$3 000000             __CFG_CP0$OFF 000000  
           __CFG_CP1$OFF 000000             __CFG_CP2$OFF 000000             __CFG_CP3$OFF 000000  
            __CFG_LVP$ON 000000                      l209 7E06                      l165 7E9C  
                    l190 7EC2                      l191 7EC4                      l194 7ED6  
                    l195 7ED8                      l196 7EE2                      l188 7EB6  
                    l197 7EE4             __CFG_CPB$OFF 000000             __CFG_CPD$OFF 000000  
                    u907 7FC0                      u917 7FE4                      u927 7FF4  
                    u847 7F14                      u857 7F2A                      u867 7F40  
                    u877 7F56                      u887 7F6C                      u897 7FB0  
                    _var 0005                      wreg 000FE8             __CFG_FOSC$HS 000000  
           __CFG_WDT$OFF 000000                     _LATB 000F8A                     _LATD 000F8C  
                   _LATE 000F8D                     _main 7F00                     _var1 0003  
                   start 0000            __CFG_IESO$OFF 000000            __CFG_MCLRE$ON 000000  
           ___param_bank 000000          __end_of_OpenADC 7EA0            __CFG_PLLDIV$5 000000  
         __CFG_CCP2MX$ON 000000                    ?_main 000A                    _RCSTA 000FAB  
                  _SPBRG 000FAF            __CFG_USBDIV$1 000000                    _TRISA 000F92  
                  _TRISB 000F93                    _TRISC 000F94                    _TRISD 000F95  
                  _TRISE 000F96                    _TXREG 000FAD                    _TXSTA 000FAC  
          __CFG_PWRT$OFF 000000            __CFG_WRT0$OFF 000000            __CFG_WRT1$OFF 000000  
          __CFG_WRT2$OFF 000000            __CFG_WRT3$OFF 000000           __CFG_EBTR0$OFF 000000  
         __CFG_FCMEN$OFF 000000           __CFG_EBTR1$OFF 000000           __CFG_EBTR2$OFF 000000  
         __CFG_EBTR3$OFF 000000            __CFG_WRTB$OFF 000000            __CFG_WRTC$OFF 000000  
          __CFG_WRTD$OFF 000000           __CFG_EBTRB$OFF 000000                    tablat 000FF5  
                  status 000FD8           __CFG_ICPRT$OFF 000000           __CFG_PBADEN$ON 000000  
       __end_of_CloseADC 7DFA           WriteUSART@data 000A          __initialization 7E0C  
           __end_of_main 7F7A                   ??_main 0010            __activetblptr 000000  
                 _ADCON0 000FC2                   _ADCON1 000FC1                   _ADCON2 000FC0  
                 _SPBRGH 000FB0                ??_OpenADC 000C           __CFG_XINST$OFF 000000  
     __size_of_OpenUSART 0060           __CFG_STVREN$ON 000000                   _config 0007  
                 clear_0 7E2A                   clear_1 7E36             __pdataCOMRAM 0012  
                 tblptrh 000FF7                   tblptrl 000FF6                   tblptru 000FF8  
             __accesstop 0060  __end_of__initialization 7E3C            ___rparam_used 000001  
             _WriteUSART 7DFA           __pcstackCOMRAM 000A                ?_CloseADC 000A  
      __end_of_OpenUSART 7F00               __pbssBANK1 0100               ??_CloseADC 000A  
        __CFG_VREGEN$OFF 000000                  _OpenADC 7E42                  __Hparam 0000  
                __Lparam 0000              ?_WriteUSART 000A                  __pcinit 7E0C  
                __ramtop 0800                  __ptext0 7F00                  __ptext1 7F7A  
                __ptext2 7EA0                  __ptext3 7E42                  __ptext4 7DF4  
                __ptext5 7DFA                  _presets 0100           OpenADC@config2 000A  
   end_of_initialization 7E3C                _RCSTAbits 000FAB                  postinc0 000FEE  
              _PORTAbits 000F80                _PORTBbits 000F81                _PORTCbits 000F82  
              _TRISCbits 000F94      __size_of_WriteUSART 0012                _TXSTAbits 000FAC  
            _BAUDCONbits 000FB8            __pidataCOMRAM 7DF2      start_initialization 7E0C  
             _systemInit 7F7A        __size_of_CloseADC 0006                _OpenUSART 7EA0  
       __CFG_LPT1OSC$OFF 000000              __pbssCOMRAM 0001               ?_OpenUSART 000A  
      OpenADC@portconfig 000B                 ?_OpenADC 000A             ??_WriteUSART 000A  
            ?_systemInit 000A                _auxconfig 0001       __end_of_WriteUSART 7E0C  
          OpenADC@config 000E                 _LATBbits 000F8A                 _LATDbits 000F8C  
               _LATEbits 000F8D                 _PIE1bits 000F9D                 _PIR1bits 000F9E  
       __CFG_WDTPS$32768 000000               _ADCON0bits 000FC2                 _CloseADC 7DF4  
            ??_OpenUSART 000C          OpenUSART@config 000C                 __Hrparam 0000  
       __size_of_OpenADC 005E                 __Lrparam 0000      __size_of_systemInit 0086  
          __size_of_main 007A    __CFG_CPUDIV$OSC1_PLL2 000000               _INTCONbits 000FF2  
         OpenUSART@spbrg 000A             ??_systemInit 000F             _USART_Status 0009  
