

Microchip Technology PIC18 PRO Macro Assembler V1.35 build -356382666 
                                                                                               Sat Jan 30 11:24:38 2016

Microchip Technology Omniscient Code Generator v1.35 (PRO mode) build 201507080246
     1                           	processor	18F45K22
     2                           	fnconf	rparam,??,?,0
     3                           	opt	pw 120
     4                           	opt	pm
     5                           	psect	cinit,global,reloc=2,class=CODE,delta=1
     6                           	psect	cstackCOMRAM,global,class=COMRAM,space=1,delta=1
     7                           	psect	text0,global,reloc=2,class=CODE,delta=1
     8                           	psect	text1,global,reloc=2,class=CODE,delta=1
     9                           	psect	text2,global,reloc=2,class=CODE,delta=1
    10                           	psect	text3,global,reloc=2,class=CODE,delta=1
    11                           	psect	text4,global,reloc=2,class=CODE,delta=1
    12                           	psect	text5,global,reloc=2,class=CODE,delta=1
    13                           	psect	intsave_regs,global,class=BIGRAM,space=1,delta=1
    14                           	psect	rparam,global,class=COMRAM,space=1,delta=1
    15  0000                     _ANSELA	set	3896
    16  0000                     _ANSELB	set	3897
    17  0000                     _ANSELC	set	3898
    18  0000                     _ANSELD	set	3899
    19  0000                     _ANSELE	set	3900
    20  0000                     _INTCON2bits	set	4081
    21  0000                     _LATA	set	3977
    22  0000                     _LATB	set	3978
    23  0000                     _LATC	set	3979
    24  0000                     _LATD	set	3980
    25  0000                     _LATE	set	3981
    26  0000                     _OSCCON	set	4051
    27  0000                     _OSCCON2	set	4050
    28  0000                     _OSCTUNE	set	3995
    29  0000                     _TRISA	set	3986
    30  0000                     _TRISB	set	3987
    31  0000                     _TRISC	set	3988
    32  0000                     _TRISD	set	3989
    33  0000                     _TRISE	set	3990
    34  0000                     _WPUB	set	3937
    35  0000                     _LATD0	set	31840
    36                           
    37                           ; #config settings
    38  0000                     
    39                           	psect	cinit
    40  007F72                     __pcinit:
    41                           	opt stack 0
    42  007F72                     start_initialization:
    43                           	opt stack 0
    44  007F72                     __initialization:
    45                           	opt stack 0
    46  007F72                     end_of_initialization:
    47                           	opt stack 0
    48  007F72                     __end_of__initialization:
    49                           	opt stack 0
    50  007F72  0100               	movlb	0
    51  007F74  EFC0  F03F         	goto	_main	;jump to C main() function
    52                           
    53                           	psect	cstackCOMRAM
    54  000001                     __pcstackCOMRAM:
    55                           	opt stack 0
    56  000001                     delayMs@time:
    57                           	opt stack 0
    58                           
    59                           ; 2 bytes @ 0x0
    60  000001                     	ds	2
    61  000003                     ??_delayMs:
    62                           
    63                           ; 0 bytes @ 0x2
    64  000003                     	ds	1
    65  000004                     delayMs@i:
    66                           	opt stack 0
    67                           
    68                           ; 2 bytes @ 0x3
    69  000004                     	ds	2
    70  000006                     
    71                           ; 0 bytes @ 0x5
    72 ;;
    73 ;;Main: autosize = 0, tempsize = 0, incstack = 0, save=0
    74 ;;
    75 ;; *************** function _main *****************
    76 ;; Defined at:
    77 ;;		line 53 in file "main.c"
    78 ;; Parameters:    Size  Location     Type
    79 ;;		None
    80 ;; Auto vars:     Size  Location     Type
    81 ;;		None
    82 ;; Return value:  Size  Location     Type
    83 ;;		None               void
    84 ;; Registers used:
    85 ;;		wreg, status,2, status,0, cstack
    86 ;; Tracked objects:
    87 ;;		On entry : 0/0
    88 ;;		On exit  : 0/0
    89 ;;		Unchanged: 0/0
    90 ;; Data sizes:     COMRAM   BANK0   BANK1   BANK2   BANK3   BANK4   BANK5
    91 ;;      Params:         0       0       0       0       0       0       0
    92 ;;      Locals:         0       0       0       0       0       0       0
    93 ;;      Temps:          0       0       0       0       0       0       0
    94 ;;      Totals:         0       0       0       0       0       0       0
    95 ;;Total ram usage:        0 bytes
    96 ;; Hardware stack levels required when called:    2
    97 ;; This function calls:
    98 ;;		_SYSTEM_Initialize
    99 ;;		_app
   100 ;; This function is called by:
   101 ;;		Startup code after reset
   102 ;; This function uses a non-reentrant model
   103 ;;
   104                           
   105                           	psect	text0
   106  007F80                     __ptext0:
   107                           	opt stack 0
   108  007F80                     _main:
   109                           	opt stack 29
   110                           
   111                           ;main.c: 55: SYSTEM_Initialize();
   112                           
   113                           ;incstack = 0
   114  007F80  ECBC  F03F         	call	_SYSTEM_Initialize	;wreg free
   115  007F84                     l720:
   116                           
   117                           ;main.c: 87: app();
   118  007F84  ECCB  F03F         	call	_app	;wreg free
   119  007F88  D7FD               	goto	l720
   120  007F8A                     __end_of_main:
   121                           	opt stack 0
   122                           
   123 ;; *************** function _app *****************
   124 ;; Defined at:
   125 ;;		line 3 in file "app.c"
   126 ;; Parameters:    Size  Location     Type
   127 ;;		None
   128 ;; Auto vars:     Size  Location     Type
   129 ;;		None
   130 ;; Return value:  Size  Location     Type
   131 ;;		None               void
   132 ;; Registers used:
   133 ;;		wreg, status,2, status,0, cstack
   134 ;; Tracked objects:
   135 ;;		On entry : 0/F
   136 ;;		On exit  : 0/0
   137 ;;		Unchanged: 0/0
   138 ;; Data sizes:     COMRAM   BANK0   BANK1   BANK2   BANK3   BANK4   BANK5
   139 ;;      Params:         0       0       0       0       0       0       0
   140 ;;      Locals:         0       0       0       0       0       0       0
   141 ;;      Temps:          0       0       0       0       0       0       0
   142 ;;      Totals:         0       0       0       0       0       0       0
   143 ;;Total ram usage:        0 bytes
   144 ;; Hardware stack levels used:    1
   145 ;; Hardware stack levels required when called:    1
   146 ;; This function calls:
   147 ;;		_delayMs
   148 ;; This function is called by:
   149 ;;		_main
   150 ;; This function uses a non-reentrant model
   151 ;;
   152                           
   153                           	psect	text1
   154  007F96                     __ptext1:
   155                           	opt stack 0
   156  007F96                     _app:
   157                           	opt stack 29
   158                           
   159                           ;incstack = 0
   160                           ;app.c: 6: do { LATD0 = ~LATD0; } while(0);
   161  007F96  B08C               	btfsc	3980,0,c	;volatile
   162  007F98  D002               	goto	u50
   163  007F9A  808C               	bsf	3980,0,c	;volatile
   164  007F9C  D001               	goto	l716
   165  007F9E                     u50:
   166  007F9E  908C               	bcf	3980,0,c	;volatile
   167  007FA0                     l716:
   168                           
   169                           ;app.c: 7: delayMs(300);
   170  007FA0  0E01               	movlw	1
   171  007FA2  6E02               	movwf	delayMs@time+1,c
   172  007FA4  0E2C               	movlw	44
   173  007FA6  6E01               	movwf	delayMs@time,c
   174  007FA8  EFD6  F03F         	goto	_delayMs	;wreg free
   175  007FAC                     __end_of_app:
   176                           	opt stack 0
   177                           
   178 ;; *************** function _delayMs *****************
   179 ;; Defined at:
   180 ;;		line 3 in file "delay.c"
   181 ;; Parameters:    Size  Location     Type
   182 ;;  time            2    0[COMRAM] unsigned int 
   183 ;; Auto vars:     Size  Location     Type
   184 ;;  i               2    3[COMRAM] unsigned int 
   185 ;; Return value:  Size  Location     Type
   186 ;;		None               void
   187 ;; Registers used:
   188 ;;		wreg, status,2, status,0
   189 ;; Tracked objects:
   190 ;;		On entry : 0/F
   191 ;;		On exit  : 0/0
   192 ;;		Unchanged: 0/0
   193 ;; Data sizes:     COMRAM   BANK0   BANK1   BANK2   BANK3   BANK4   BANK5
   194 ;;      Params:         2       0       0       0       0       0       0
   195 ;;      Locals:         2       0       0       0       0       0       0
   196 ;;      Temps:          1       0       0       0       0       0       0
   197 ;;      Totals:         5       0       0       0       0       0       0
   198 ;;Total ram usage:        5 bytes
   199 ;; Hardware stack levels used:    1
   200 ;; This function calls:
   201 ;;		Nothing
   202 ;; This function is called by:
   203 ;;		_app
   204 ;; This function uses a non-reentrant model
   205 ;;
   206                           
   207                           	psect	text2
   208  007FAC                     __ptext2:
   209                           	opt stack 0
   210  007FAC                     _delayMs:
   211                           	opt stack 29
   212                           
   213                           ;delay.c: 5: for(uint16_t i = 0; i < time; ++i)
   214                           
   215                           ;incstack = 0
   216  007FAC  6A04               	clrf	delayMs@i,c
   217  007FAE  6A05               	clrf	delayMs@i+1,c
   218  007FB0  D009               	goto	l77
   219  007FB2                     l712:
   220                           
   221                           ;delay.c: 6: {
   222                           ;delay.c: 7: _delay((unsigned long)((1)*(8000000/4000.0)));
   223  007FB2  0E03               	movlw	3
   224  007FB4  6E03               	movwf	??_delayMs& (0+255),c
   225  007FB6  0E98               	movlw	152
   226  007FB8                     u77:
   227  007FB8  2EE8               	decfsz	wreg,f,c
   228  007FBA  D7FE               	goto	u77
   229  007FBC  2E03               	decfsz	??_delayMs& (0+255),f,c
   230  007FBE  D7FC               	goto	u77
   231  007FC0  4A04               	infsnz	delayMs@i,f,c
   232  007FC2  2A05               	incf	delayMs@i+1,f,c
   233  007FC4                     l77:
   234  007FC4  5001               	movf	delayMs@time,w,c
   235  007FC6  5C04               	subwf	delayMs@i,w,c
   236  007FC8  5002               	movf	delayMs@time+1,w,c
   237  007FCA  5805               	subwfb	delayMs@i+1,w,c
   238  007FCC  E3F2               	bnc	l712
   239  007FCE  0012               	return		;funcret
   240  007FD0                     __end_of_delayMs:
   241                           	opt stack 0
   242                           wreg	equ	0xFE8
   243                           
   244 ;; *************** function _SYSTEM_Initialize *****************
   245 ;; Defined at:
   246 ;;		line 112 in file "mcc_generated_files/mcc.c"
   247 ;; Parameters:    Size  Location     Type
   248 ;;		None
   249 ;; Auto vars:     Size  Location     Type
   250 ;;		None
   251 ;; Return value:  Size  Location     Type
   252 ;;		None               void
   253 ;; Registers used:
   254 ;;		wreg, status,2, cstack
   255 ;; Tracked objects:
   256 ;;		On entry : 0/0
   257 ;;		On exit  : F/F
   258 ;;		Unchanged: 0/0
   259 ;; Data sizes:     COMRAM   BANK0   BANK1   BANK2   BANK3   BANK4   BANK5
   260 ;;      Params:         0       0       0       0       0       0       0
   261 ;;      Locals:         0       0       0       0       0       0       0
   262 ;;      Temps:          0       0       0       0       0       0       0
   263 ;;      Totals:         0       0       0       0       0       0       0
   264 ;;Total ram usage:        0 bytes
   265 ;; Hardware stack levels used:    1
   266 ;; Hardware stack levels required when called:    1
   267 ;; This function calls:
   268 ;;		_OSCILLATOR_Initialize
   269 ;;		_PIN_MANAGER_Initialize
   270 ;; This function is called by:
   271 ;;		_main
   272 ;; This function uses a non-reentrant model
   273 ;;
   274                           
   275                           	psect	text3
   276  007F78                     __ptext3:
   277                           	opt stack 0
   278  007F78                     _SYSTEM_Initialize:
   279                           	opt stack 29
   280                           
   281                           ;mcc.c: 113: OSCILLATOR_Initialize();
   282                           
   283                           ;incstack = 0
   284  007F78  ECC5  F03F         	call	_OSCILLATOR_Initialize	;wreg free
   285                           
   286                           ;mcc.c: 114: PIN_MANAGER_Initialize();
   287  007F7C  EFE8  F03F         	goto	_PIN_MANAGER_Initialize	;wreg free
   288  007F80                     __end_of_SYSTEM_Initialize:
   289                           	opt stack 0
   290                           wreg	equ	0xFE8
   291                           
   292 ;; *************** function _PIN_MANAGER_Initialize *****************
   293 ;; Defined at:
   294 ;;		line 50 in file "mcc_generated_files/pin_manager.c"
   295 ;; Parameters:    Size  Location     Type
   296 ;;		None
   297 ;; Auto vars:     Size  Location     Type
   298 ;;		None
   299 ;; Return value:  Size  Location     Type
   300 ;;		None               void
   301 ;; Registers used:
   302 ;;		wreg, status,2
   303 ;; Tracked objects:
   304 ;;		On entry : 0/0
   305 ;;		On exit  : F/F
   306 ;;		Unchanged: 0/0
   307 ;; Data sizes:     COMRAM   BANK0   BANK1   BANK2   BANK3   BANK4   BANK5
   308 ;;      Params:         0       0       0       0       0       0       0
   309 ;;      Locals:         0       0       0       0       0       0       0
   310 ;;      Temps:          0       0       0       0       0       0       0
   311 ;;      Totals:         0       0       0       0       0       0       0
   312 ;;Total ram usage:        0 bytes
   313 ;; Hardware stack levels used:    1
   314 ;; This function calls:
   315 ;;		Nothing
   316 ;; This function is called by:
   317 ;;		_SYSTEM_Initialize
   318 ;; This function uses a non-reentrant model
   319 ;;
   320                           
   321                           	psect	text4
   322  007FD0                     __ptext4:
   323                           	opt stack 0
   324  007FD0                     _PIN_MANAGER_Initialize:
   325                           	opt stack 29
   326                           
   327                           ;pin_manager.c: 51: LATA = 0x00;
   328                           
   329                           ; BSR set to: 15
   330                           ;incstack = 0
   331  007FD0  6A89               	clrf	3977,c	;volatile
   332                           
   333                           ;pin_manager.c: 52: TRISA = 0xFF;
   334  007FD2  6892               	setf	3986,c	;volatile
   335                           
   336                           ;pin_manager.c: 53: ANSELA = 0x2F;
   337  007FD4  0E2F               	movlw	47
   338  007FD6  010F               	movlb	15	; () banked
   339  007FD8  6F38               	movwf	56,b	;volatile
   340                           
   341                           ; BSR set to: 15
   342                           ;pin_manager.c: 55: LATB = 0x00;
   343  007FDA  6A8A               	clrf	3978,c	;volatile
   344                           
   345                           ; BSR set to: 15
   346                           ;pin_manager.c: 56: TRISB = 0xFF;
   347  007FDC  6893               	setf	3987,c	;volatile
   348                           
   349                           ;pin_manager.c: 57: ANSELB = 0x3F;
   350  007FDE  0E3F               	movlw	63
   351  007FE0  6F39               	movwf	57,b	;volatile
   352                           
   353                           ; BSR set to: 15
   354                           ;pin_manager.c: 58: WPUB = 0x00;
   355  007FE2  6A61               	clrf	3937,c	;volatile
   356                           
   357                           ; BSR set to: 15
   358                           ;pin_manager.c: 60: LATC = 0x00;
   359  007FE4  6A8B               	clrf	3979,c	;volatile
   360                           
   361                           ; BSR set to: 15
   362                           ;pin_manager.c: 61: TRISC = 0xFF;
   363  007FE6  6894               	setf	3988,c	;volatile
   364                           
   365                           ;pin_manager.c: 62: ANSELC = 0xFC;
   366  007FE8  0EFC               	movlw	252
   367  007FEA  6F3A               	movwf	58,b	;volatile
   368                           
   369                           ; BSR set to: 15
   370                           ;pin_manager.c: 64: LATD = 0x00;
   371  007FEC  6A8C               	clrf	3980,c	;volatile
   372                           
   373                           ;pin_manager.c: 65: TRISD = 0xFE;
   374  007FEE  0EFE               	movlw	254
   375  007FF0  6E95               	movwf	3989,c	;volatile
   376                           
   377                           ;pin_manager.c: 66: ANSELD = 0xFE;
   378  007FF2  6F3B               	movwf	59,b	;volatile
   379                           
   380                           ; BSR set to: 15
   381                           ;pin_manager.c: 68: LATE = 0x00;
   382  007FF4  6A8D               	clrf	3981,c	;volatile
   383                           
   384                           ;pin_manager.c: 69: TRISE = 0x07;
   385  007FF6  0E07               	movlw	7
   386  007FF8  6E96               	movwf	3990,c	;volatile
   387                           
   388                           ;pin_manager.c: 70: ANSELE = 0x07;
   389  007FFA  6F3C               	movwf	60,b	;volatile
   390                           
   391                           ; BSR set to: 15
   392                           ;pin_manager.c: 72: INTCON2bits.nRBPU = 0x01;
   393  007FFC  8EF1               	bsf	intcon2,7,c	;volatile
   394                           
   395                           ; BSR set to: 15
   396  007FFE  0C07               	retlw	7	;funcret
   397  008000                     __end_of_PIN_MANAGER_Initialize:
   398                           	opt stack 0
   399                           intcon2	equ	0xFF1
   400                           wreg	equ	0xFE8
   401                           
   402 ;; *************** function _OSCILLATOR_Initialize *****************
   403 ;; Defined at:
   404 ;;		line 117 in file "mcc_generated_files/mcc.c"
   405 ;; Parameters:    Size  Location     Type
   406 ;;		None
   407 ;; Auto vars:     Size  Location     Type
   408 ;;		None
   409 ;; Return value:  Size  Location     Type
   410 ;;		None               void
   411 ;; Registers used:
   412 ;;		wreg, status,2
   413 ;; Tracked objects:
   414 ;;		On entry : 0/0
   415 ;;		On exit  : 0/0
   416 ;;		Unchanged: 0/0
   417 ;; Data sizes:     COMRAM   BANK0   BANK1   BANK2   BANK3   BANK4   BANK5
   418 ;;      Params:         0       0       0       0       0       0       0
   419 ;;      Locals:         0       0       0       0       0       0       0
   420 ;;      Temps:          0       0       0       0       0       0       0
   421 ;;      Totals:         0       0       0       0       0       0       0
   422 ;;Total ram usage:        0 bytes
   423 ;; Hardware stack levels used:    1
   424 ;; This function calls:
   425 ;;		Nothing
   426 ;; This function is called by:
   427 ;;		_SYSTEM_Initialize
   428 ;; This function uses a non-reentrant model
   429 ;;
   430                           
   431                           	psect	text5
   432  007F8A                     __ptext5:
   433                           	opt stack 0
   434  007F8A                     _OSCILLATOR_Initialize:
   435                           	opt stack 29
   436                           
   437                           ;mcc.c: 119: OSCCON = 0x30;
   438                           
   439                           ; BSR set to: 15
   440                           ;incstack = 0
   441  007F8A  0E30               	movlw	48
   442  007F8C  6ED3               	movwf	4051,c	;volatile
   443                           
   444                           ;mcc.c: 121: OSCCON2 = 0x04;
   445  007F8E  0E04               	movlw	4
   446  007F90  6ED2               	movwf	4050,c	;volatile
   447                           
   448                           ;mcc.c: 123: OSCTUNE = 0x00;
   449  007F92  6A9B               	clrf	3995,c	;volatile
   450  007F94  0012               	return		;funcret
   451  007F96                     __end_of_OSCILLATOR_Initialize:
   452                           	opt stack 0
   453  0000                     intcon2	equ	0xFF1
   454                           wreg	equ	0xFE8
   455                           intcon2	equ	0xFF1
   456                           wreg	equ	0xFE8
   457                           
   458                           	psect	rparam
   459  0000                     intcon2	equ	0xFF1
   460                           wreg	equ	0xFE8


Data Sizes:
    Strings     0
    Constant    0
    Data        0
    BSS         0
    Persistent  0
    Stack       0

Auto Spaces:
    Space          Size  Autos    Used
    COMRAM           95      5       5
    BANK0           160      0       0
    BANK1           256      0       0
    BANK2           256      0       0
    BANK3           256      0       0
    BANK4           256      0       0
    BANK5           256      0       0

Pointer List with Targets:

    None.

Critical Paths under _main in COMRAM

    _app->_delayMs

Critical Paths under _main in BANK0

    None.

Critical Paths under _main in BANK1

    None.

Critical Paths under _main in BANK2

    None.

Critical Paths under _main in BANK3

    None.

Critical Paths under _main in BANK4

    None.

Critical Paths under _main in BANK5

    None.

Call Graph Tables:

 ---------------------------------------------------------------------------------
 (Depth) Function   	        Calls       Base Space   Used Autos Params    Refs
 ---------------------------------------------------------------------------------
 (0) _main                                                 0     0      0      89
                  _SYSTEM_Initialize
                                _app
 ---------------------------------------------------------------------------------
 (1) _app                                                  0     0      0      89
                            _delayMs
 ---------------------------------------------------------------------------------
 (2) _delayMs                                              5     3      2      89
                                              0 COMRAM     5     3      2
 ---------------------------------------------------------------------------------
 (1) _SYSTEM_Initialize                                    0     0      0       0
              _OSCILLATOR_Initialize
             _PIN_MANAGER_Initialize
 ---------------------------------------------------------------------------------
 (2) _PIN_MANAGER_Initialize                               0     0      0       0
 ---------------------------------------------------------------------------------
 (2) _OSCILLATOR_Initialize                                0     0      0       0
 ---------------------------------------------------------------------------------
 Estimated maximum stack depth 2
 ---------------------------------------------------------------------------------

 Call Graph Graphs:

 _main (ROOT)
   _SYSTEM_Initialize
     _OSCILLATOR_Initialize
     _PIN_MANAGER_Initialize
   _app
     _delayMs

 Address spaces:
Name               Size   Autos  Total    Cost      Usage
BITCOMRAM           5F      0       0       0        0.0%
EEDATA             100      0       0       0        0.0%
NULL                 0      0       0       0        0.0%
CODE                 0      0       0       0        0.0%
COMRAM              5F      5       5       1        5.3%
STACK                0      0       0       2        0.0%
BITBANK0            A0      0       0       3        0.0%
BANK0               A0      0       0       4        0.0%
BITBANK1           100      0       0       5        0.0%
BANK1              100      0       0       6        0.0%
BITBANK2           100      0       0       7        0.0%
BANK2              100      0       0       8        0.0%
ABS                  0      0       0       9        0.0%
BITBANK3           100      0       0      10        0.0%
BANK3              100      0       0      11        0.0%
BITBANK4           100      0       0      12        0.0%
BANK4              100      0       0      13        0.0%
BITBANK5           100      0       0      14        0.0%
BANK5              100      0       0      15        0.0%
BIGRAM             5FF      0       0      16        0.0%
DATA                 0      0       0      17        0.0%
BITSFR_1             0      0       0      40        0.0%
SFR_1                0      0       0      40        0.0%
BITSFR               0      0       0      40        0.0%
SFR                  0      0       0      40        0.0%


Microchip Technology PIC18 Macro Assembler V1.35 build -356382666 
Symbol Table                                                                                   Sat Jan 30 11:24:38 2016

                             l77 7FC4                               u50 7F9E  
                             u77 7FB8                     __CFG_CP0$OFF 000000  
                   __CFG_CP1$OFF 000000                     __CFG_CP2$OFF 000000  
                   __CFG_CP3$OFF 000000                              l712 7FB2  
                            l720 7F84                              l716 7FA0  
                   __CFG_CPB$OFF 000000                     __CFG_CPD$OFF 000000  
                            _app 7F96                              wreg 000FE8  
                   __CFG_LVP$OFF 000000                             ?_app 0001  
                           _LATA 000F89                             _LATB 000F8A  
                           _LATC 000F8B                             _LATD 000F8C  
                           _LATE 000F8D                             _WPUB 000F61  
                           _main 7F80                    __CFG_BORV$190 000000  
                           start 0000                    __CFG_IESO$OFF 000000  
                   ___param_bank 000010                            ??_app 0006  
 __size_of_OSCILLATOR_Initialize 000C    __end_of_OSCILLATOR_Initialize 7F96  
                          ?_main 0001                            _LATD0 007C60  
                 __CFG_DEBUG$OFF 000000                            _TRISA 000F92  
                          _TRISB 000F93                            _TRISC 000F94  
                          _TRISD 000F95                            _TRISE 000F96  
                __end_of_delayMs 7FD0                    __CFG_WRT0$OFF 000000  
                  __CFG_WRT1$OFF 000000                    __CFG_WRT2$OFF 000000  
                  __CFG_WRT3$OFF 000000                   __CFG_EBTR0$OFF 000000  
                 __CFG_FCMEN$OFF 000000                   __CFG_EBTR1$OFF 000000  
                 __CFG_EBTR2$OFF 000000                   __CFG_EBTR3$OFF 000000  
                  __CFG_WRTB$OFF 000000                    __CFG_WRTC$OFF 000000  
                  __CFG_WRTD$OFF 000000                   __CFG_EBTRB$OFF 000000  
             __CFG_MCLRE$EXTMCLR 000000                            status 000FD8  
                 __CFG_HFOFST$ON 000000                   __CFG_FOSC$HSMP 000000  
                __initialization 7F72                     __end_of_main 7F8A  
                         ??_main 0006                    __activetblptr 000000  
                         _ANSELA 000F38                           _ANSELB 000F39  
                         _ANSELC 000F3A                           _ANSELD 000F3B  
                         _ANSELE 000F3C                   __CFG_WDTEN$OFF 000000  
                         _OSCCON 000FD3                   __CFG_XINST$OFF 000000  
                 __CFG_STVREN$ON 000000                        ??_delayMs 0003  
              _SYSTEM_Initialize 7F78                       __accesstop 0060  
        __end_of__initialization 7F72                  __CFG_PBADEN$OFF 000000  
             ?_SYSTEM_Initialize 0001                    ___rparam_used 000001  
                 __pcstackCOMRAM 0001              ??_SYSTEM_Initialize 0001  
      __end_of_SYSTEM_Initialize 7F80                  __CFG_PLLCFG$OFF 000000  
             __CFG_CCP2MX$PORTC1 000000               __CFG_CCP3MX$PORTB5 000000  
                        _OSCCON2 000FD2                __CFG_PRICLKEN$OFF 000000  
                        _OSCTUNE 000F9B                  __CFG_PWRTEN$OFF 000000  
                        __Hparam 0000                          __Lparam 0000  
                        __pcinit 7F72                          _delayMs 7FAC  
                        __ramtop 0600                          __ptext0 7F80  
                        __ptext1 7F96                          __ptext2 7FAC  
                        __ptext3 7F78                          __ptext4 7FD0  
                        __ptext5 7F8A            _OSCILLATOR_Initialize 7F8A  
                   __size_of_app 0016         ??_PIN_MANAGER_Initialize 0001  
     __size_of_SYSTEM_Initialize 0008             end_of_initialization 7F72  
         ?_OSCILLATOR_Initialize 0001              start_initialization 7F72  
__size_of_PIN_MANAGER_Initialize 0030                      __end_of_app 7FAC  
         _PIN_MANAGER_Initialize 7FD0                         ?_delayMs 0001  
               __CFG_WDTPS$32768 000000                      _INTCON2bits 000FF1  
                       __Hrparam 0000                         __Lrparam 0000  
             __CFG_BOREN$SBORDIS 000000                __CFG_P2BMX$PORTD2 000000  
        ??_OSCILLATOR_Initialize 0001                 __size_of_delayMs 0024  
                  __size_of_main 000A                         delayMs@i 0004  
                    delayMs@time 0001          ?_PIN_MANAGER_Initialize 0001  
              __CFG_T3CMX$PORTC0 000000   __end_of_PIN_MANAGER_Initialize 8000  
