

Microchip Technology PIC18 LITE Macro Assembler V1.44 build -154322312 
                                                                                               Mon Nov 20 08:26:25 2017

Microchip Technology Omniscient Code Generator v1.44 (Free mode) build 201709140600
     1                           	processor	18F45K22
     2                           	fnconf	rparam,??,?,0
     3                           	opt	pw 120
     4                           	opt	lm
     5                           	psect	cinit,global,reloc=2,class=CODE,delta=1
     6                           	psect	cstackCOMRAM,global,class=COMRAM,space=1,delta=1,noexec
     7                           	psect	text0,global,reloc=2,class=CODE,delta=1
     8                           	psect	text1,global,reloc=2,class=CODE,delta=1
     9                           	psect	text2,global,reloc=2,class=CODE,delta=1
    10                           	psect	text3,global,reloc=2,class=CODE,delta=1
    11                           	psect	text4,global,reloc=2,class=CODE,delta=1
    12                           	psect	text5,global,reloc=2,class=CODE,delta=1
    13                           	psect	intsave_regs,global,class=BIGRAM,space=1,delta=1,noexec
    14                           	psect	rparam,global,class=COMRAM,space=1,delta=1,noexec
    15  0000                     
    16                           ; Version 1.44
    17                           ; Generated 14/09/2017 GMT
    18                           ; 
    19                           ; Copyright © 2017, Microchip Technology Inc. and its subsidiaries ("Microchip")
    20                           ; All rights reserved.
    21                           ; 
    22                           ; This software is developed by Microchip Technology Inc. and its subsidiaries ("Microch
      +                          ip").
    23                           ; 
    24                           ; Redistribution and use in source and binary forms, with or without modification, are
    25                           ; permitted provided that the following conditions are met:
    26                           ; 
    27                           ;     1. Redistributions of source code must retain the above copyright notice, this lis
      +                          t of
    28                           ;        conditions and the following disclaimer.
    29                           ; 
    30                           ;     2. Redistributions in binary form must reproduce the above copyright notice, this 
      +                          list
    31                           ;        of conditions and the following disclaimer in the documentation and/or other
    32                           ;        materials provided with the distribution.
    33                           ; 
    34                           ;     3. Microchip's name may not be used to endorse or promote products derived from th
      +                          is
    35                           ;        software without specific prior written permission.
    36                           ; 
    37                           ; THIS SOFTWARE IS PROVIDED BY MICROCHIP "AS IS" AND ANY EXPRESS OR IMPLIED WARRANTIES,
    38                           ; INCLUDING, BUT NOT LIMITED TO, THE IMPLIED WARRANTIES OF MERCHANTABILITY AND FITNESS F
      +                          OR
    39                           ; PURPOSE ARE DISCLAIMED.  IN NO EVENT SHALL MICROCHIP BE LIABLE FOR ANY DIRECT, INDIREC
      +                          T,
    40                           ; INCIDENTAL, SPECIAL, EXEMPLARY, OR CONSEQUENTIAL DAMAGES (INCLUDING BUT NOT LIMITED TO
    41                           ; PROCUREMENT OF SUBSTITUTE GOODS OR SERVICES; LOSS OF USE, DATA OR PROFITS; OR BUSINESS
    42                           ; INTERRUPTION) HOWSOEVER CAUSED AND ON ANY THEORY OF LIABILITY, WHETHER IN CONTRACT, ST
      +                          RICT
    43                           ; LIABILITY, OR TORT (INCLUDING NEGLIGENCE OR OTHERWISE) ARISING IN ANY WAY OUT OF THE U
      +                          SE OF
    44                           ; THIS SOFTWARE, EVEN IF ADVISED OF THE POSSIBILITY OF SUCH DAMAGE.
    45                           ; 
    46                           ; 
    47                           ; Code-generator required, PIC18F45K22 Definitions
    48                           ; 
    49                           ; SFR Addresses
    50  0000                     _ANSELA	set	3896
    51  0000                     _ANSELE	set	3900
    52  0000                     _ANSELD	set	3899
    53  0000                     _ANSELB	set	3897
    54  0000                     _ANSELC	set	3898
    55  0000                     _LATAbits	set	3977
    56  0000                     _INTCON2bits	set	4081
    57  0000                     _WPUB	set	3937
    58  0000                     _TRISD	set	3989
    59  0000                     _TRISC	set	3988
    60  0000                     _TRISB	set	3987
    61  0000                     _TRISA	set	3986
    62  0000                     _TRISE	set	3990
    63  0000                     _LATC	set	3979
    64  0000                     _LATB	set	3978
    65  0000                     _LATA	set	3977
    66  0000                     _LATD	set	3980
    67  0000                     _LATE	set	3981
    68  0000                     _OSCTUNE	set	3995
    69  0000                     _OSCCON2	set	4050
    70  0000                     _OSCCON	set	4051
    71                           
    72                           ; #config settings
    73  0000                     
    74                           	psect	cinit
    75  007F4C                     __pcinit:
    76                           	opt stack 0
    77  007F4C                     start_initialization:
    78                           	opt stack 0
    79  007F4C                     __initialization:
    80                           	opt stack 0
    81  007F4C                     end_of_initialization:
    82                           	opt stack 0
    83  007F4C                     __end_of__initialization:
    84                           	opt stack 0
    85  007F4C  0100               	movlb	0
    86  007F4E  EFAE  F03F         	goto	_main	;jump to C main() function
    87                           
    88                           	psect	cstackCOMRAM
    89  000001                     __pcstackCOMRAM:
    90                           	opt stack 0
    91  000001                     delayMs@time:
    92                           	opt stack 0
    93                           
    94                           ; 2 bytes @ 0x0
    95  000001                     	ds	2
    96  000003                     ??_delayMs:
    97                           
    98                           ; 1 bytes @ 0x2
    99  000003                     	ds	1
   100  000004                     delayMs@i:
   101                           	opt stack 0
   102                           
   103                           ; 2 bytes @ 0x3
   104  000004                     	ds	2
   105  000006                     ??_app:
   106                           
   107                           ; 1 bytes @ 0x5
   108  000006                     	ds	1
   109  000007                     
   110                           ; 1 bytes @ 0x6
   111 ;;
   112 ;;Main: autosize = 0, tempsize = 0, incstack = 0, save=0
   113 ;;
   114 ;; *************** function _main *****************
   115 ;; Defined at:
   116 ;;		line 51 in file "main.c"
   117 ;; Parameters:    Size  Location     Type
   118 ;;		None
   119 ;; Auto vars:     Size  Location     Type
   120 ;;		None
   121 ;; Return value:  Size  Location     Type
   122 ;;                  1    wreg      void 
   123 ;; Registers used:
   124 ;;		wreg, status,2, status,0, cstack
   125 ;; Tracked objects:
   126 ;;		On entry : 0/0
   127 ;;		On exit  : 0/0
   128 ;;		Unchanged: 0/0
   129 ;; Data sizes:     COMRAM   BANK0   BANK1   BANK2   BANK3   BANK4   BANK5
   130 ;;      Params:         0       0       0       0       0       0       0
   131 ;;      Locals:         0       0       0       0       0       0       0
   132 ;;      Temps:          0       0       0       0       0       0       0
   133 ;;      Totals:         0       0       0       0       0       0       0
   134 ;;Total ram usage:        0 bytes
   135 ;; Hardware stack levels required when called:    2
   136 ;; This function calls:
   137 ;;		_SYSTEM_Initialize
   138 ;;		_app
   139 ;; This function is called by:
   140 ;;		Startup code after reset
   141 ;; This function uses a non-reentrant model
   142 ;;
   143                           
   144                           	psect	text0
   145  007F5C                     __ptext0:
   146                           	opt stack 0
   147  007F5C                     _main:
   148                           	opt stack 29
   149                           
   150                           ;main.c: 54: SYSTEM_Initialize();
   151                           
   152                           ;incstack = 0
   153  007F5C  ECA9  F03F         	call	_SYSTEM_Initialize	;wreg free
   154  007F60                     
   155                           ;main.c: 85: {
   156                           ;main.c: 86: app();
   157  007F60  ECBA  F03F         	call	_app	;wreg free
   158  007F64  D7FD               	goto	l25
   159  007F66                     __end_of_main:
   160                           	opt stack 0
   161                           
   162 ;; *************** function _app *****************
   163 ;; Defined at:
   164 ;;		line 4 in file "app.c"
   165 ;; Parameters:    Size  Location     Type
   166 ;;		None
   167 ;; Auto vars:     Size  Location     Type
   168 ;;		None
   169 ;; Return value:  Size  Location     Type
   170 ;;                  1    wreg      void 
   171 ;; Registers used:
   172 ;;		wreg, status,2, status,0, cstack
   173 ;; Tracked objects:
   174 ;;		On entry : 0/0
   175 ;;		On exit  : 0/0
   176 ;;		Unchanged: 0/0
   177 ;; Data sizes:     COMRAM   BANK0   BANK1   BANK2   BANK3   BANK4   BANK5
   178 ;;      Params:         0       0       0       0       0       0       0
   179 ;;      Locals:         0       0       0       0       0       0       0
   180 ;;      Temps:          1       0       0       0       0       0       0
   181 ;;      Totals:         1       0       0       0       0       0       0
   182 ;;Total ram usage:        1 bytes
   183 ;; Hardware stack levels used:    1
   184 ;; Hardware stack levels required when called:    1
   185 ;; This function calls:
   186 ;;		_delayMs
   187 ;; This function is called by:
   188 ;;		_main
   189 ;; This function uses a non-reentrant model
   190 ;;
   191                           
   192                           	psect	text1
   193  007F74                     __ptext1:
   194                           	opt stack 0
   195  007F74                     _app:
   196                           	opt stack 29
   197                           
   198                           ;incstack = 0
   199                           ;app.c: 6: do { LATAbits.LATA0 = ~LATAbits.LATA0; } while(0);
   200  007F74  A089               	btfss	3977,0,c	;volatile
   201  007F76  D002               	goto	u40
   202  007F78  0E01               	movlw	1
   203  007F7A  D001               	goto	u46
   204  007F7C                     u40:
   205  007F7C  0E00               	movlw	0
   206  007F7E                     u46:
   207  007F7E  0AFF               	xorlw	255
   208  007F80  6E06               	movwf	??_app& (0+255),c
   209  007F82  5089               	movf	3977,w,c	;volatile
   210  007F84  1806               	xorwf	??_app,w,c
   211  007F86  0BFE               	andlw	-2
   212  007F88  1806               	xorwf	??_app,w,c
   213  007F8A  6E89               	movwf	3977,c	;volatile
   214                           
   215                           ;app.c: 7: delayMs(300);
   216  007F8C  0E01               	movlw	1
   217  007F8E  6E02               	movwf	delayMs@time+1,c
   218  007F90  0E2C               	movlw	44
   219  007F92  6E01               	movwf	delayMs@time,c
   220  007F94  ECCD  F03F         	call	_delayMs	;wreg free
   221  007F98  0012               	return		;funcret
   222  007F9A                     __end_of_app:
   223                           	opt stack 0
   224                           
   225 ;; *************** function _delayMs *****************
   226 ;; Defined at:
   227 ;;		line 4 in file "delay.c"
   228 ;; Parameters:    Size  Location     Type
   229 ;;  time            2    0[COMRAM] unsigned int 
   230 ;; Auto vars:     Size  Location     Type
   231 ;;  i               2    3[COMRAM] unsigned int 
   232 ;; Return value:  Size  Location     Type
   233 ;;                  1    wreg      void 
   234 ;; Registers used:
   235 ;;		wreg, status,2, status,0
   236 ;; Tracked objects:
   237 ;;		On entry : 0/0
   238 ;;		On exit  : 0/0
   239 ;;		Unchanged: 0/0
   240 ;; Data sizes:     COMRAM   BANK0   BANK1   BANK2   BANK3   BANK4   BANK5
   241 ;;      Params:         2       0       0       0       0       0       0
   242 ;;      Locals:         2       0       0       0       0       0       0
   243 ;;      Temps:          1       0       0       0       0       0       0
   244 ;;      Totals:         5       0       0       0       0       0       0
   245 ;;Total ram usage:        5 bytes
   246 ;; Hardware stack levels used:    1
   247 ;; This function calls:
   248 ;;		Nothing
   249 ;; This function is called by:
   250 ;;		_app
   251 ;; This function uses a non-reentrant model
   252 ;;
   253                           
   254                           	psect	text2
   255  007F9A                     __ptext2:
   256                           	opt stack 0
   257  007F9A                     _delayMs:
   258                           	opt stack 29
   259                           
   260                           ;delay.c: 6: for(uint16_t i =0 ; i < time; i++)
   261                           
   262                           ;incstack = 0
   263  007F9A  0E00               	movlw	0
   264  007F9C  6E05               	movwf	delayMs@i+1,c
   265  007F9E  0E00               	movlw	0
   266  007FA0  6E04               	movwf	delayMs@i,c
   267  007FA2  D009               	goto	l82
   268  007FA4                     
   269                           ;delay.c: 7: {
   270                           ;delay.c: 8: _delay((unsigned long)((1)*(8000000/4000.0)));
   271  007FA4  0E03               	movlw	3
   272  007FA6  6E03               	movwf	??_delayMs& (0+255),c
   273  007FA8  0E98               	movlw	152
   274  007FAA                     u57:
   275  007FAA  2EE8               	decfsz	wreg,f,c
   276  007FAC  D7FE               	bra	u57
   277  007FAE  2E03               	decfsz	??_delayMs& (0+255),f,c
   278  007FB0  D7FC               	bra	u57
   279  007FB2  4A04               	infsnz	delayMs@i,f,c
   280  007FB4  2A05               	incf	delayMs@i+1,f,c
   281  007FB6                     l82:
   282  007FB6  5001               	movf	delayMs@time,w,c
   283  007FB8  5C04               	subwf	delayMs@i,w,c
   284  007FBA  5002               	movf	delayMs@time+1,w,c
   285  007FBC  5805               	subwfb	delayMs@i+1,w,c
   286  007FBE  B0D8               	btfsc	status,0,c
   287  007FC0  0012               	return	
   288  007FC2  D7F0               	goto	l83
   289  007FC4                     __end_of_delayMs:
   290                           	opt stack 0
   291                           wreg	equ	0xFE8
   292                           status	equ	0xFD8
   293                           
   294 ;; *************** function _SYSTEM_Initialize *****************
   295 ;; Defined at:
   296 ;;		line 111 in file "mcc_generated_files/mcc.c"
   297 ;; Parameters:    Size  Location     Type
   298 ;;		None
   299 ;; Auto vars:     Size  Location     Type
   300 ;;		None
   301 ;; Return value:  Size  Location     Type
   302 ;;                  1    wreg      void 
   303 ;; Registers used:
   304 ;;		wreg, status,2, cstack
   305 ;; Tracked objects:
   306 ;;		On entry : 0/0
   307 ;;		On exit  : 0/0
   308 ;;		Unchanged: 0/0
   309 ;; Data sizes:     COMRAM   BANK0   BANK1   BANK2   BANK3   BANK4   BANK5
   310 ;;      Params:         0       0       0       0       0       0       0
   311 ;;      Locals:         0       0       0       0       0       0       0
   312 ;;      Temps:          0       0       0       0       0       0       0
   313 ;;      Totals:         0       0       0       0       0       0       0
   314 ;;Total ram usage:        0 bytes
   315 ;; Hardware stack levels used:    1
   316 ;; Hardware stack levels required when called:    1
   317 ;; This function calls:
   318 ;;		_OSCILLATOR_Initialize
   319 ;;		_PIN_MANAGER_Initialize
   320 ;; This function is called by:
   321 ;;		_main
   322 ;; This function uses a non-reentrant model
   323 ;;
   324                           
   325                           	psect	text3
   326  007F52                     __ptext3:
   327                           	opt stack 0
   328  007F52                     _SYSTEM_Initialize:
   329                           	opt stack 29
   330                           
   331                           ;mcc.c: 114: PIN_MANAGER_Initialize();
   332                           
   333                           ;incstack = 0
   334  007F52  ECE2  F03F         	call	_PIN_MANAGER_Initialize	;wreg free
   335                           
   336                           ;mcc.c: 115: OSCILLATOR_Initialize();
   337  007F56  ECB3  F03F         	call	_OSCILLATOR_Initialize	;wreg free
   338  007F5A  0012               	return		;funcret
   339  007F5C                     __end_of_SYSTEM_Initialize:
   340                           	opt stack 0
   341                           wreg	equ	0xFE8
   342                           status	equ	0xFD8
   343                           
   344 ;; *************** function _PIN_MANAGER_Initialize *****************
   345 ;; Defined at:
   346 ;;		line 52 in file "mcc_generated_files/pin_manager.c"
   347 ;; Parameters:    Size  Location     Type
   348 ;;		None
   349 ;; Auto vars:     Size  Location     Type
   350 ;;		None
   351 ;; Return value:  Size  Location     Type
   352 ;;                  1    wreg      void 
   353 ;; Registers used:
   354 ;;		wreg, status,2
   355 ;; Tracked objects:
   356 ;;		On entry : 0/0
   357 ;;		On exit  : 0/0
   358 ;;		Unchanged: 0/0
   359 ;; Data sizes:     COMRAM   BANK0   BANK1   BANK2   BANK3   BANK4   BANK5
   360 ;;      Params:         0       0       0       0       0       0       0
   361 ;;      Locals:         0       0       0       0       0       0       0
   362 ;;      Temps:          0       0       0       0       0       0       0
   363 ;;      Totals:         0       0       0       0       0       0       0
   364 ;;Total ram usage:        0 bytes
   365 ;; Hardware stack levels used:    1
   366 ;; This function calls:
   367 ;;		Nothing
   368 ;; This function is called by:
   369 ;;		_SYSTEM_Initialize
   370 ;; This function uses a non-reentrant model
   371 ;;
   372                           
   373                           	psect	text4
   374  007FC4                     __ptext4:
   375                           	opt stack 0
   376  007FC4                     _PIN_MANAGER_Initialize:
   377                           	opt stack 29
   378                           
   379                           ;pin_manager.c: 57: LATE = 0x00;
   380                           
   381                           ;incstack = 0
   382  007FC4  0E00               	movlw	0
   383  007FC6  6E8D               	movwf	3981,c	;volatile
   384                           
   385                           ;pin_manager.c: 58: LATD = 0x00;
   386  007FC8  0E00               	movlw	0
   387  007FCA  6E8C               	movwf	3980,c	;volatile
   388                           
   389                           ;pin_manager.c: 59: LATA = 0x00;
   390  007FCC  0E00               	movlw	0
   391  007FCE  6E89               	movwf	3977,c	;volatile
   392                           
   393                           ;pin_manager.c: 60: LATB = 0x00;
   394  007FD0  0E00               	movlw	0
   395  007FD2  6E8A               	movwf	3978,c	;volatile
   396                           
   397                           ;pin_manager.c: 61: LATC = 0x00;
   398  007FD4  0E00               	movlw	0
   399  007FD6  6E8B               	movwf	3979,c	;volatile
   400                           
   401                           ;pin_manager.c: 66: TRISE = 0x07;
   402  007FD8  0E07               	movlw	7
   403  007FDA  6E96               	movwf	3990,c	;volatile
   404                           
   405                           ;pin_manager.c: 67: TRISA = 0xFD;
   406  007FDC  0EFD               	movlw	253
   407  007FDE  6E92               	movwf	3986,c	;volatile
   408                           
   409                           ;pin_manager.c: 68: TRISB = 0xFF;
   410  007FE0  6893               	setf	3987,c	;volatile
   411                           
   412                           ;pin_manager.c: 69: TRISC = 0xFF;
   413  007FE2  6894               	setf	3988,c	;volatile
   414                           
   415                           ;pin_manager.c: 70: TRISD = 0xFF;
   416  007FE4  6895               	setf	3989,c	;volatile
   417                           
   418                           ;pin_manager.c: 75: ANSELC = 0xFC;
   419  007FE6  0EFC               	movlw	252
   420  007FE8  010F               	movlb	15	; () banked
   421  007FEA  6F3A               	movwf	58,b	;volatile
   422                           
   423                           ;pin_manager.c: 76: ANSELB = 0x3F;
   424  007FEC  0E3F               	movlw	63
   425  007FEE  6F39               	movwf	57,b	;volatile
   426                           
   427                           ; BSR set to: 15
   428                           ;pin_manager.c: 77: ANSELD = 0xFF;
   429  007FF0  693B               	setf	59,b	;volatile
   430                           
   431                           ;pin_manager.c: 78: ANSELE = 0x07;
   432  007FF2  0E07               	movlw	7
   433  007FF4  6F3C               	movwf	60,b	;volatile
   434                           
   435                           ;pin_manager.c: 79: ANSELA = 0x2E;
   436  007FF6  0E2E               	movlw	46
   437  007FF8  6F38               	movwf	56,b	;volatile
   438                           
   439                           ; BSR set to: 15
   440                           ;pin_manager.c: 84: WPUB = 0xFF;
   441  007FFA  6861               	setf	3937,c	;volatile
   442                           
   443                           ; BSR set to: 15
   444                           ;pin_manager.c: 85: INTCON2bits.nRBPU = 0;
   445  007FFC  9EF1               	bcf	intcon2,7,c	;volatile
   446                           
   447                           ; BSR set to: 15
   448  007FFE  0012               	return		;funcret
   449  008000                     __end_of_PIN_MANAGER_Initialize:
   450                           	opt stack 0
   451                           intcon2	equ	0xFF1
   452                           wreg	equ	0xFE8
   453                           status	equ	0xFD8
   454                           
   455 ;; *************** function _OSCILLATOR_Initialize *****************
   456 ;; Defined at:
   457 ;;		line 118 in file "mcc_generated_files/mcc.c"
   458 ;; Parameters:    Size  Location     Type
   459 ;;		None
   460 ;; Auto vars:     Size  Location     Type
   461 ;;		None
   462 ;; Return value:  Size  Location     Type
   463 ;;                  1    wreg      void 
   464 ;; Registers used:
   465 ;;		wreg, status,2
   466 ;; Tracked objects:
   467 ;;		On entry : 0/0
   468 ;;		On exit  : 0/0
   469 ;;		Unchanged: 0/0
   470 ;; Data sizes:     COMRAM   BANK0   BANK1   BANK2   BANK3   BANK4   BANK5
   471 ;;      Params:         0       0       0       0       0       0       0
   472 ;;      Locals:         0       0       0       0       0       0       0
   473 ;;      Temps:          0       0       0       0       0       0       0
   474 ;;      Totals:         0       0       0       0       0       0       0
   475 ;;Total ram usage:        0 bytes
   476 ;; Hardware stack levels used:    1
   477 ;; This function calls:
   478 ;;		Nothing
   479 ;; This function is called by:
   480 ;;		_SYSTEM_Initialize
   481 ;; This function uses a non-reentrant model
   482 ;;
   483                           
   484                           	psect	text5
   485  007F66                     __ptext5:
   486                           	opt stack 0
   487  007F66                     _OSCILLATOR_Initialize:
   488                           	opt stack 29
   489                           
   490                           ;mcc.c: 121: OSCCON = 0x30;
   491                           
   492                           ; BSR set to: 15
   493                           ;incstack = 0
   494  007F66  0E30               	movlw	48
   495  007F68  6ED3               	movwf	4051,c	;volatile
   496                           
   497                           ;mcc.c: 123: OSCCON2 = 0x04;
   498  007F6A  0E04               	movlw	4
   499  007F6C  6ED2               	movwf	4050,c	;volatile
   500                           
   501                           ;mcc.c: 125: OSCTUNE = 0x00;
   502  007F6E  0E00               	movlw	0
   503  007F70  6E9B               	movwf	3995,c	;volatile
   504  007F72  0012               	return		;funcret
   505  007F74                     __end_of_OSCILLATOR_Initialize:
   506                           	opt stack 0
   507  0000                     intcon2	equ	0xFF1
   508                           wreg	equ	0xFE8
   509                           status	equ	0xFD8
   510                           intcon2	equ	0xFF1
   511                           wreg	equ	0xFE8
   512                           status	equ	0xFD8
   513                           
   514                           	psect	rparam
   515  0000                     intcon2	equ	0xFF1
   516                           wreg	equ	0xFE8
   517                           status	equ	0xFD8


Data Sizes:
    Strings     0
    Constant    0
    Data        0
    BSS         0
    Persistent  0
    Stack       0

Auto Spaces:
    Space          Size  Autos    Used
    COMRAM           95      6       6
    BANK0           160      0       0
    BANK1           256      0       0
    BANK2           256      0       0
    BANK3           256      0       0
    BANK4           256      0       0
    BANK5           256      0       0

Pointer List with Targets:

    None.

Critical Paths under _main in COMRAM

    _main->_app
    _app->_delayMs

Critical Paths under _main in BANK0

    None.

Critical Paths under _main in BANK1

    None.

Critical Paths under _main in BANK2

    None.

Critical Paths under _main in BANK3

    None.

Critical Paths under _main in BANK4

    None.

Critical Paths under _main in BANK5

    None.

Call Graph Tables:

 ---------------------------------------------------------------------------------
 (Depth) Function   	        Calls       Base Space   Used Autos Params    Refs
 ---------------------------------------------------------------------------------
 (0) _main                                                 0     0      0     122
                  _SYSTEM_Initialize
                                _app
 ---------------------------------------------------------------------------------
 (1) _app                                                  1     1      0     122
                                              5 COMRAM     1     1      0
                            _delayMs
 ---------------------------------------------------------------------------------
 (2) _delayMs                                              5     3      2     122
                                              0 COMRAM     5     3      2
 ---------------------------------------------------------------------------------
 (1) _SYSTEM_Initialize                                    0     0      0       0
              _OSCILLATOR_Initialize
             _PIN_MANAGER_Initialize
 ---------------------------------------------------------------------------------
 (2) _PIN_MANAGER_Initialize                               0     0      0       0
 ---------------------------------------------------------------------------------
 (2) _OSCILLATOR_Initialize                                0     0      0       0
 ---------------------------------------------------------------------------------
 Estimated maximum stack depth 2
 ---------------------------------------------------------------------------------

 Call Graph Graphs:

 _main (ROOT)
   _SYSTEM_Initialize
     _OSCILLATOR_Initialize
     _PIN_MANAGER_Initialize
   _app
     _delayMs

 Address spaces:
Name               Size   Autos  Total    Cost      Usage
BITCOMRAM           5F      0       0       0        0.0%
EEDATA             100      0       0       0        0.0%
NULL                 0      0       0       0        0.0%
CODE                 0      0       0       0        0.0%
COMRAM              5F      6       6       1        6.3%
STACK                0      0       0       2        0.0%
BITBANK0            A0      0       0       3        0.0%
BANK0               A0      0       0       4        0.0%
BITBANK1           100      0       0       5        0.0%
BANK1              100      0       0       6        0.0%
BITBANK2           100      0       0       7        0.0%
BANK2              100      0       0       8        0.0%
ABS                  0      0       0       9        0.0%
BITBANK3           100      0       0      10        0.0%
BANK3              100      0       0      11        0.0%
BITBANK4           100      0       0      12        0.0%
BANK4              100      0       0      13        0.0%
BITBANK5           100      0       0      14        0.0%
BANK5              100      0       0      15        0.0%
BIGRAM             5FF      0       0      16        0.0%
DATA                 0      0       0      17        0.0%
BITSFR_1             0      0       0     200        0.0%
SFR_1                0      0       0     200        0.0%
BITSFR               0      0       0     200        0.0%
SFR                  0      0       0     200        0.0%


Microchip Technology PIC18 Macro Assembler V1.44 build -154322312 
Symbol Table                                                                                   Mon Nov 20 08:26:25 2017

                             l25 7F60                               l82 7FB6  
                             l83 7FA4                               u40 7F7C  
                             u46 7F7E                               u57 7FAA  
                   __CFG_CP0$OFF 000000                     __CFG_CP1$OFF 000000  
                   __CFG_CP2$OFF 000000                     __CFG_CP3$OFF 000000  
                   __CFG_CPB$OFF 000000                     __CFG_CPD$OFF 000000  
                            _app 7F74                              wreg 000FE8  
                   __CFG_LVP$OFF 000000                             ?_app 0001  
                           _LATA 000F89                             _LATB 000F8A  
                           _LATC 000F8B                             _LATD 000F8C  
                           _LATE 000F8D                             _WPUB 000F61  
                           _main 7F5C                    __CFG_BORV$190 000000  
                           start 0000                    __CFG_IESO$OFF 000000  
                   ___param_bank 000000                            ??_app 0006  
 __size_of_OSCILLATOR_Initialize 000E    __end_of_OSCILLATOR_Initialize 7F74  
                          ?_main 0001                   __CFG_DEBUG$OFF 000000  
                          _TRISA 000F92                            _TRISB 000F93  
                          _TRISC 000F94                            _TRISD 000F95  
                          _TRISE 000F96                  __end_of_delayMs 7FC4  
                  __CFG_WRT0$OFF 000000                    __CFG_WRT1$OFF 000000  
                  __CFG_WRT2$OFF 000000                    __CFG_WRT3$OFF 000000  
                 __CFG_EBTR0$OFF 000000                   __CFG_FCMEN$OFF 000000  
                 __CFG_EBTR1$OFF 000000                   __CFG_EBTR2$OFF 000000  
                 __CFG_EBTR3$OFF 000000                    __CFG_WRTB$OFF 000000  
                  __CFG_WRTC$OFF 000000                    __CFG_WRTD$OFF 000000  
                 __CFG_EBTRB$OFF 000000               __CFG_MCLRE$EXTMCLR 000000  
                          status 000FD8                   __CFG_HFOFST$ON 000000  
                 __CFG_FOSC$HSHP 000000                  __initialization 7F4C  
                   __end_of_main 7F66                           ??_main 0007  
                  __activetblptr 000000                           _ANSELA 000F38  
                         _ANSELB 000F39                           _ANSELC 000F3A  
                         _ANSELD 000F3B                           _ANSELE 000F3C  
                 __CFG_WDTEN$OFF 000000                           _OSCCON 000FD3  
                 __CFG_PWRTEN$ON 000000                   __CFG_XINST$OFF 000000  
                 __CFG_STVREN$ON 000000                        ??_delayMs 0003  
              _SYSTEM_Initialize 7F52                       __accesstop 0060  
        __end_of__initialization 7F4C                  __CFG_PBADEN$OFF 000000  
             ?_SYSTEM_Initialize 0001                    ___rparam_used 000001  
                 __pcstackCOMRAM 0001              ??_SYSTEM_Initialize 0001  
      __end_of_SYSTEM_Initialize 7F5C                  __CFG_PLLCFG$OFF 000000  
             __CFG_CCP2MX$PORTC1 000000               __CFG_CCP3MX$PORTB5 000000  
                        _OSCCON2 000FD2                          _OSCTUNE 000F9B  
                        __Hparam 0000                          __Lparam 0000  
                        __pcinit 7F4C                          _delayMs 7F9A  
                        __ramtop 0600                          __ptext0 7F5C  
                        __ptext1 7F74                          __ptext2 7F9A  
                        __ptext3 7F52                          __ptext4 7FC4  
                        __ptext5 7F66            _OSCILLATOR_Initialize 7F66  
                   __size_of_app 0026         ??_PIN_MANAGER_Initialize 0001  
     __size_of_SYSTEM_Initialize 000A             end_of_initialization 7F4C  
         ?_OSCILLATOR_Initialize 0001              start_initialization 7F4C  
__size_of_PIN_MANAGER_Initialize 003C                      __end_of_app 7F9A  
         _PIN_MANAGER_Initialize 7FC4                         ?_delayMs 0001  
               __CFG_PRICLKEN$ON 000000                         _LATAbits 000F89  
               __CFG_WDTPS$32768 000000                      _INTCON2bits 000FF1  
                       __Hrparam 0000                         __Lrparam 0000  
             __CFG_BOREN$SBORDIS 000000                __CFG_P2BMX$PORTD2 000000  
        ??_OSCILLATOR_Initialize 0001                 __size_of_delayMs 002A  
                  __size_of_main 000A                         delayMs@i 0004  
                    delayMs@time 0001          ?_PIN_MANAGER_Initialize 0001  
              __CFG_T3CMX$PORTC0 000000   __end_of_PIN_MANAGER_Initialize 8000  
