

Microchip Technology PIC18 PRO Macro Assembler V1.35 build -356382666 
                                                                                               Sat Jan 30 10:18:18 2016

Microchip Technology Omniscient Code Generator v1.35 (PRO mode) build 201507080246
     1                           	processor	18F45K22
     2                           	fnconf	rparam,??,?,0
     3                           	opt	pw 120
     4                           	opt	pm
     5                           	psect	cinit,global,reloc=2,class=CODE,delta=1
     6                           	psect	cstackCOMRAM,global,class=COMRAM,space=1,delta=1
     7                           	psect	text0,global,reloc=2,class=CODE,delta=1
     8                           	psect	text1,global,reloc=2,class=CODE,delta=1
     9                           	psect	text2,global,reloc=2,class=CODE,delta=1
    10                           	psect	text3,global,reloc=2,class=CODE,delta=1
    11                           	psect	text4,global,reloc=2,class=CODE,delta=1
    12                           	psect	intsave_regs,global,class=BIGRAM,space=1,delta=1
    13                           	psect	rparam,global,class=COMRAM,space=1,delta=1
    14  0000                     _ANSELA	set	3896
    15  0000                     _ANSELB	set	3897
    16  0000                     _ANSELC	set	3898
    17  0000                     _ANSELD	set	3899
    18  0000                     _ANSELE	set	3900
    19  0000                     _INTCON2bits	set	4081
    20  0000                     _LATA	set	3977
    21  0000                     _LATB	set	3978
    22  0000                     _LATC	set	3979
    23  0000                     _LATD	set	3980
    24  0000                     _LATE	set	3981
    25  0000                     _OSCCON	set	4051
    26  0000                     _OSCCON2	set	4050
    27  0000                     _OSCTUNE	set	3995
    28  0000                     _TRISA	set	3986
    29  0000                     _TRISB	set	3987
    30  0000                     _TRISC	set	3988
    31  0000                     _TRISD	set	3989
    32  0000                     _TRISE	set	3990
    33  0000                     _WPUB	set	3937
    34  0000                     _LATD0	set	31840
    35                           
    36                           ; #config settings
    37  0000                     
    38                           	psect	cinit
    39  007F82                     __pcinit:
    40                           	opt stack 0
    41  007F82                     start_initialization:
    42                           	opt stack 0
    43  007F82                     __initialization:
    44                           	opt stack 0
    45  007F82                     end_of_initialization:
    46                           	opt stack 0
    47  007F82                     __end_of__initialization:
    48                           	opt stack 0
    49  007F82  0100               	movlb	0
    50  007F84  EFCE  F03F         	goto	_main	;jump to C main() function
    51                           
    52                           	psect	cstackCOMRAM
    53  000001                     __pcstackCOMRAM:
    54                           	opt stack 0
    55  000001                     ??_delayMs:
    56  000001                     
    57                           ; 0 bytes @ 0x0
    58  000001                     	ds	1
    59  000002                     delayMs@time:
    60                           	opt stack 0
    61                           
    62                           ; 1 bytes @ 0x1
    63  000002                     	ds	1
    64  000003                     delayMs@i:
    65                           	opt stack 0
    66                           
    67                           ; 1 bytes @ 0x2
    68  000003                     	ds	1
    69  000004                     
    70                           ; 0 bytes @ 0x3
    71 ;;
    72 ;;Main: autosize = 0, tempsize = 0, incstack = 0, save=0
    73 ;;
    74 ;; *************** function _main *****************
    75 ;; Defined at:
    76 ;;		line 61 in file "main.c"
    77 ;; Parameters:    Size  Location     Type
    78 ;;		None
    79 ;; Auto vars:     Size  Location     Type
    80 ;;		None
    81 ;; Return value:  Size  Location     Type
    82 ;;		None               void
    83 ;; Registers used:
    84 ;;		wreg, status,2, status,0, cstack
    85 ;; Tracked objects:
    86 ;;		On entry : 0/0
    87 ;;		On exit  : 0/0
    88 ;;		Unchanged: 0/0
    89 ;; Data sizes:     COMRAM   BANK0   BANK1   BANK2   BANK3   BANK4   BANK5
    90 ;;      Params:         0       0       0       0       0       0       0
    91 ;;      Locals:         0       0       0       0       0       0       0
    92 ;;      Temps:          0       0       0       0       0       0       0
    93 ;;      Totals:         0       0       0       0       0       0       0
    94 ;;Total ram usage:        0 bytes
    95 ;; Hardware stack levels required when called:    2
    96 ;; This function calls:
    97 ;;		_SYSTEM_Initialize
    98 ;;		_delayMs
    99 ;; This function is called by:
   100 ;;		Startup code after reset
   101 ;; This function uses a non-reentrant model
   102 ;;
   103                           
   104                           	psect	text0
   105  007F9C                     __ptext0:
   106                           	opt stack 0
   107  007F9C                     _main:
   108                           	opt stack 29
   109                           
   110                           ;main.c: 63: SYSTEM_Initialize();
   111                           
   112                           ;incstack = 0
   113  007F9C  ECC4  F03F         	call	_SYSTEM_Initialize	;wreg free
   114  007FA0                     l701:
   115  007FA0  B08C               	btfsc	3980,0,c	;volatile
   116  007FA2  D002               	goto	u20
   117  007FA4  808C               	bsf	3980,0,c	;volatile
   118  007FA6  D001               	goto	l703
   119  007FA8                     u20:
   120  007FA8  908C               	bcf	3980,0,c	;volatile
   121  007FAA                     l703:
   122                           
   123                           ;main.c: 97: delayMs(300);
   124  007FAA  0E2C               	movlw	44
   125  007FAC  ECD9  F03F         	call	_delayMs
   126  007FB0  D7F7               	goto	l701
   127  007FB2                     __end_of_main:
   128                           	opt stack 0
   129                           
   130 ;; *************** function _delayMs *****************
   131 ;; Defined at:
   132 ;;		line 49 in file "main.c"
   133 ;; Parameters:    Size  Location     Type
   134 ;;  time            1    wreg     unsigned char 
   135 ;; Auto vars:     Size  Location     Type
   136 ;;  time            1    1[COMRAM] unsigned char 
   137 ;;  i               1    2[COMRAM] unsigned char 
   138 ;; Return value:  Size  Location     Type
   139 ;;		None               void
   140 ;; Registers used:
   141 ;;		wreg, status,2, status,0
   142 ;; Tracked objects:
   143 ;;		On entry : 0/F
   144 ;;		On exit  : 0/0
   145 ;;		Unchanged: 0/0
   146 ;; Data sizes:     COMRAM   BANK0   BANK1   BANK2   BANK3   BANK4   BANK5
   147 ;;      Params:         0       0       0       0       0       0       0
   148 ;;      Locals:         2       0       0       0       0       0       0
   149 ;;      Temps:          1       0       0       0       0       0       0
   150 ;;      Totals:         3       0       0       0       0       0       0
   151 ;;Total ram usage:        3 bytes
   152 ;; Hardware stack levels used:    1
   153 ;; This function calls:
   154 ;;		Nothing
   155 ;; This function is called by:
   156 ;;		_main
   157 ;; This function uses a non-reentrant model
   158 ;;
   159                           
   160                           	psect	text1
   161  007FB2                     __ptext1:
   162                           	opt stack 0
   163  007FB2                     _delayMs:
   164                           	opt stack 30
   165                           
   166                           ;incstack = 0
   167                           ;delayMs@time stored from wreg
   168  007FB2  6E02               	movwf	delayMs@time,c
   169                           
   170                           ;main.c: 51: for(uint8_t i = 0; i < time; ++i)
   171  007FB4  6A03               	clrf	delayMs@i,c
   172  007FB6  D008               	goto	l697
   173  007FB8                     l693:
   174                           
   175                           ;main.c: 52: {
   176                           ;main.c: 53: _delay((unsigned long)((1)*(8000000/4000.0)));
   177  007FB8  0E03               	movlw	3
   178  007FBA  6E01               	movwf	??_delayMs& (0+255),c
   179  007FBC  0E98               	movlw	152
   180  007FBE                     u47:
   181  007FBE  2EE8               	decfsz	wreg,f,c
   182  007FC0  D7FE               	goto	u47
   183  007FC2  2E01               	decfsz	??_delayMs& (0+255),f,c
   184  007FC4  D7FC               	goto	u47
   185  007FC6  2A03               	incf	delayMs@i,f,c
   186  007FC8                     l697:
   187  007FC8  5002               	movf	delayMs@time,w,c
   188  007FCA  5C03               	subwf	delayMs@i,w,c
   189  007FCC  E3F5               	bnc	l693
   190  007FCE  0012               	return		;funcret
   191  007FD0                     __end_of_delayMs:
   192                           	opt stack 0
   193                           wreg	equ	0xFE8
   194                           
   195 ;; *************** function _SYSTEM_Initialize *****************
   196 ;; Defined at:
   197 ;;		line 112 in file "mcc_generated_files/mcc.c"
   198 ;; Parameters:    Size  Location     Type
   199 ;;		None
   200 ;; Auto vars:     Size  Location     Type
   201 ;;		None
   202 ;; Return value:  Size  Location     Type
   203 ;;		None               void
   204 ;; Registers used:
   205 ;;		wreg, status,2, cstack
   206 ;; Tracked objects:
   207 ;;		On entry : 0/0
   208 ;;		On exit  : F/F
   209 ;;		Unchanged: 0/0
   210 ;; Data sizes:     COMRAM   BANK0   BANK1   BANK2   BANK3   BANK4   BANK5
   211 ;;      Params:         0       0       0       0       0       0       0
   212 ;;      Locals:         0       0       0       0       0       0       0
   213 ;;      Temps:          0       0       0       0       0       0       0
   214 ;;      Totals:         0       0       0       0       0       0       0
   215 ;;Total ram usage:        0 bytes
   216 ;; Hardware stack levels used:    1
   217 ;; Hardware stack levels required when called:    1
   218 ;; This function calls:
   219 ;;		_OSCILLATOR_Initialize
   220 ;;		_PIN_MANAGER_Initialize
   221 ;; This function is called by:
   222 ;;		_main
   223 ;; This function uses a non-reentrant model
   224 ;;
   225                           
   226                           	psect	text2
   227  007F88                     __ptext2:
   228                           	opt stack 0
   229  007F88                     _SYSTEM_Initialize:
   230                           	opt stack 29
   231                           
   232                           ;mcc.c: 113: OSCILLATOR_Initialize();
   233                           
   234                           ;incstack = 0
   235  007F88  ECC8  F03F         	call	_OSCILLATOR_Initialize	;wreg free
   236                           
   237                           ;mcc.c: 114: PIN_MANAGER_Initialize();
   238  007F8C  EFE8  F03F         	goto	_PIN_MANAGER_Initialize	;wreg free
   239  007F90                     __end_of_SYSTEM_Initialize:
   240                           	opt stack 0
   241                           wreg	equ	0xFE8
   242                           
   243 ;; *************** function _PIN_MANAGER_Initialize *****************
   244 ;; Defined at:
   245 ;;		line 50 in file "mcc_generated_files/pin_manager.c"
   246 ;; Parameters:    Size  Location     Type
   247 ;;		None
   248 ;; Auto vars:     Size  Location     Type
   249 ;;		None
   250 ;; Return value:  Size  Location     Type
   251 ;;		None               void
   252 ;; Registers used:
   253 ;;		wreg, status,2
   254 ;; Tracked objects:
   255 ;;		On entry : 0/0
   256 ;;		On exit  : F/F
   257 ;;		Unchanged: 0/0
   258 ;; Data sizes:     COMRAM   BANK0   BANK1   BANK2   BANK3   BANK4   BANK5
   259 ;;      Params:         0       0       0       0       0       0       0
   260 ;;      Locals:         0       0       0       0       0       0       0
   261 ;;      Temps:          0       0       0       0       0       0       0
   262 ;;      Totals:         0       0       0       0       0       0       0
   263 ;;Total ram usage:        0 bytes
   264 ;; Hardware stack levels used:    1
   265 ;; This function calls:
   266 ;;		Nothing
   267 ;; This function is called by:
   268 ;;		_SYSTEM_Initialize
   269 ;; This function uses a non-reentrant model
   270 ;;
   271                           
   272                           	psect	text3
   273  007FD0                     __ptext3:
   274                           	opt stack 0
   275  007FD0                     _PIN_MANAGER_Initialize:
   276                           	opt stack 29
   277                           
   278                           ;pin_manager.c: 51: LATA = 0x00;
   279                           
   280                           ; BSR set to: 15
   281                           ;incstack = 0
   282  007FD0  6A89               	clrf	3977,c	;volatile
   283                           
   284                           ;pin_manager.c: 52: TRISA = 0xFF;
   285  007FD2  6892               	setf	3986,c	;volatile
   286                           
   287                           ;pin_manager.c: 53: ANSELA = 0x2F;
   288  007FD4  0E2F               	movlw	47
   289  007FD6  010F               	movlb	15	; () banked
   290  007FD8  6F38               	movwf	56,b	;volatile
   291                           
   292                           ; BSR set to: 15
   293                           ;pin_manager.c: 55: LATB = 0x00;
   294  007FDA  6A8A               	clrf	3978,c	;volatile
   295                           
   296                           ; BSR set to: 15
   297                           ;pin_manager.c: 56: TRISB = 0xFF;
   298  007FDC  6893               	setf	3987,c	;volatile
   299                           
   300                           ;pin_manager.c: 57: ANSELB = 0x3F;
   301  007FDE  0E3F               	movlw	63
   302  007FE0  6F39               	movwf	57,b	;volatile
   303                           
   304                           ; BSR set to: 15
   305                           ;pin_manager.c: 58: WPUB = 0x00;
   306  007FE2  6A61               	clrf	3937,c	;volatile
   307                           
   308                           ; BSR set to: 15
   309                           ;pin_manager.c: 60: LATC = 0x00;
   310  007FE4  6A8B               	clrf	3979,c	;volatile
   311                           
   312                           ; BSR set to: 15
   313                           ;pin_manager.c: 61: TRISC = 0xFF;
   314  007FE6  6894               	setf	3988,c	;volatile
   315                           
   316                           ;pin_manager.c: 62: ANSELC = 0xFC;
   317  007FE8  0EFC               	movlw	252
   318  007FEA  6F3A               	movwf	58,b	;volatile
   319                           
   320                           ; BSR set to: 15
   321                           ;pin_manager.c: 64: LATD = 0x00;
   322  007FEC  6A8C               	clrf	3980,c	;volatile
   323                           
   324                           ;pin_manager.c: 65: TRISD = 0xFE;
   325  007FEE  0EFE               	movlw	254
   326  007FF0  6E95               	movwf	3989,c	;volatile
   327                           
   328                           ;pin_manager.c: 66: ANSELD = 0xFE;
   329  007FF2  6F3B               	movwf	59,b	;volatile
   330                           
   331                           ; BSR set to: 15
   332                           ;pin_manager.c: 68: LATE = 0x00;
   333  007FF4  6A8D               	clrf	3981,c	;volatile
   334                           
   335                           ;pin_manager.c: 69: TRISE = 0x07;
   336  007FF6  0E07               	movlw	7
   337  007FF8  6E96               	movwf	3990,c	;volatile
   338                           
   339                           ;pin_manager.c: 70: ANSELE = 0x07;
   340  007FFA  6F3C               	movwf	60,b	;volatile
   341                           
   342                           ; BSR set to: 15
   343                           ;pin_manager.c: 72: INTCON2bits.nRBPU = 0x01;
   344  007FFC  8EF1               	bsf	intcon2,7,c	;volatile
   345                           
   346                           ; BSR set to: 15
   347  007FFE  0C07               	retlw	7	;funcret
   348  008000                     __end_of_PIN_MANAGER_Initialize:
   349                           	opt stack 0
   350                           intcon2	equ	0xFF1
   351                           wreg	equ	0xFE8
   352                           
   353 ;; *************** function _OSCILLATOR_Initialize *****************
   354 ;; Defined at:
   355 ;;		line 117 in file "mcc_generated_files/mcc.c"
   356 ;; Parameters:    Size  Location     Type
   357 ;;		None
   358 ;; Auto vars:     Size  Location     Type
   359 ;;		None
   360 ;; Return value:  Size  Location     Type
   361 ;;		None               void
   362 ;; Registers used:
   363 ;;		wreg, status,2
   364 ;; Tracked objects:
   365 ;;		On entry : 0/0
   366 ;;		On exit  : 0/0
   367 ;;		Unchanged: 0/0
   368 ;; Data sizes:     COMRAM   BANK0   BANK1   BANK2   BANK3   BANK4   BANK5
   369 ;;      Params:         0       0       0       0       0       0       0
   370 ;;      Locals:         0       0       0       0       0       0       0
   371 ;;      Temps:          0       0       0       0       0       0       0
   372 ;;      Totals:         0       0       0       0       0       0       0
   373 ;;Total ram usage:        0 bytes
   374 ;; Hardware stack levels used:    1
   375 ;; This function calls:
   376 ;;		Nothing
   377 ;; This function is called by:
   378 ;;		_SYSTEM_Initialize
   379 ;; This function uses a non-reentrant model
   380 ;;
   381                           
   382                           	psect	text4
   383  007F90                     __ptext4:
   384                           	opt stack 0
   385  007F90                     _OSCILLATOR_Initialize:
   386                           	opt stack 29
   387                           
   388                           ;mcc.c: 119: OSCCON = 0x30;
   389                           
   390                           ; BSR set to: 15
   391                           ;incstack = 0
   392  007F90  0E30               	movlw	48
   393  007F92  6ED3               	movwf	4051,c	;volatile
   394                           
   395                           ;mcc.c: 121: OSCCON2 = 0x04;
   396  007F94  0E04               	movlw	4
   397  007F96  6ED2               	movwf	4050,c	;volatile
   398                           
   399                           ;mcc.c: 123: OSCTUNE = 0x00;
   400  007F98  6A9B               	clrf	3995,c	;volatile
   401  007F9A  0012               	return		;funcret
   402  007F9C                     __end_of_OSCILLATOR_Initialize:
   403                           	opt stack 0
   404  0000                     intcon2	equ	0xFF1
   405                           wreg	equ	0xFE8
   406                           intcon2	equ	0xFF1
   407                           wreg	equ	0xFE8
   408                           
   409                           	psect	rparam
   410  0000                     intcon2	equ	0xFF1
   411                           wreg	equ	0xFE8


Data Sizes:
    Strings     0
    Constant    0
    Data        0
    BSS         0
    Persistent  0
    Stack       0

Auto Spaces:
    Space          Size  Autos    Used
    COMRAM           95      3       3
    BANK0           160      0       0
    BANK1           256      0       0
    BANK2           256      0       0
    BANK3           256      0       0
    BANK4           256      0       0
    BANK5           256      0       0

Pointer List with Targets:

    None.

Critical Paths under _main in COMRAM

    _main->_delayMs

Critical Paths under _main in BANK0

    None.

Critical Paths under _main in BANK1

    None.

Critical Paths under _main in BANK2

    None.

Critical Paths under _main in BANK3

    None.

Critical Paths under _main in BANK4

    None.

Critical Paths under _main in BANK5

    None.

Call Graph Tables:

 ---------------------------------------------------------------------------------
 (Depth) Function   	        Calls       Base Space   Used Autos Params    Refs
 ---------------------------------------------------------------------------------
 (0) _main                                                 0     0      0      30
                  _SYSTEM_Initialize
                            _delayMs
 ---------------------------------------------------------------------------------
 (1) _delayMs                                              3     3      0      30
                                              0 COMRAM     3     3      0
 ---------------------------------------------------------------------------------
 (1) _SYSTEM_Initialize                                    0     0      0       0
              _OSCILLATOR_Initialize
             _PIN_MANAGER_Initialize
 ---------------------------------------------------------------------------------
 (2) _PIN_MANAGER_Initialize                               0     0      0       0
 ---------------------------------------------------------------------------------
 (2) _OSCILLATOR_Initialize                                0     0      0       0
 ---------------------------------------------------------------------------------
 Estimated maximum stack depth 2
 ---------------------------------------------------------------------------------

 Call Graph Graphs:

 _main (ROOT)
   _SYSTEM_Initialize
     _OSCILLATOR_Initialize
     _PIN_MANAGER_Initialize
   _delayMs

 Address spaces:
Name               Size   Autos  Total    Cost      Usage
BITCOMRAM           5F      0       0       0        0.0%
EEDATA             100      0       0       0        0.0%
NULL                 0      0       0       0        0.0%
CODE                 0      0       0       0        0.0%
COMRAM              5F      3       3       1        3.2%
STACK                0      0       0       2        0.0%
BITBANK0            A0      0       0       3        0.0%
BANK0               A0      0       0       4        0.0%
BITBANK1           100      0       0       5        0.0%
BANK1              100      0       0       6        0.0%
BITBANK2           100      0       0       7        0.0%
BANK2              100      0       0       8        0.0%
ABS                  0      0       0       9        0.0%
BITBANK3           100      0       0      10        0.0%
BANK3              100      0       0      11        0.0%
BITBANK4           100      0       0      12        0.0%
BANK4              100      0       0      13        0.0%
BITBANK5           100      0       0      14        0.0%
BANK5              100      0       0      15        0.0%
BIGRAM             5FF      0       0      16        0.0%
DATA                 0      0       0      17        0.0%
BITSFR_1             0      0       0      40        0.0%
SFR_1                0      0       0      40        0.0%
BITSFR               0      0       0      40        0.0%
SFR                  0      0       0      40        0.0%


Microchip Technology PIC18 Macro Assembler V1.35 build -356382666 
Symbol Table                                                                                   Sat Jan 30 10:18:18 2016

                             u20 7FA8                               u47 7FBE  
                   __CFG_CP0$OFF 000000                     __CFG_CP1$OFF 000000  
                   __CFG_CP2$OFF 000000                     __CFG_CP3$OFF 000000  
                            l701 7FA0                              l703 7FAA  
                            l693 7FB8                              l697 7FC8  
                   __CFG_CPB$OFF 000000                     __CFG_CPD$OFF 000000  
                            wreg 000FE8                     __CFG_LVP$OFF 000000  
                           _LATA 000F89                             _LATB 000F8A  
                           _LATC 000F8B                             _LATD 000F8C  
                           _LATE 000F8D                             _WPUB 000F61  
                           _main 7F9C                    __CFG_BORV$190 000000  
                           start 0000                    __CFG_IESO$OFF 000000  
                   ___param_bank 000010   __size_of_OSCILLATOR_Initialize 000C  
  __end_of_OSCILLATOR_Initialize 7F9C                            ?_main 0001  
                          _LATD0 007C60                   __CFG_DEBUG$OFF 000000  
                          _TRISA 000F92                            _TRISB 000F93  
                          _TRISC 000F94                            _TRISD 000F95  
                          _TRISE 000F96                  __end_of_delayMs 7FD0  
                  __CFG_WRT0$OFF 000000                    __CFG_WRT1$OFF 000000  
                  __CFG_WRT2$OFF 000000                    __CFG_WRT3$OFF 000000  
                 __CFG_EBTR0$OFF 000000                   __CFG_FCMEN$OFF 000000  
                 __CFG_EBTR1$OFF 000000                   __CFG_EBTR2$OFF 000000  
                 __CFG_EBTR3$OFF 000000                    __CFG_WRTB$OFF 000000  
                  __CFG_WRTC$OFF 000000                    __CFG_WRTD$OFF 000000  
                 __CFG_EBTRB$OFF 000000               __CFG_MCLRE$EXTMCLR 000000  
                          status 000FD8                   __CFG_HFOFST$ON 000000  
                 __CFG_FOSC$HSMP 000000                  __initialization 7F82  
                   __end_of_main 7FB2                           ??_main 0004  
                  __activetblptr 000000                           _ANSELA 000F38  
                         _ANSELB 000F39                           _ANSELC 000F3A  
                         _ANSELD 000F3B                           _ANSELE 000F3C  
                 __CFG_WDTEN$OFF 000000                           _OSCCON 000FD3  
                 __CFG_XINST$OFF 000000                   __CFG_STVREN$ON 000000  
                      ??_delayMs 0001                _SYSTEM_Initialize 7F88  
                     __accesstop 0060          __end_of__initialization 7F82  
                __CFG_PBADEN$OFF 000000               ?_SYSTEM_Initialize 0001  
                  ___rparam_used 000001                   __pcstackCOMRAM 0001  
            ??_SYSTEM_Initialize 0001        __end_of_SYSTEM_Initialize 7F90  
                __CFG_PLLCFG$OFF 000000               __CFG_CCP2MX$PORTC1 000000  
             __CFG_CCP3MX$PORTB5 000000                          _OSCCON2 000FD2  
              __CFG_PRICLKEN$OFF 000000                          _OSCTUNE 000F9B  
                __CFG_PWRTEN$OFF 000000                          __Hparam 0000  
                        __Lparam 0000                          __pcinit 7F82  
                        _delayMs 7FB2                          __ramtop 0600  
                        __ptext0 7F9C                          __ptext1 7FB2  
                        __ptext2 7F88                          __ptext3 7FD0  
                        __ptext4 7F90            _OSCILLATOR_Initialize 7F90  
       ??_PIN_MANAGER_Initialize 0001       __size_of_SYSTEM_Initialize 0008  
           end_of_initialization 7F82           ?_OSCILLATOR_Initialize 0001  
            start_initialization 7F82  __size_of_PIN_MANAGER_Initialize 0030  
         _PIN_MANAGER_Initialize 7FD0                         ?_delayMs 0001  
               __CFG_WDTPS$32768 000000                      _INTCON2bits 000FF1  
                       __Hrparam 0000                         __Lrparam 0000  
             __CFG_BOREN$SBORDIS 000000                __CFG_P2BMX$PORTD2 000000  
        ??_OSCILLATOR_Initialize 0001                 __size_of_delayMs 001E  
                  __size_of_main 0016                         delayMs@i 0003  
                    delayMs@time 0002          ?_PIN_MANAGER_Initialize 0001  
              __CFG_T3CMX$PORTC0 000000   __end_of_PIN_MANAGER_Initialize 8000  
