

Microchip Technology PIC18 LITE Macro Assembler V1.38 build -256452561 
                                                                                               Tue Aug 02 12:53:35 2016

Microchip Technology Omniscient Code Generator v1.38 (Free mode) build 201607010351
     1                           	processor	18F4550
     2                           	fnconf	rparam,??,?,0
     3                           	opt	pw 120
     4                           	opt	lm
     5                           	psect	cinit,global,reloc=2,class=CODE,delta=1
     6                           	psect	bssCOMRAM,global,class=COMRAM,space=1,delta=1
     7                           	psect	cstackCOMRAM,global,class=COMRAM,space=1,delta=1
     8                           	psect	text0,global,reloc=2,class=CODE,delta=1
     9                           	psect	text1,global,reloc=2,class=CODE,delta=1
    10                           	psect	text2,global,reloc=2,class=CODE,delta=1
    11                           	psect	text3,global,reloc=2,class=CODE,delta=1
    12                           	psect	text4,global,reloc=2,class=CODE,delta=1
    13                           	psect	text5,global,reloc=2,class=CODE,delta=1
    14                           	psect	text6,global,reloc=2,class=CODE,delta=1
    15                           	psect	text7,global,reloc=2,class=CODE,delta=1
    16                           	psect	text8,global,reloc=2,class=CODE,delta=1
    17                           	psect	text9,global,reloc=2,class=CODE,delta=1
    18                           	psect	text10,global,reloc=2,class=CODE,delta=1
    19                           	psect	intsave_regs,global,class=BIGRAM,space=1,delta=1
    20                           	psect	rparam,global,class=COMRAM,space=1,delta=1
    21  0000                     _BAUDCONbits	set	4024
    22  0000                     _LATDbits	set	3980
    23  0000                     _PIE1bits	set	3997
    24  0000                     _PIR1bits	set	3998
    25  0000                     _PORTBbits	set	3969
    26  0000                     _RCREG	set	4014
    27  0000                     _RCSTA	set	4011
    28  0000                     _RCSTAbits	set	4011
    29  0000                     _SPBRG	set	4015
    30  0000                     _SPBRGH	set	4016
    31  0000                     _TRISBbits	set	3987
    32  0000                     _TRISCbits	set	3988
    33  0000                     _TRISD	set	3989
    34  0000                     _TXSTA	set	4012
    35  0000                     _TXSTAbits	set	4012
    36                           
    37                           ; #config settings
    38  0000                     
    39                           	psect	cinit
    40  007DE8                     __pcinit:
    41                           	opt stack 0
    42  007DE8                     start_initialization:
    43                           	opt stack 0
    44  007DE8                     __initialization:
    45                           	opt stack 0
    46                           
    47                           ; Clear objects allocated to COMRAM (1 bytes)
    48  007DE8  6A07               	clrf	__pbssCOMRAM& (0+255),c
    49  007DEA                     end_of_initialization:
    50                           	opt stack 0
    51  007DEA                     __end_of__initialization:
    52                           	opt stack 0
    53  007DEA  0100               	movlb	0
    54  007DEC  EF92  F03F         	goto	_main	;jump to C main() function
    55                           
    56                           	psect	bssCOMRAM
    57  000007                     __pbssCOMRAM:
    58                           	opt stack 0
    59  000007                     _USART_Status:
    60                           	opt stack 0
    61  000007                     	ds	1
    62                           
    63                           	psect	cstackCOMRAM
    64  000001                     __pcstackCOMRAM:
    65                           	opt stack 0
    66  000001                     Lcd_Port@a:
    67                           	opt stack 0
    68  000001                     ReadUSART@data:
    69                           	opt stack 0
    70  000001                     Delay100TCYx@unit:
    71                           	opt stack 0
    72  000001                     Delay1TCYx@unit:
    73                           	opt stack 0
    74  000001                     OpenUSART@spbrg:
    75                           	opt stack 0
    76                           
    77                           ; 2 bytes @ 0x0
    78  000001                     	ds	1
    79  000002                     ??_WriteUART:
    80  000002                     ??_Lcd_Cmd:
    81  000002                     
    82                           ; 1 bytes @ 0x1
    83  000002                     	ds	1
    84  000003                     Lcd_Cmd@a:
    85                           	opt stack 0
    86  000003                     WriteUART@uartdata:
    87                           	opt stack 0
    88  000003                     OpenUSART@config:
    89                           	opt stack 0
    90                           
    91                           ; 1 bytes @ 0x2
    92  000003                     	ds	1
    93  000004                     ??_Lcd_Init:
    94  000004                     WriteUART@bitcount:
    95                           	opt stack 0
    96                           
    97                           ; 1 bytes @ 0x3
    98  000004                     	ds	1
    99  000005                     ??_main:
   100                           
   101                           ; 1 bytes @ 0x4
   102  000005                     	ds	1
   103  000006                     main@dado_recebido:
   104                           	opt stack 0
   105                           
   106                           ; 1 bytes @ 0x5
   107  000006                     	ds	1
   108                           
   109 ;;
   110 ;;Main: autosize = 0, tempsize = 1, incstack = 0, save=0
   111 ;;
   112 ;; *************** function _main *****************
   113 ;; Defined at:
   114 ;;		line 24 in file "main.c"
   115 ;; Parameters:    Size  Location     Type
   116 ;;		None
   117 ;; Auto vars:     Size  Location     Type
   118 ;;  s              20    0        unsigned char [20]
   119 ;;  dado_recebid    1    5[COMRAM] unsigned char 
   120 ;;  n_dado          1    0        unsigned char 
   121 ;;  recebe_midi     1    0        unsigned char 
   122 ;; Return value:  Size  Location     Type
   123 ;;                  1    wreg      void 
   124 ;; Registers used:
   125 ;;		wreg, status,2, status,0, cstack
   126 ;; Tracked objects:
   127 ;;		On entry : 0/0
   128 ;;		On exit  : 0/0
   129 ;;		Unchanged: 0/0
   130 ;; Data sizes:     COMRAM   BANK0   BANK1   BANK2   BANK3   BANK4   BANK5   BANK6   BANK7
   131 ;;      Params:         0       0       0       0       0       0       0       0       0
   132 ;;      Locals:         1       0       0       0       0       0       0       0       0
   133 ;;      Temps:          1       0       0       0       0       0       0       0       0
   134 ;;      Totals:         2       0       0       0       0       0       0       0       0
   135 ;;Total ram usage:        2 bytes
   136 ;; Hardware stack levels required when called:    3
   137 ;; This function calls:
   138 ;;		_Lcd_Init
   139 ;;		_OpenUART
   140 ;;		_OpenUSART
   141 ;;		_ReadUSART
   142 ;;		_WriteUART
   143 ;; This function is called by:
   144 ;;		Startup code after reset
   145 ;; This function uses a non-reentrant model
   146 ;;
   147                           
   148                           	psect	text0
   149  007F24                     __ptext0:
   150                           	opt stack 0
   151  007F24                     _main:
   152                           	opt stack 28
   153                           
   154                           ;main.c: 26: TRISD = 0b00000000;
   155                           
   156                           ;incstack = 0
   157  007F24  0E00               	movlw	0
   158  007F26  6E95               	movwf	3989,c	;volatile
   159                           
   160                           ;main.c: 28: unsigned char recebe_midi;
   161                           ;main.c: 29: unsigned char dado_recebido;
   162                           ;main.c: 30: unsigned char n_dado;
   163                           ;main.c: 31: char s[20];
   164                           ;main.c: 33: OpenUSART(0b01111111
   165                           ;main.c: 34: & 0b10111111
   166                           ;main.c: 35: & 0b11111110
   167                           ;main.c: 36: & 0b11111101
   168                           ;main.c: 37: & 0b11111111
   169                           ;main.c: 38: & 0b11111111, 19);
   170  007F28  0E00               	movlw	0
   171  007F2A  6E02               	movwf	OpenUSART@spbrg+1,c
   172  007F2C  0E13               	movlw	19
   173  007F2E  6E01               	movwf	OpenUSART@spbrg,c
   174  007F30  0E3C               	movlw	60
   175  007F32  EC62  F03F         	call	_OpenUSART
   176                           
   177                           ;main.c: 40: BAUDCONbits.BRG16 = 0;
   178  007F36  96B8               	bcf	4024,3,c	;volatile
   179                           
   180                           ;main.c: 41: BAUDCONbits.ABDEN = 0;
   181  007F38  90B8               	bcf	4024,0,c	;volatile
   182                           
   183                           ;main.c: 42: BAUDCONbits.WUE = 0;
   184  007F3A  92B8               	bcf	4024,1,c	;volatile
   185                           
   186                           ;main.c: 44: _delay((unsigned long)((10)*(10000000/4000.0)));
   187  007F3C  0E21               	movlw	33
   188  007F3E  6E05               	movwf	??_main& (0+255),c
   189  007F40  0E76               	movlw	118
   190  007F42                     u397:
   191  007F42  2EE8               	decfsz	wreg,f,c
   192  007F44  D7FE               	goto	u397
   193  007F46  2E05               	decfsz	??_main& (0+255),f,c
   194  007F48  D7FC               	goto	u397
   195  007F4A  D000               	nop2	
   196                           
   197                           ;main.c: 46: OpenUART();
   198  007F4C  ECF8  F03E         	call	_OpenUART	;wreg free
   199                           
   200                           ;main.c: 48: _delay((unsigned long)((10)*(10000000/4000.0)));
   201  007F50  0E21               	movlw	33
   202  007F52  6E05               	movwf	??_main& (0+255),c
   203  007F54  0E76               	movlw	118
   204  007F56                     u407:
   205  007F56  2EE8               	decfsz	wreg,f,c
   206  007F58  D7FE               	goto	u407
   207  007F5A  2E05               	decfsz	??_main& (0+255),f,c
   208  007F5C  D7FC               	goto	u407
   209  007F5E  D000               	nop2	
   210                           
   211                           ;main.c: 50: Lcd_Init();
   212  007F60  ECC7  F03F         	call	_Lcd_Init	;wreg free
   213                           
   214                           ;main.c: 52: _delay((unsigned long)((10)*(10000000/4000.0)));
   215  007F64  0E21               	movlw	33
   216  007F66  6E05               	movwf	??_main& (0+255),c
   217  007F68  0E76               	movlw	118
   218  007F6A                     u417:
   219  007F6A  2EE8               	decfsz	wreg,f,c
   220  007F6C  D7FE               	goto	u417
   221  007F6E  2E05               	decfsz	??_main& (0+255),f,c
   222  007F70  D7FC               	goto	u417
   223  007F72  D000               	nop2	
   224  007F74                     l1102:
   225                           
   226                           ;main.c: 57: if((PIR1bits.RCIF))
   227  007F74  AA9E               	btfss	3998,5,c	;volatile
   228  007F76  D7FE               	goto	l1102
   229                           
   230                           ;main.c: 58: {
   231                           ;main.c: 59: dado_recebido = ReadUSART();
   232  007F78  EC20  F03F         	call	_ReadUSART	;wreg free
   233  007F7C  6E06               	movwf	main@dado_recebido,c
   234  007F7E                     l81:
   235  007F7E  A2AC               	btfss	4012,1,c	;volatile
   236  007F80  D7FE               	goto	l81
   237                           
   238                           ;main.c: 64: WriteUART(dado_recebido);
   239  007F82  5006               	movf	main@dado_recebido,w,c
   240  007F84  EC45  F03F         	call	_WriteUART
   241  007F88                     l84:
   242  007F88  B2AC               	btfsc	4012,1,c	;volatile
   243  007F8A  D7F4               	goto	l1102
   244  007F8C  D7FD               	goto	l84
   245  007F8E                     __end_of_main:
   246                           	opt stack 0
   247                           wreg	equ	0xFE8
   248                           
   249 ;; *************** function _WriteUART *****************
   250 ;; Defined at:
   251 ;;		line 96 in file "C:\Program Files (x86)\Microchip\xc8\v1.38\sources\pic18\plib\SW_UART\sw_uart.c"
   252 ;; Parameters:    Size  Location     Type
   253 ;;  uartdata        1    wreg     unsigned char 
   254 ;; Auto vars:     Size  Location     Type
   255 ;;  uartdata        1    2[COMRAM] unsigned char 
   256 ;;  bitcount        1    3[COMRAM] unsigned char 
   257 ;; Return value:  Size  Location     Type
   258 ;;                  1    wreg      void 
   259 ;; Registers used:
   260 ;;		wreg, status,2, status,0, cstack
   261 ;; Tracked objects:
   262 ;;		On entry : 0/0
   263 ;;		On exit  : 0/0
   264 ;;		Unchanged: 0/0
   265 ;; Data sizes:     COMRAM   BANK0   BANK1   BANK2   BANK3   BANK4   BANK5   BANK6   BANK7
   266 ;;      Params:         0       0       0       0       0       0       0       0       0
   267 ;;      Locals:         2       0       0       0       0       0       0       0       0
   268 ;;      Temps:          1       0       0       0       0       0       0       0       0
   269 ;;      Totals:         3       0       0       0       0       0       0       0       0
   270 ;;Total ram usage:        3 bytes
   271 ;; Hardware stack levels used:    1
   272 ;; Hardware stack levels required when called:    2
   273 ;; This function calls:
   274 ;;		_DelayTXBitUART
   275 ;; This function is called by:
   276 ;;		_main
   277 ;; This function uses a non-reentrant model
   278 ;;
   279                           
   280                           	psect	text1
   281  007E8A                     __ptext1:
   282                           	opt stack 0
   283  007E8A                     _WriteUART:
   284                           	opt stack 28
   285                           
   286                           ;incstack = 0
   287                           ;WriteUART@uartdata stored from wreg
   288  007E8A  6E03               	movwf	WriteUART@uartdata,c
   289  007E8C  0E08               	movlw	8
   290  007E8E  6E04               	movwf	WriteUART@bitcount,c
   291  007E90  9881               	bcf	3969,4,c	;volatile
   292  007E92  EC02  F03F         	call	_DelayTXBitUART	;wreg free
   293  007E96  D00E               	goto	l976
   294  007E98                     l970:
   295  007E98  C003  F002         	movff	WriteUART@uartdata,??_WriteUART
   296  007E9C  0E01               	movlw	1
   297  007E9E  1602               	andwf	??_WriteUART,f,c
   298  007EA0  3A02               	swapf	??_WriteUART,f,c
   299  007EA2  5081               	movf	3969,w,c	;volatile
   300  007EA4  1802               	xorwf	??_WriteUART,w,c
   301  007EA6  0BEF               	andlw	-17
   302  007EA8  1802               	xorwf	??_WriteUART,w,c
   303  007EAA  6E81               	movwf	3969,c	;volatile
   304  007EAC  EC02  F03F         	call	_DelayTXBitUART	;wreg free
   305  007EB0  90D8               	bcf	status,0,c
   306  007EB2  3203               	rrcf	WriteUART@uartdata,f,c
   307  007EB4                     l976:
   308  007EB4  0604               	decf	WriteUART@bitcount,f,c
   309  007EB6  2804               	incf	WriteUART@bitcount,w,c
   310  007EB8  A4D8               	btfss	status,2,c
   311  007EBA  D7EE               	goto	l970
   312  007EBC  8881               	bsf	3969,4,c	;volatile
   313  007EBE  EC02  F03F         	call	_DelayTXBitUART	;wreg free
   314  007EC2  0012               	return		;funcret
   315  007EC4                     __end_of_WriteUART:
   316                           	opt stack 0
   317                           wreg	equ	0xFE8
   318                           status	equ	0xFD8
   319                           
   320 ;; *************** function _DelayTXBitUART *****************
   321 ;; Defined at:
   322 ;;		line 10 in file "main.c"
   323 ;; Parameters:    Size  Location     Type
   324 ;;		None
   325 ;; Auto vars:     Size  Location     Type
   326 ;;		None
   327 ;; Return value:  Size  Location     Type
   328 ;;                  1    wreg      void 
   329 ;; Registers used:
   330 ;;		wreg, cstack
   331 ;; Tracked objects:
   332 ;;		On entry : 0/0
   333 ;;		On exit  : 0/0
   334 ;;		Unchanged: 0/0
   335 ;; Data sizes:     COMRAM   BANK0   BANK1   BANK2   BANK3   BANK4   BANK5   BANK6   BANK7
   336 ;;      Params:         0       0       0       0       0       0       0       0       0
   337 ;;      Locals:         0       0       0       0       0       0       0       0       0
   338 ;;      Temps:          0       0       0       0       0       0       0       0       0
   339 ;;      Totals:         0       0       0       0       0       0       0       0       0
   340 ;;Total ram usage:        0 bytes
   341 ;; Hardware stack levels used:    1
   342 ;; Hardware stack levels required when called:    1
   343 ;; This function calls:
   344 ;;		_Delay100TCYx
   345 ;;		_Delay1TCYx
   346 ;; This function is called by:
   347 ;;		_WriteUART
   348 ;; This function uses a non-reentrant model
   349 ;;
   350                           
   351                           	psect	text2
   352  007E04                     __ptext2:
   353                           	opt stack 0
   354  007E04                     _DelayTXBitUART:
   355                           	opt stack 28
   356                           
   357                           ;main.c: 11: Delay100TCYx(1);
   358                           
   359                           ;incstack = 0
   360  007E04  0E01               	movlw	1
   361  007E06  EC09  F03F         	call	_Delay100TCYx
   362                           
   363                           ;main.c: 12: Delay1TCYx(18);
   364  007E0A  0E12               	movlw	18
   365  007E0C  ECFD  F03E         	call	_Delay1TCYx
   366  007E10  0012               	return		;funcret
   367  007E12                     __end_of_DelayTXBitUART:
   368                           	opt stack 0
   369                           wreg	equ	0xFE8
   370                           status	equ	0xFD8
   371                           
   372 ;; *************** function _Delay1TCYx *****************
   373 ;; Defined at:
   374 ;;		line 4 in file "C:\Program Files (x86)\Microchip\xc8\v1.38\sources\pic18\d1tcyx.c"
   375 ;; Parameters:    Size  Location     Type
   376 ;;  unit            1    wreg     unsigned char 
   377 ;; Auto vars:     Size  Location     Type
   378 ;;  unit            1    0[COMRAM] unsigned char 
   379 ;; Return value:  Size  Location     Type
   380 ;;                  1    wreg      void 
   381 ;; Registers used:
   382 ;;		wreg
   383 ;; Tracked objects:
   384 ;;		On entry : 0/0
   385 ;;		On exit  : 0/0
   386 ;;		Unchanged: 0/0
   387 ;; Data sizes:     COMRAM   BANK0   BANK1   BANK2   BANK3   BANK4   BANK5   BANK6   BANK7
   388 ;;      Params:         0       0       0       0       0       0       0       0       0
   389 ;;      Locals:         1       0       0       0       0       0       0       0       0
   390 ;;      Temps:          0       0       0       0       0       0       0       0       0
   391 ;;      Totals:         1       0       0       0       0       0       0       0       0
   392 ;;Total ram usage:        1 bytes
   393 ;; Hardware stack levels used:    1
   394 ;; This function calls:
   395 ;;		Nothing
   396 ;; This function is called by:
   397 ;;		_DelayTXBitUART
   398 ;;		_DelayRXHalfBitUART
   399 ;; This function uses a non-reentrant model
   400 ;;
   401                           
   402                           	psect	text3
   403  007DFA                     __ptext3:
   404                           	opt stack 0
   405  007DFA                     _Delay1TCYx:
   406                           	opt stack 28
   407                           
   408                           ;incstack = 0
   409                           ;Delay1TCYx@unit stored from wreg
   410  007DFA  6E01               	movwf	Delay1TCYx@unit,c
   411  007DFC                     l401:
   412  007DFC  F000               	nop	
   413  007DFE  2E01               	decfsz	Delay1TCYx@unit,f,c
   414  007E00  D7FD               	goto	l401
   415  007E02  0012               	return	
   416  007E04                     __end_of_Delay1TCYx:
   417                           	opt stack 0
   418                           wreg	equ	0xFE8
   419                           status	equ	0xFD8
   420                           
   421 ;; *************** function _Delay100TCYx *****************
   422 ;; Defined at:
   423 ;;		line 8 in file "C:\Program Files (x86)\Microchip\xc8\v1.38\sources\pic18\d100tcyx.c"
   424 ;; Parameters:    Size  Location     Type
   425 ;;  unit            1    wreg     unsigned char 
   426 ;; Auto vars:     Size  Location     Type
   427 ;;  unit            1    0[COMRAM] unsigned char 
   428 ;; Return value:  Size  Location     Type
   429 ;;                  1    wreg      void 
   430 ;; Registers used:
   431 ;;		wreg
   432 ;; Tracked objects:
   433 ;;		On entry : 0/0
   434 ;;		On exit  : 0/0
   435 ;;		Unchanged: 0/0
   436 ;; Data sizes:     COMRAM   BANK0   BANK1   BANK2   BANK3   BANK4   BANK5   BANK6   BANK7
   437 ;;      Params:         0       0       0       0       0       0       0       0       0
   438 ;;      Locals:         1       0       0       0       0       0       0       0       0
   439 ;;      Temps:          0       0       0       0       0       0       0       0       0
   440 ;;      Totals:         1       0       0       0       0       0       0       0       0
   441 ;;Total ram usage:        1 bytes
   442 ;; Hardware stack levels used:    1
   443 ;; This function calls:
   444 ;;		Nothing
   445 ;; This function is called by:
   446 ;;		_DelayTXBitUART
   447 ;;		_DelayRXBitUART
   448 ;; This function uses a non-reentrant model
   449 ;;
   450                           
   451                           	psect	text4
   452  007E12                     __ptext4:
   453                           	opt stack 0
   454  007E12                     _Delay100TCYx:
   455                           	opt stack 28
   456                           
   457                           ;incstack = 0
   458                           ;Delay100TCYx@unit stored from wreg
   459  007E12  6E01               	movwf	Delay100TCYx@unit,c
   460  007E14  0E21               	movlw	33
   461  007E16                     u427:
   462  007E16  2EE8               	decfsz	wreg,f,c
   463  007E18  D7FE               	goto	u427
   464  007E1A  F000               	nop	
   465  007E1C  2E01               	decfsz	Delay100TCYx@unit,f,c
   466  007E1E  D7FA               	goto	l822
   467  007E20  0012               	return	
   468  007E22                     __end_of_Delay100TCYx:
   469                           	opt stack 0
   470                           wreg	equ	0xFE8
   471                           status	equ	0xFD8
   472                           
   473 ;; *************** function _ReadUSART *****************
   474 ;; Defined at:
   475 ;;		line 15 in file "C:\Program Files (x86)\Microchip\xc8\v1.38\sources\pic18\plib\USART\uread.c"
   476 ;; Parameters:    Size  Location     Type
   477 ;;		None
   478 ;; Auto vars:     Size  Location     Type
   479 ;;  data            1    0[COMRAM] unsigned char 
   480 ;; Return value:  Size  Location     Type
   481 ;;                  1    wreg      unsigned char 
   482 ;; Registers used:
   483 ;;		wreg, status,2, status,0
   484 ;; Tracked objects:
   485 ;;		On entry : 0/0
   486 ;;		On exit  : 0/0
   487 ;;		Unchanged: 0/0
   488 ;; Data sizes:     COMRAM   BANK0   BANK1   BANK2   BANK3   BANK4   BANK5   BANK6   BANK7
   489 ;;      Params:         0       0       0       0       0       0       0       0       0
   490 ;;      Locals:         1       0       0       0       0       0       0       0       0
   491 ;;      Temps:          0       0       0       0       0       0       0       0       0
   492 ;;      Totals:         1       0       0       0       0       0       0       0       0
   493 ;;Total ram usage:        1 bytes
   494 ;; Hardware stack levels used:    1
   495 ;; This function calls:
   496 ;;		Nothing
   497 ;; This function is called by:
   498 ;;		_main
   499 ;; This function uses a non-reentrant model
   500 ;;
   501                           
   502                           	psect	text5
   503  007E40                     __ptext5:
   504                           	opt stack 0
   505  007E40                     _ReadUSART:
   506                           	opt stack 30
   507                           
   508                           ;incstack = 0
   509  007E40  0EF2               	movlw	242
   510  007E42  1607               	andwf	_USART_Status,f,c
   511  007E44  ACAB               	btfss	4011,6,c	;volatile
   512  007E46  D003               	goto	l181
   513  007E48  9007               	bcf	_USART_Status,0,c
   514  007E4A  B0AB               	btfsc	4011,0,c	;volatile
   515  007E4C  8007               	bsf	_USART_Status,0,c
   516  007E4E                     l181:
   517  007E4E  B4AB               	btfsc	4011,2,c	;volatile
   518  007E50  8407               	bsf	_USART_Status,2,c
   519  007E52  B2AB               	btfsc	4011,1,c	;volatile
   520  007E54  8607               	bsf	_USART_Status,3,c
   521  007E56  CFAE F001          	movff	4014,ReadUSART@data	;volatile
   522  007E5A  5001               	movf	ReadUSART@data,w,c
   523  007E5C  0012               	return	
   524  007E5E                     __end_of_ReadUSART:
   525                           	opt stack 0
   526                           wreg	equ	0xFE8
   527                           status	equ	0xFD8
   528                           
   529 ;; *************** function _OpenUSART *****************
   530 ;; Defined at:
   531 ;;		line 73 in file "C:\Program Files (x86)\Microchip\xc8\v1.38\sources\pic18\plib\USART\uopen.c"
   532 ;; Parameters:    Size  Location     Type
   533 ;;  config          1    wreg     unsigned char 
   534 ;;  spbrg           2    0[COMRAM] unsigned int 
   535 ;; Auto vars:     Size  Location     Type
   536 ;;  config          1    2[COMRAM] unsigned char 
   537 ;; Return value:  Size  Location     Type
   538 ;;                  1    wreg      void 
   539 ;; Registers used:
   540 ;;		wreg, status,2
   541 ;; Tracked objects:
   542 ;;		On entry : 0/0
   543 ;;		On exit  : 0/0
   544 ;;		Unchanged: 0/0
   545 ;; Data sizes:     COMRAM   BANK0   BANK1   BANK2   BANK3   BANK4   BANK5   BANK6   BANK7
   546 ;;      Params:         2       0       0       0       0       0       0       0       0
   547 ;;      Locals:         1       0       0       0       0       0       0       0       0
   548 ;;      Temps:          0       0       0       0       0       0       0       0       0
   549 ;;      Totals:         3       0       0       0       0       0       0       0       0
   550 ;;Total ram usage:        3 bytes
   551 ;; Hardware stack levels used:    1
   552 ;; This function calls:
   553 ;;		Nothing
   554 ;; This function is called by:
   555 ;;		_main
   556 ;; This function uses a non-reentrant model
   557 ;;
   558                           
   559                           	psect	text6
   560  007EC4                     __ptext6:
   561                           	opt stack 0
   562  007EC4                     _OpenUSART:
   563                           	opt stack 30
   564                           
   565                           ;incstack = 0
   566                           ;OpenUSART@config stored from wreg
   567  007EC4  6E03               	movwf	OpenUSART@config,c
   568  007EC6  0E00               	movlw	0
   569  007EC8  6EAC               	movwf	4012,c	;volatile
   570  007ECA  0E00               	movlw	0
   571  007ECC  6EAB               	movwf	4011,c	;volatile
   572  007ECE  B003               	btfsc	OpenUSART@config,0,c
   573  007ED0  88AC               	bsf	4012,4,c	;volatile
   574  007ED2  A203               	btfss	OpenUSART@config,1,c
   575  007ED4  D002               	goto	l1044
   576  007ED6  8CAC               	bsf	4012,6,c	;volatile
   577  007ED8  8CAB               	bsf	4011,6,c	;volatile
   578  007EDA                     l1044:
   579  007EDA  B403               	btfsc	OpenUSART@config,2,c
   580  007EDC  8EAC               	bsf	4012,7,c	;volatile
   581  007EDE  A603               	btfss	OpenUSART@config,3,c
   582  007EE0  D002               	goto	l163
   583  007EE2  88AB               	bsf	4011,4,c	;volatile
   584  007EE4  D001               	goto	l1052
   585  007EE6                     l163:
   586  007EE6  8AAB               	bsf	4011,5,c	;volatile
   587  007EE8                     l1052:
   588  007EE8  B803               	btfsc	OpenUSART@config,4,c
   589  007EEA  84AC               	bsf	4012,2,c	;volatile
   590  007EEC  989E               	bcf	3998,4,c	;volatile
   591  007EEE  BA03               	btfsc	OpenUSART@config,5,c
   592  007EF0  86AB               	bsf	4011,3,c	;volatile
   593  007EF2  AC03               	btfss	OpenUSART@config,6,c
   594  007EF4  D002               	goto	l167
   595  007EF6  8A9D               	bsf	3997,5,c	;volatile
   596  007EF8  D001               	goto	l168
   597  007EFA                     l167:
   598  007EFA  9A9D               	bcf	3997,5,c	;volatile
   599  007EFC                     l168:
   600  007EFC  9A9E               	bcf	3998,5,c	;volatile
   601  007EFE  AE03               	btfss	OpenUSART@config,7,c
   602  007F00  D002               	goto	l169
   603  007F02  889D               	bsf	3997,4,c	;volatile
   604  007F04  D001               	goto	l170
   605  007F06                     l169:
   606  007F06  989D               	bcf	3997,4,c	;volatile
   607  007F08                     l170:
   608  007F08  C001  FFAF         	movff	OpenUSART@spbrg,4015	;volatile
   609  007F0C  5002               	movf	OpenUSART@spbrg+1,w,c
   610  007F0E  6EB0               	movwf	4016,c	;volatile
   611  007F10  8AAC               	bsf	4012,5,c	;volatile
   612  007F12  8EAB               	bsf	4011,7,c	;volatile
   613  007F14  9C94               	bcf	3988,6,c	;volatile
   614  007F16  8E94               	bsf	3988,7,c	;volatile
   615  007F18  A8AC               	btfss	4012,4,c	;volatile
   616  007F1A  0012               	return	
   617  007F1C  BEAC               	btfsc	4012,7,c	;volatile
   618  007F1E  0012               	return	
   619  007F20  8C94               	bsf	3988,6,c	;volatile
   620  007F22  0012               	return	
   621  007F24                     __end_of_OpenUSART:
   622                           	opt stack 0
   623                           wreg	equ	0xFE8
   624                           status	equ	0xFD8
   625                           
   626 ;; *************** function _OpenUART *****************
   627 ;; Defined at:
   628 ;;		line 30 in file "C:\Program Files (x86)\Microchip\xc8\v1.38\sources\pic18\plib\SW_UART\openuart.c"
   629 ;; Parameters:    Size  Location     Type
   630 ;;		None
   631 ;; Auto vars:     Size  Location     Type
   632 ;;		None
   633 ;; Return value:  Size  Location     Type
   634 ;;                  1    wreg      void 
   635 ;; Registers used:
   636 ;;		None
   637 ;; Tracked objects:
   638 ;;		On entry : 0/0
   639 ;;		On exit  : 0/0
   640 ;;		Unchanged: 0/0
   641 ;; Data sizes:     COMRAM   BANK0   BANK1   BANK2   BANK3   BANK4   BANK5   BANK6   BANK7
   642 ;;      Params:         0       0       0       0       0       0       0       0       0
   643 ;;      Locals:         0       0       0       0       0       0       0       0       0
   644 ;;      Temps:          0       0       0       0       0       0       0       0       0
   645 ;;      Totals:         0       0       0       0       0       0       0       0       0
   646 ;;Total ram usage:        0 bytes
   647 ;; Hardware stack levels used:    1
   648 ;; This function calls:
   649 ;;		Nothing
   650 ;; This function is called by:
   651 ;;		_main
   652 ;; This function uses a non-reentrant model
   653 ;;
   654                           
   655                           	psect	text7
   656  007DF0                     __ptext7:
   657                           	opt stack 0
   658  007DF0                     _OpenUART:
   659                           	opt stack 30
   660                           
   661                           ;incstack = 0
   662  007DF0  9893               	bcf	3987,4,c	;volatile
   663  007DF2  8881               	bsf	3969,4,c	;volatile
   664  007DF4  9A93               	bcf	3987,5,c	;volatile
   665  007DF6  8A81               	bsf	3969,5,c	;volatile
   666  007DF8  0012               	return		;funcret
   667  007DFA                     __end_of_OpenUART:
   668                           	opt stack 0
   669                           wreg	equ	0xFE8
   670                           status	equ	0xFD8
   671                           
   672 ;; *************** function _Lcd_Init *****************
   673 ;; Defined at:
   674 ;;		line 69 in file "lcd.h"
   675 ;; Parameters:    Size  Location     Type
   676 ;;		None
   677 ;; Auto vars:     Size  Location     Type
   678 ;;		None
   679 ;; Return value:  Size  Location     Type
   680 ;;                  1    wreg      void 
   681 ;; Registers used:
   682 ;;		wreg, status,2, cstack
   683 ;; Tracked objects:
   684 ;;		On entry : 0/0
   685 ;;		On exit  : 0/0
   686 ;;		Unchanged: 0/0
   687 ;; Data sizes:     COMRAM   BANK0   BANK1   BANK2   BANK3   BANK4   BANK5   BANK6   BANK7
   688 ;;      Params:         0       0       0       0       0       0       0       0       0
   689 ;;      Locals:         0       0       0       0       0       0       0       0       0
   690 ;;      Temps:          1       0       0       0       0       0       0       0       0
   691 ;;      Totals:         1       0       0       0       0       0       0       0       0
   692 ;;Total ram usage:        1 bytes
   693 ;; Hardware stack levels used:    1
   694 ;; Hardware stack levels required when called:    2
   695 ;; This function calls:
   696 ;;		_Lcd_Cmd
   697 ;;		_Lcd_Port
   698 ;; This function is called by:
   699 ;;		_main
   700 ;; This function uses a non-reentrant model
   701 ;;
   702                           
   703                           	psect	text8
   704  007F8E                     __ptext8:
   705                           	opt stack 0
   706  007F8E                     _Lcd_Init:
   707                           	opt stack 28
   708                           
   709                           ;lcd.h: 71: Lcd_Port(0x00);
   710                           
   711                           ;incstack = 0
   712  007F8E  0E00               	movlw	0
   713  007F90  EC2F  F03F         	call	_Lcd_Port
   714                           
   715                           ;lcd.h: 72: _delay((unsigned long)((20)*(10000000/4000.0)));
   716  007F94  0E41               	movlw	65
   717  007F96  6E04               	movwf	??_Lcd_Init& (0+255),c
   718  007F98  0EEE               	movlw	238
   719  007F9A                     u437:
   720  007F9A  2EE8               	decfsz	wreg,f,c
   721  007F9C  D7FE               	goto	u437
   722  007F9E  2E04               	decfsz	??_Lcd_Init& (0+255),f,c
   723  007FA0  D7FC               	goto	u437
   724  007FA2  D000               	nop2	
   725                           
   726                           ;lcd.h: 73: Lcd_Cmd(0x03);
   727  007FA4  0E03               	movlw	3
   728  007FA6  EC11  F03F         	call	_Lcd_Cmd
   729                           
   730                           ;lcd.h: 74: _delay((unsigned long)((5)*(10000000/4000.0)));
   731  007FAA  0E11               	movlw	17
   732  007FAC  6E04               	movwf	??_Lcd_Init& (0+255),c
   733  007FAE  0E3A               	movlw	58
   734  007FB0                     u447:
   735  007FB0  2EE8               	decfsz	wreg,f,c
   736  007FB2  D7FE               	goto	u447
   737  007FB4  2E04               	decfsz	??_Lcd_Init& (0+255),f,c
   738  007FB6  D7FC               	goto	u447
   739  007FB8  D000               	nop2	
   740                           
   741                           ;lcd.h: 75: Lcd_Cmd(0x03);
   742  007FBA  0E03               	movlw	3
   743  007FBC  EC11  F03F         	call	_Lcd_Cmd
   744                           
   745                           ;lcd.h: 76: _delay((unsigned long)((11)*(10000000/4000.0)));
   746  007FC0  0E24               	movlw	36
   747  007FC2  6E04               	movwf	??_Lcd_Init& (0+255),c
   748  007FC4  0EB6               	movlw	182
   749  007FC6                     u457:
   750  007FC6  2EE8               	decfsz	wreg,f,c
   751  007FC8  D7FE               	goto	u457
   752  007FCA  2E04               	decfsz	??_Lcd_Init& (0+255),f,c
   753  007FCC  D7FC               	goto	u457
   754                           
   755                           ;lcd.h: 77: Lcd_Cmd(0x03);
   756  007FCE  0E03               	movlw	3
   757  007FD0  EC11  F03F         	call	_Lcd_Cmd
   758                           
   759                           ;lcd.h: 79: Lcd_Cmd(0x02);
   760  007FD4  0E02               	movlw	2
   761  007FD6  EC11  F03F         	call	_Lcd_Cmd
   762                           
   763                           ;lcd.h: 80: Lcd_Cmd(0x02);
   764  007FDA  0E02               	movlw	2
   765  007FDC  EC11  F03F         	call	_Lcd_Cmd
   766                           
   767                           ;lcd.h: 81: Lcd_Cmd(0x08);
   768  007FE0  0E08               	movlw	8
   769  007FE2  EC11  F03F         	call	_Lcd_Cmd
   770                           
   771                           ;lcd.h: 82: Lcd_Cmd(0x00);
   772  007FE6  0E00               	movlw	0
   773  007FE8  EC11  F03F         	call	_Lcd_Cmd
   774                           
   775                           ;lcd.h: 83: Lcd_Cmd(0x0C);
   776  007FEC  0E0C               	movlw	12
   777  007FEE  EC11  F03F         	call	_Lcd_Cmd
   778                           
   779                           ;lcd.h: 84: Lcd_Cmd(0x00);
   780  007FF2  0E00               	movlw	0
   781  007FF4  EC11  F03F         	call	_Lcd_Cmd
   782                           
   783                           ;lcd.h: 85: Lcd_Cmd(0x06);
   784  007FF8  0E06               	movlw	6
   785  007FFA  EC11  F03F         	call	_Lcd_Cmd
   786  007FFE  0012               	return		;funcret
   787  008000                     __end_of_Lcd_Init:
   788                           	opt stack 0
   789                           wreg	equ	0xFE8
   790                           status	equ	0xFD8
   791                           
   792 ;; *************** function _Lcd_Cmd *****************
   793 ;; Defined at:
   794 ;;		line 33 in file "lcd.h"
   795 ;; Parameters:    Size  Location     Type
   796 ;;  a               1    wreg     unsigned char 
   797 ;; Auto vars:     Size  Location     Type
   798 ;;  a               1    2[COMRAM] unsigned char 
   799 ;; Return value:  Size  Location     Type
   800 ;;                  1    wreg      void 
   801 ;; Registers used:
   802 ;;		wreg, status,2, cstack
   803 ;; Tracked objects:
   804 ;;		On entry : 0/0
   805 ;;		On exit  : 0/0
   806 ;;		Unchanged: 0/0
   807 ;; Data sizes:     COMRAM   BANK0   BANK1   BANK2   BANK3   BANK4   BANK5   BANK6   BANK7
   808 ;;      Params:         0       0       0       0       0       0       0       0       0
   809 ;;      Locals:         1       0       0       0       0       0       0       0       0
   810 ;;      Temps:          1       0       0       0       0       0       0       0       0
   811 ;;      Totals:         2       0       0       0       0       0       0       0       0
   812 ;;Total ram usage:        2 bytes
   813 ;; Hardware stack levels used:    1
   814 ;; Hardware stack levels required when called:    1
   815 ;; This function calls:
   816 ;;		_Lcd_Port
   817 ;; This function is called by:
   818 ;;		_Lcd_Init
   819 ;;		_Lcd_Clear
   820 ;;		_Lcd_Set_Cursor
   821 ;;		_Lcd_Shift_Right
   822 ;;		_Lcd_Shift_Left
   823 ;; This function uses a non-reentrant model
   824 ;;
   825                           
   826                           	psect	text9
   827  007E22                     __ptext9:
   828                           	opt stack 0
   829  007E22                     _Lcd_Cmd:
   830                           	opt stack 28
   831                           
   832                           ;incstack = 0
   833                           ;Lcd_Cmd@a stored from wreg
   834  007E22  6E03               	movwf	Lcd_Cmd@a,c
   835                           
   836                           ;lcd.h: 35: LATDbits.LATD2 = 0;
   837  007E24  948C               	bcf	3980,2,c	;volatile
   838                           
   839                           ;lcd.h: 36: Lcd_Port(a);
   840  007E26  5003               	movf	Lcd_Cmd@a,w,c
   841  007E28  EC2F  F03F         	call	_Lcd_Port
   842                           
   843                           ;lcd.h: 37: LATDbits.LATD3 = 1;
   844  007E2C  868C               	bsf	3980,3,c	;volatile
   845                           
   846                           ;lcd.h: 38: _delay((unsigned long)((4)*(10000000/4000.0)));
   847  007E2E  0E0D               	movlw	13
   848  007E30  6E02               	movwf	??_Lcd_Cmd& (0+255),c
   849  007E32  0EFC               	movlw	252
   850  007E34                     u467:
   851  007E34  2EE8               	decfsz	wreg,f,c
   852  007E36  D7FE               	goto	u467
   853  007E38  2E02               	decfsz	??_Lcd_Cmd& (0+255),f,c
   854  007E3A  D7FC               	goto	u467
   855                           
   856                           ;lcd.h: 39: LATDbits.LATD3 = 0;
   857  007E3C  968C               	bcf	3980,3,c	;volatile
   858  007E3E  0012               	return		;funcret
   859  007E40                     __end_of_Lcd_Cmd:
   860                           	opt stack 0
   861                           wreg	equ	0xFE8
   862                           status	equ	0xFD8
   863                           
   864 ;; *************** function _Lcd_Port *****************
   865 ;; Defined at:
   866 ;;		line 11 in file "lcd.h"
   867 ;; Parameters:    Size  Location     Type
   868 ;;  a               1    wreg     unsigned char 
   869 ;; Auto vars:     Size  Location     Type
   870 ;;  a               1    0[COMRAM] unsigned char 
   871 ;; Return value:  Size  Location     Type
   872 ;;                  1    wreg      void 
   873 ;; Registers used:
   874 ;;		wreg
   875 ;; Tracked objects:
   876 ;;		On entry : 0/0
   877 ;;		On exit  : 0/0
   878 ;;		Unchanged: 0/0
   879 ;; Data sizes:     COMRAM   BANK0   BANK1   BANK2   BANK3   BANK4   BANK5   BANK6   BANK7
   880 ;;      Params:         0       0       0       0       0       0       0       0       0
   881 ;;      Locals:         1       0       0       0       0       0       0       0       0
   882 ;;      Temps:          0       0       0       0       0       0       0       0       0
   883 ;;      Totals:         1       0       0       0       0       0       0       0       0
   884 ;;Total ram usage:        1 bytes
   885 ;; Hardware stack levels used:    1
   886 ;; This function calls:
   887 ;;		Nothing
   888 ;; This function is called by:
   889 ;;		_Lcd_Cmd
   890 ;;		_Lcd_Init
   891 ;;		_Lcd_Write_Char
   892 ;; This function uses a non-reentrant model
   893 ;;
   894                           
   895                           	psect	text10
   896  007E5E                     __ptext10:
   897                           	opt stack 0
   898  007E5E                     _Lcd_Port:
   899                           	opt stack 29
   900                           
   901                           ;incstack = 0
   902                           ;Lcd_Port@a stored from wreg
   903  007E5E  6E01               	movwf	Lcd_Port@a,c
   904                           
   905                           ;lcd.h: 13: if(a & 1)
   906  007E60  A001               	btfss	Lcd_Port@a,0,c
   907  007E62  D002               	goto	l29
   908                           
   909                           ;lcd.h: 14: LATDbits.LATD4 = 1;
   910  007E64  888C               	bsf	3980,4,c	;volatile
   911  007E66  D001               	goto	l810
   912  007E68                     l29:
   913                           
   914                           ;lcd.h: 15: else
   915                           ;lcd.h: 16: LATDbits.LATD4 = 0;
   916  007E68  988C               	bcf	3980,4,c	;volatile
   917  007E6A                     l810:
   918                           
   919                           ;lcd.h: 18: if(a & 2)
   920  007E6A  A201               	btfss	Lcd_Port@a,1,c
   921  007E6C  D002               	goto	l31
   922                           
   923                           ;lcd.h: 19: LATDbits.LATD5 = 1;
   924  007E6E  8A8C               	bsf	3980,5,c	;volatile
   925  007E70  D001               	goto	l814
   926  007E72                     l31:
   927                           
   928                           ;lcd.h: 20: else
   929                           ;lcd.h: 21: LATDbits.LATD5 = 0;
   930  007E72  9A8C               	bcf	3980,5,c	;volatile
   931  007E74                     l814:
   932                           
   933                           ;lcd.h: 23: if(a & 4)
   934  007E74  A401               	btfss	Lcd_Port@a,2,c
   935  007E76  D002               	goto	l33
   936                           
   937                           ;lcd.h: 24: LATDbits.LATD6 = 1;
   938  007E78  8C8C               	bsf	3980,6,c	;volatile
   939  007E7A  D001               	goto	l818
   940  007E7C                     l33:
   941                           
   942                           ;lcd.h: 25: else
   943                           ;lcd.h: 26: LATDbits.LATD6 = 0;
   944  007E7C  9C8C               	bcf	3980,6,c	;volatile
   945  007E7E                     l818:
   946                           
   947                           ;lcd.h: 28: if(a & 8)
   948  007E7E  A601               	btfss	Lcd_Port@a,3,c
   949  007E80  D002               	goto	l35
   950                           
   951                           ;lcd.h: 29: LATDbits.LATD7 = 1;
   952  007E82  8E8C               	bsf	3980,7,c	;volatile
   953  007E84  0012               	return	
   954  007E86                     l35:
   955                           
   956                           ;lcd.h: 30: else
   957                           ;lcd.h: 31: LATDbits.LATD7 = 0;
   958  007E86  9E8C               	bcf	3980,7,c	;volatile
   959  007E88  0012               	return	
   960  007E8A                     __end_of_Lcd_Port:
   961                           	opt stack 0
   962  0000                     wreg	equ	0xFE8
   963                           status	equ	0xFD8
   964                           wreg	equ	0xFE8
   965                           status	equ	0xFD8
   966                           
   967                           	psect	rparam
   968  0000                     wreg	equ	0xFE8
   969                           status	equ	0xFD8


Data Sizes:
    Strings     0
    Constant    0
    Data        0
    BSS         1
    Persistent  0
    Stack       0

Auto Spaces:
    Space          Size  Autos    Used
    COMRAM           95      6       7
    BANK0           160      0       0
    BANK1           256      0       0
    BANK2           256      0       0
    BANK3           256      0       0
    BANK4           256      0       0
    BANK5           256      0       0
    BANK6           256      0       0
    BANK7           256      0       0

Pointer List with Targets:

    None.

Critical Paths under _main in COMRAM

    _main->_Lcd_Init
    _main->_WriteUART
    _DelayTXBitUART->_Delay100TCYx
    _DelayTXBitUART->_Delay1TCYx
    _Lcd_Init->_Lcd_Cmd
    _Lcd_Cmd->_Lcd_Port

Critical Paths under _main in BANK0

    None.

Critical Paths under _main in BANK1

    None.

Critical Paths under _main in BANK2

    None.

Critical Paths under _main in BANK3

    None.

Critical Paths under _main in BANK4

    None.

Critical Paths under _main in BANK5

    None.

Critical Paths under _main in BANK6

    None.

Critical Paths under _main in BANK7

    None.

Call Graph Tables:

 ---------------------------------------------------------------------------------
 (Depth) Function   	        Calls       Base Space   Used Autos Params    Refs
 ---------------------------------------------------------------------------------
 (0) _main                                                24    24      0     496
                                              4 COMRAM     2     2      0
                           _Lcd_Init
                           _OpenUART
                          _OpenUSART
                          _ReadUSART
                          _WriteUART
 ---------------------------------------------------------------------------------
 (1) _WriteUART                                            3     3      0      60
                                              1 COMRAM     3     3      0
                     _DelayTXBitUART
 ---------------------------------------------------------------------------------
 (2) _DelayTXBitUART                                       0     0      0      30
                       _Delay100TCYx
                         _Delay1TCYx
 ---------------------------------------------------------------------------------
 (3) _Delay1TCYx                                           1     1      0      15
                                              0 COMRAM     1     1      0
 ---------------------------------------------------------------------------------
 (3) _Delay100TCYx                                         1     1      0      15
                                              0 COMRAM     1     1      0
 ---------------------------------------------------------------------------------
 (1) _ReadUSART                                            1     1      0      15
                                              0 COMRAM     1     1      0
 ---------------------------------------------------------------------------------
 (1) _OpenUSART                                            3     1      2     263
                                              0 COMRAM     3     1      2
 ---------------------------------------------------------------------------------
 (1) _OpenUART                                             0     0      0       0
 ---------------------------------------------------------------------------------
 (1) _Lcd_Init                                             1     1      0     135
                                              3 COMRAM     1     1      0
                            _Lcd_Cmd
                           _Lcd_Port
 ---------------------------------------------------------------------------------
 (2) _Lcd_Cmd                                              2     2      0      75
                                              1 COMRAM     2     2      0
                           _Lcd_Port
 ---------------------------------------------------------------------------------
 (2) _Lcd_Port                                             1     1      0      60
                                              0 COMRAM     1     1      0
 ---------------------------------------------------------------------------------
 Estimated maximum stack depth 3
 ---------------------------------------------------------------------------------

 Call Graph Graphs:

 _main (ROOT)
   _Lcd_Init
     _Lcd_Cmd
       _Lcd_Port
     _Lcd_Port
   _OpenUART
   _OpenUSART
   _ReadUSART
   _WriteUART
     _DelayTXBitUART
       _Delay100TCYx
       _Delay1TCYx

 Address spaces:
Name               Size   Autos  Total    Cost      Usage
BIGRAM             7FF      0       0      21        0.0%
EEDATA             100      0       0       0        0.0%
BITBANK7           100      0       0      18        0.0%
BANK7              100      0       0      19        0.0%
BITBANK6           100      0       0      16        0.0%
BANK6              100      0       0      17        0.0%
BITBANK5           100      0       0      14        0.0%
BANK5              100      0       0      15        0.0%
BITBANK4           100      0       0      12        0.0%
BANK4              100      0       0      13        0.0%
BITBANK3           100      0       0      10        0.0%
BANK3              100      0       0      11        0.0%
BITBANK2           100      0       0       8        0.0%
BANK2              100      0       0       9        0.0%
BITBANK1           100      0       0       6        0.0%
BANK1              100      0       0       7        0.0%
BITBANK0            A0      0       0       4        0.0%
BANK0               A0      0       0       5        0.0%
BITCOMRAM           5F      0       0       0        0.0%
COMRAM              5F      6       7       1        7.4%
BITSFR               0      0       0      40        0.0%
SFR                  0      0       0      40        0.0%
STACK                0      0       0       2        0.0%
NULL                 0      0       0       0        0.0%
ABS                  0      0       7      20        0.0%
DATA                 0      0       7       3        0.0%
CODE                 0      0       0       0        0.0%


Microchip Technology PIC18 Macro Assembler V1.38 build -256452561 
Symbol Table                                                                                   Tue Aug 02 12:53:35 2016

                     l31 7E72                       l33 7E7C                       l35 7E86  
                     l29 7E68                       l81 7F7E                       l84 7F88  
            __CFG_BOR$ON 000000              __CFG_BORV$3 000000             __CFG_CP0$OFF 000000  
           __CFG_CP1$OFF 000000             __CFG_CP2$OFF 000000             __CFG_CP3$OFF 000000  
            __CFG_LVP$ON 000000                      l401 7DFC                      l170 7F08  
                    l163 7EE6                      l181 7E4E                      l167 7EFA  
                    l168 7EFC                      l169 7F06                      l810 7E6A  
                    l814 7E74                      l822 7E14                      l818 7E7E  
                    l970 7E98                      l976 7EB4             __CFG_CPB$OFF 000000  
                    u407 7F56                      u417 7F6A             __CFG_CPD$OFF 000000  
                    u427 7E16                      u437 7F9A                      u447 7FB0  
                    u457 7FC6                      u467 7E34                      u397 7F42  
                    wreg 000FE8             __CFG_FOSC$HS 000000               _Delay1TCYx 7DFA  
           __CFG_WDT$OFF 000000                     l1102 7F74                     l1052 7EE8  
                   l1044 7EDA             __CFG_PWRT$ON 000000                     _main 7F24  
                   start 0000            __CFG_IESO$OFF 000000          __end_of_Lcd_Cmd 7E40  
          __CFG_MCLRE$ON 000000             ___param_bank 000010            __CFG_PLLDIV$5 000000  
         __CFG_CCP2MX$ON 000000                    ?_main 0001    __size_of_Delay100TCYx 0010  
                  _RCREG 000FAE                    _RCSTA 000FAB                    _SPBRG 000FAF  
          __CFG_USBDIV$2 000000                    _TRISD 000F95                    _TXSTA 000FAC  
          __CFG_WRT0$OFF 000000            __CFG_WRT1$OFF 000000            __CFG_WRT2$OFF 000000  
          __CFG_WRT3$OFF 000000           __CFG_EBTR0$OFF 000000           __CFG_FCMEN$OFF 000000  
         __CFG_EBTR1$OFF 000000           __CFG_EBTR2$OFF 000000           __CFG_EBTR3$OFF 000000  
          __CFG_WRTB$OFF 000000            __CFG_WRTC$OFF 000000            __CFG_WRTD$OFF 000000  
         __CFG_EBTRB$OFF 000000                    status 000FD8           __CFG_ICPRT$OFF 000000  
       __end_of_Lcd_Init 8000         __end_of_Lcd_Port 7E8A          __initialization 7DE8  
           _Delay100TCYx 7E12             __end_of_main 7F8E        main@dado_recebido 0006  
       __end_of_OpenUART 7DFA                   ??_main 0005            __activetblptr 000000  
            ?_Delay1TCYx 0001       __size_of_ReadUSART 001E                ??_Lcd_Cmd 0002  
                 _SPBRGH 000FB0         ??_DelayTXBitUART 0002           __CFG_XINST$OFF 000000  
     __size_of_OpenUSART 0060           __CFG_STVREN$ON 000000               __accesstop 0060  
__end_of__initialization 7DEA          __CFG_PBADEN$OFF 000000       __size_of_WriteUART 003A  
          ___rparam_used 000001           __pcstackCOMRAM 0001      __size_of_Delay1TCYx 000A  
      __end_of_ReadUSART 7E5E                ?_Lcd_Init 0001            ReadUSART@data 0001  
              ?_Lcd_Port 0001        __end_of_OpenUSART 7F24                ?_OpenUART 0001  
      __end_of_WriteUART 7EC4               ??_Lcd_Init 0004               ??_Lcd_Port 0001  
        __CFG_VREGEN$OFF 000000                  _Lcd_Cmd 7E22               ??_OpenUART 0001  
                __Hparam 0000                  __Lparam 0000                  __pcinit 7DE8  
                __ramtop 0800                  __ptext0 7F24                  __ptext1 7E8A  
                __ptext2 7E04                  __ptext3 7DFA                  __ptext4 7E12  
                __ptext5 7E40                  __ptext6 7EC4                  __ptext7 7DF0  
                __ptext8 7F8E                  __ptext9 7E22             ??_Delay1TCYx 0001  
   end_of_initialization 7DEA                _RCSTAbits 000FAB                Lcd_Port@a 0001  
     __end_of_Delay1TCYx 7E04                _PORTBbits 000F81                _TRISBbits 000F93  
              _TRISCbits 000F94                _TXSTAbits 000FAC         Delay100TCYx@unit 0001  
            _BAUDCONbits 000FB8      start_initialization 7DE8                _ReadUSART 7E40  
      __size_of_Lcd_Init 0072        __size_of_Lcd_Port 002C                _OpenUSART 7EC4  
      __size_of_OpenUART 000A         __CFG_LPT1OSC$OFF 000000  __size_of_DelayTXBitUART 000E  
            __pbssCOMRAM 0007               ?_ReadUSART 0001                _WriteUART 7E8A  
             ?_OpenUSART 0001                 ?_Lcd_Cmd 0001            ?_Delay100TCYx 0001  
             ?_WriteUART 0001                 _LATDbits 000F8C                 _PIE1bits 000F9D  
               Lcd_Cmd@a 0003           ??_Delay100TCYx 0001                 _PIR1bits 000F9E  
       __CFG_WDTPS$32768 000000        WriteUART@bitcount 0004              ??_ReadUSART 0001  
               _Lcd_Init 7F8E                 _Lcd_Port 7E5E        WriteUART@uartdata 0003  
            ??_OpenUSART 0003          OpenUSART@config 0003         __size_of_Lcd_Cmd 001E  
               _OpenUART 7DF0                 __Hrparam 0000                 __Lrparam 0000  
         _DelayTXBitUART 7E04              ??_WriteUART 0002                 __ptext10 7E5E  
          __size_of_main 006A           Delay1TCYx@unit 0001   __end_of_DelayTXBitUART 7E12  
  __CFG_CPUDIV$OSC1_PLL2 000000           OpenUSART@spbrg 0001     __end_of_Delay100TCYx 7E22  
        ?_DelayTXBitUART 0001             _USART_Status 0007  
