

Microchip MPLAB XC8 Assembler V2.05 build -831301201 
                                                                                               Thu Mar  5 22:49:21 2020

Microchip MPLAB XC8 C Compiler v2.05 (Free license) build 20181220022703 Og1 
     1                           	processor	18F4525
     2                           	fnconf	rparam,??,?,0
     3                           	opt	pw 120
     4                           	opt	flic
     5                           	psect	cinit,global,reloc=2,class=CODE,delta=1
     6                           	psect	cstackCOMRAM,global,class=COMRAM,space=1,delta=1,noexec
     7                           	psect	text0,global,reloc=2,class=CODE,delta=1
     8                           	psect	intsave_regs,global,class=BIGRAM,space=1,delta=1,noexec
     9                           	psect	rparam,global,class=COMRAM,space=1,delta=1,noexec
    10  0000                     
    11                           ; Version 2.05
    12                           ; Generated 20/12/2018 GMT
    13                           ; 
    14                           ; Copyright © 2018, Microchip Technology Inc. and its subsidiaries ("Microchip")
    15                           ; All rights reserved.
    16                           ; 
    17                           ; This software is developed by Microchip Technology Inc. and its subsidiaries ("Microch
      +                          ip").
    18                           ; 
    19                           ; Redistribution and use in source and binary forms, with or without modification, are
    20                           ; permitted provided that the following conditions are met:
    21                           ; 
    22                           ;     1. Redistributions of source code must retain the above copyright notice, this lis
      +                          t of
    23                           ;        conditions and the following disclaimer.
    24                           ; 
    25                           ;     2. Redistributions in binary form must reproduce the above copyright notice, this 
      +                          list
    26                           ;        of conditions and the following disclaimer in the documentation and/or other
    27                           ;        materials provided with the distribution.
    28                           ; 
    29                           ;     3. Microchip's name may not be used to endorse or promote products derived from th
      +                          is
    30                           ;        software without specific prior written permission.
    31                           ; 
    32                           ; THIS SOFTWARE IS PROVIDED BY MICROCHIP "AS IS" AND ANY EXPRESS OR IMPLIED WARRANTIES,
    33                           ; INCLUDING, BUT NOT LIMITED TO, THE IMPLIED WARRANTIES OF MERCHANTABILITY AND FITNESS F
      +                          OR
    34                           ; PURPOSE ARE DISCLAIMED.  IN NO EVENT SHALL MICROCHIP BE LIABLE FOR ANY DIRECT, INDIREC
      +                          T,
    35                           ; INCIDENTAL, SPECIAL, EXEMPLARY, OR CONSEQUENTIAL DAMAGES (INCLUDING BUT NOT LIMITED TO
    36                           ; PROCUREMENT OF SUBSTITUTE GOODS OR SERVICES; LOSS OF USE, DATA OR PROFITS; OR BUSINESS
    37                           ; INTERRUPTION) HOWSOEVER CAUSED AND ON ANY THEORY OF LIABILITY, WHETHER IN CONTRACT, ST
      +                          RICT
    38                           ; LIABILITY, OR TORT (INCLUDING NEGLIGENCE OR OTHERWISE) ARISING IN ANY WAY OUT OF THE U
      +                          SE OF
    39                           ; THIS SOFTWARE, EVEN IF ADVISED OF THE POSSIBILITY OF SUCH DAMAGE.
    40                           ; 
    41                           ; 
    42                           ; Code-generator required, PIC18F4525 Definitions
    43                           ; 
    44                           ; SFR Addresses
    45  0000                     _ADCON1	set	4033
    46  0000                     _ADCON0	set	4034
    47  0000                     _TRISB	set	3987
    48  0000                     _TRISA	set	3986
    49  0000                     _OSCCON	set	4051
    50                           
    51                           ; #config settings
    52                           
    53                           	psect	cinit
    54  00BFE6                     __pcinit:
    55                           	opt callstack 0
    56  00BFE6                     start_initialization:
    57                           	opt callstack 0
    58  00BFE6                     __initialization:
    59                           	opt callstack 0
    60  00BFE6                     end_of_initialization:
    61                           	opt callstack 0
    62  00BFE6                     __end_of__initialization:
    63                           	opt callstack 0
    64  00BFE6  0100               	movlb	0
    65  00BFE8  EFF6  F05F         	goto	_main	;jump to C main() function
    66                           
    67                           	psect	cstackCOMRAM
    68  000000                     __pcstackCOMRAM:
    69                           	opt callstack 0
    70  000000                     
    71                           ; 1 bytes @ 0x0
    72 ;;
    73 ;;Main: autosize = 0, tempsize = 0, incstack = 0, save=0
    74 ;;
    75 ;; *************** function _main *****************
    76 ;; Defined at:
    77 ;;		line 11 in file "main.c"
    78 ;; Parameters:    Size  Location     Type
    79 ;;		None
    80 ;; Auto vars:     Size  Location     Type
    81 ;;		None
    82 ;; Return value:  Size  Location     Type
    83 ;;                  1    wreg      void 
    84 ;; Registers used:
    85 ;;		wreg, status,2
    86 ;; Tracked objects:
    87 ;;		On entry : 0/0
    88 ;;		On exit  : 0/0
    89 ;;		Unchanged: 0/0
    90 ;; Data sizes:     COMRAM   BANK0   BANK1   BANK2   BANK3   BANK4   BANK5   BANK6   BANK7   BANK8   BANK9  BANK10  BANK1
      +1  BANK12  BANK13  BANK14  BANK15
    91 ;;      Params:         0       0       0       0       0       0       0       0       0       0       0       0       
      +0       0       0       0       0
    92 ;;      Locals:         0       0       0       0       0       0       0       0       0       0       0       0       
      +0       0       0       0       0
    93 ;;      Temps:          0       0       0       0       0       0       0       0       0       0       0       0       
      +0       0       0       0       0
    94 ;;      Totals:         0       0       0       0       0       0       0       0       0       0       0       0       
      +0       0       0       0       0
    95 ;;Total ram usage:        0 bytes
    96 ;; This function calls:
    97 ;;		Nothing
    98 ;; This function is called by:
    99 ;;		Startup code after reset
   100 ;; This function uses a non-reentrant model
   101 ;;
   102                           
   103                           	psect	text0
   104  00BFEC                     __ptext0:
   105                           	opt callstack 0
   106  00BFEC                     _main:
   107                           	opt callstack 31
   108                           
   109                           ;main.c: 13:     OSCCON = 0x00;
   110                           
   111                           ;incstack = 0
   112  00BFEC  0E00               	movlw	0
   113  00BFEE  6ED3               	movwf	4051,c	;volatile
   114                           
   115                           ;main.c: 15:     TRISA = 0xFF;
   116  00BFF0  6892               	setf	3986,c	;volatile
   117                           
   118                           ;main.c: 16:     TRISB = 0x00;
   119  00BFF2  0E00               	movlw	0
   120  00BFF4  6E93               	movwf	3987,c	;volatile
   121                           
   122                           ;main.c: 18:     ADCON0 = 0x00;
   123  00BFF6  0E00               	movlw	0
   124  00BFF8  6EC2               	movwf	4034,c	;volatile
   125                           
   126                           ;main.c: 19:     ADCON1 = 0xFF;
   127  00BFFA  68C1               	setf	4033,c	;volatile
   128  00BFFC  EF00  F000         	goto	start
   129  00C000                     __end_of_main:
   130                           	opt callstack 0
   131  0000                     
   132                           	psect	rparam
   133  0000                     tosu	equ	0xFFF
   134                           tosh	equ	0xFFE
   135                           tosl	equ	0xFFD
   136                           stkptr	equ	0xFFC
   137                           pclatu	equ	0xFFB
   138                           pclath	equ	0xFFA
   139                           pcl	equ	0xFF9
   140                           tblptru	equ	0xFF8
   141                           tblptrh	equ	0xFF7
   142                           tblptrl	equ	0xFF6
   143                           tablat	equ	0xFF5
   144                           prodh	equ	0xFF4
   145                           prodl	equ	0xFF3
   146                           indf0	equ	0xFEF
   147                           postinc0	equ	0xFEE
   148                           postdec0	equ	0xFED
   149                           preinc0	equ	0xFEC
   150                           plusw0	equ	0xFEB
   151                           fsr0h	equ	0xFEA
   152                           fsr0l	equ	0xFE9
   153                           wreg	equ	0xFE8
   154                           indf1	equ	0xFE7
   155                           postinc1	equ	0xFE6
   156                           postdec1	equ	0xFE5
   157                           preinc1	equ	0xFE4
   158                           plusw1	equ	0xFE3
   159                           fsr1h	equ	0xFE2
   160                           fsr1l	equ	0xFE1
   161                           bsr	equ	0xFE0
   162                           indf2	equ	0xFDF
   163                           postinc2	equ	0xFDE
   164                           postdec2	equ	0xFDD
   165                           preinc2	equ	0xFDC
   166                           plusw2	equ	0xFDB
   167                           fsr2h	equ	0xFDA
   168                           fsr2l	equ	0xFD9
   169                           status	equ	0xFD8


Data Sizes:
    Strings     0
    Constant    0
    Data        0
    BSS         0
    Persistent  0
    Stack       0

Auto Spaces:
    Space          Size  Autos    Used
    COMRAM          127      0       0
    BANK0           128      0       0
    BANK1           256      0       0
    BANK2           256      0       0
    BANK3           256      0       0
    BANK4           256      0       0
    BANK5           256      0       0
    BANK6           256      0       0
    BANK7           256      0       0
    BANK8           256      0       0
    BANK9           256      0       0
    BANK10          256      0       0
    BANK11          256      0       0
    BANK12          256      0       0
    BANK13          256      0       0
    BANK14          256      0       0
    BANK15          128      0       0

Pointer List with Targets:

    None.

Critical Paths under _main in COMRAM

    None.

Critical Paths under _main in BANK0

    None.

Critical Paths under _main in BANK1

    None.

Critical Paths under _main in BANK2

    None.

Critical Paths under _main in BANK3

    None.

Critical Paths under _main in BANK4

    None.

Critical Paths under _main in BANK5

    None.

Critical Paths under _main in BANK6

    None.

Critical Paths under _main in BANK7

    None.

Critical Paths under _main in BANK8

    None.

Critical Paths under _main in BANK9

    None.

Critical Paths under _main in BANK10

    None.

Critical Paths under _main in BANK11

    None.

Critical Paths under _main in BANK12

    None.

Critical Paths under _main in BANK13

    None.

Critical Paths under _main in BANK14

    None.

Critical Paths under _main in BANK15

    None.

Call Graph Tables:

 ---------------------------------------------------------------------------------
 (Depth) Function   	        Calls       Base Space   Used Autos Params    Refs
 ---------------------------------------------------------------------------------
 (0) _main                                                 0     0      0       0
 ---------------------------------------------------------------------------------
 Estimated maximum stack depth 0
 ---------------------------------------------------------------------------------

 Call Graph Graphs:

 _main (ROOT)

 Address spaces:
Name               Size   Autos  Total    Cost      Usage
BITCOMRAM           7F      0       0       0        0.0%
EEDATA             400      0       0       0        0.0%
NULL                 0      0       0       0        0.0%
CODE                 0      0       0       0        0.0%
COMRAM              7F      0       0       1        0.0%
STACK                0      0       0       2        0.0%
DATA                 0      0       0       3        0.0%
BITBANK0            80      0       0       4        0.0%
BANK0               80      0       0       5        0.0%
BITBANK1           100      0       0       6        0.0%
BANK1              100      0       0       7        0.0%
BITBANK2           100      0       0       8        0.0%
BANK2              100      0       0       9        0.0%
BITBANK3           100      0       0      10        0.0%
BANK3              100      0       0      11        0.0%
BITBANK4           100      0       0      12        0.0%
BANK4              100      0       0      13        0.0%
BITBANK5           100      0       0      14        0.0%
BANK5              100      0       0      15        0.0%
BITBANK6           100      0       0      16        0.0%
BANK6              100      0       0      17        0.0%
BITBANK7           100      0       0      18        0.0%
BANK7              100      0       0      19        0.0%
BITBANK8           100      0       0      20        0.0%
BANK8              100      0       0      21        0.0%
BITBANK9           100      0       0      22        0.0%
BANK9              100      0       0      23        0.0%
BITBANK10          100      0       0      24        0.0%
BANK10             100      0       0      25        0.0%
BITBANK11          100      0       0      26        0.0%
BANK11             100      0       0      27        0.0%
BITBANK12          100      0       0      28        0.0%
BANK12             100      0       0      29        0.0%
BITBANK13          100      0       0      30        0.0%
BANK13             100      0       0      31        0.0%
BITBANK14          100      0       0      32        0.0%
BANK14             100      0       0      33        0.0%
ABS                  0      0       0      34        0.0%
BITBANK15           80      0       0      35        0.0%
BANK15              80      0       0      36        0.0%
BIGRAM             F7F      0       0      37        0.0%
BITSFR               0      0       0     200        0.0%
SFR                  0      0       0     200        0.0%


Microchip Technology PIC18 Macro Assembler V2.05 build -831301201 
Symbol Table                                                                                   Thu Mar  5 22:49:21 2020

                   _main BFEC                     start 0000             ___param_bank 000000  
                  ?_main 0000                    _TRISA 000F92                    _TRISB 000F93  
        __initialization BFE6             __end_of_main C000                   ??_main 0000  
          __activetblptr 000000                   _ADCON0 000FC2                   _ADCON1 000FC1  
                 _OSCCON 000FD3               __accesstop 0080  __end_of__initialization BFE6  
          ___rparam_used 000001           __pcstackCOMRAM 0000                  __Hparam 0000  
                __Lparam 0000                  __pcinit BFE6                  __ramtop 1000  
                __ptext0 BFEC     end_of_initialization BFE6      start_initialization BFE6  
               __Hrparam 0000                 __Lrparam 0000            __size_of_main 0014  
